INFO:__main__:PEX 02 start.
INFO:__main__:Connecting to autopilot...
INFO:autopilot:ArduCopter V4.1.0-dev (26a3a02c)
INFO:autopilot:C22MKUTT
INFO:autopilot:Frame: QUAD
INFO:__main__:Connecting to autopilot...
INFO:__main__:Looking for mission to execute...
INFO:__main__:Connecting to autopilot...
INFO:__main__:Connecting to autopilot...
INFO:__main__:Connecting to autopilot...
INFO:autopilot:Arming motors
INFO:__main__:Connecting to autopilot...
INFO:__main__:Connecting to autopilot...
INFO:__main__:Connecting to autopilot...
INFO:__main__:Connecting to autopilot...
INFO:__main__:Connecting to autopilot...
INFO:__main__:Connecting to autopilot...
INFO:__main__:Connecting to autopilot...
INFO:__main__:Connecting to autopilot...
INFO:__main__:Connecting to autopilot...
INFO:__main__:Connecting to autopilot...
INFO:autopilot:EKF2 IMU0 in-flight yaw alignment complete
INFO:autopilot:EKF2 IMU1 in-flight yaw alignment complete
INFO:__main__:Connecting to autopilot...
INFO:__main__:Connecting to autopilot...
INFO:__main__:Connecting to autopilot...
INFO:__main__:Connecting to autopilot...
INFO:__main__:Connecting to autopilot...
INFO:__main__:Connecting to autopilot...
INFO:__main__:Connecting to autopilot...
INFO:__main__:Connecting to autopilot...
INFO:__main__:Connecting to autopilot...
INFO:__main__:Connecting to autopilot...
INFO:__main__:Connecting to autopilot...
INFO:__main__:Connecting to autopilot...
INFO:__main__:Connecting to autopilot...
INFO:__main__:Connecting to autopilot...
INFO:__main__:Connecting to autopilot...
INFO:__main__:Connecting to autopilot...
INFO:__main__:Connecting to autopilot...
INFO:autopilot:Mission: 1 Takeoff
INFO:__main__:Connecting to autopilot...
INFO:root:Searching for target...
INFO:root:Starting camera feed...
INFO:root:configuring rgb stream.
INFO:root:Starting camera streams...
INFO:autopilot:Mission: 2 WP
INFO:root:No target found; continuing search...
INFO:root:No target found; continuing search...
INFO:root:No target found; continuing search...
INFO:root:No target found; continuing search...
INFO:root:No target found; continuing search...
INFO:root:No target found; continuing search...
INFO:root:No target found; continuing search...
INFO:root:No target found; continuing search...
INFO:root:No target found; continuing search...
INFO:root:No target found; continuing search...
INFO:root:No target found; continuing search...
INFO:root:No target found; continuing search...
INFO:root:No target found; continuing search...
INFO:root:No target found; continuing search...
INFO:root:No target found; continuing search...
INFO:root:No target found; continuing search...
INFO:root:No target found; continuing search...
INFO:root:No target found; continuing search...
INFO:root:No target found; continuing search...
INFO:root:No target found; continuing search...
INFO:root:No target found; continuing search...
INFO:root:No target found; continuing search...
INFO:root:No target found; continuing search...
INFO:root:No target found; continuing search...
INFO:root:No target found; continuing search...
INFO:root:No target found; continuing search...
INFO:root:No target found; continuing search...
INFO:root:No target found; continuing search...
INFO:root:No target found; continuing search...
INFO:root:No target found; continuing search...
INFO:root:No target found; continuing search...
INFO:root:No target found; continuing search...
INFO:root:No target found; continuing search...
INFO:root:No target found; continuing search...
INFO:root:No target found; continuing search...
INFO:root:No target found; continuing search...
INFO:root:No target found; continuing search...
INFO:root:No target found; continuing search...
INFO:root:No target found; continuing search...
INFO:root:No target found; continuing search...
INFO:root:No target found; continuing search...
INFO:root:No target found; continuing search...
INFO:root:No target found; continuing search...
INFO:root:No target found; continuing search...
INFO:root:No target found; continuing search...
INFO:root:No target found; continuing search...
INFO:root:No target found; continuing search...
INFO:root:No target found; continuing search...
INFO:root:No target found; continuing search...
INFO:root:No target found; continuing search...
INFO:root:No target found; continuing search...
INFO:root:No target found; continuing search...
INFO:root:No target found; continuing search...
INFO:root:No target found; continuing search...
INFO:root:No target found; continuing search...
INFO:root:No target found; continuing search...
INFO:root:No target found; continuing search...
INFO:root:No target found; continuing search...
INFO:root:No target found; continuing search...
INFO:root:No target found; continuing search...
INFO:root:No target found; continuing search...
INFO:root:No target found; continuing search...
INFO:root:No target found; continuing search...
INFO:root:No target found; continuing search...
INFO:root:No target found; continuing search...
INFO:root:No target found; continuing search...
INFO:root:No target found; continuing search...
INFO:root:No target found; continuing search...
INFO:root:No target found; continuing search...
INFO:root:No target found; continuing search...
INFO:root:No target found; continuing search...
INFO:root:No target found; continuing search...
INFO:root:No target found; continuing search...
INFO:root:No target found; continuing search...
INFO:root:No target found; continuing search...
INFO:root:No target found; continuing search...
INFO:root:No target found; continuing search...
INFO:root:No target found; continuing search...
INFO:root:No target found; continuing search...
INFO:root:No target found; continuing search...
INFO:root:No target found; continuing search...
INFO:root:No target found; continuing search...
INFO:root:No target found; continuing search...
INFO:root:No target found; continuing search...
INFO:root:No target found; continuing search...
INFO:root:No target found; continuing search...
INFO:root:No target found; continuing search...
INFO:root:No target found; continuing search...
INFO:root:No target found; continuing search...
INFO:root:No target found; continuing search...
INFO:root:No target found; continuing search...
INFO:root:No target found; continuing search...
INFO:root:No target found; continuing search...
INFO:root:No target found; continuing search...
INFO:root:No target found; continuing search...
INFO:root:No target found; continuing search...
INFO:root:No target found; continuing search...
INFO:root:No target found; continuing search...
INFO:root:No target found; continuing search...
INFO:root:No target found; continuing search...
INFO:root:No target found; continuing search...
INFO:root:No target found; continuing search...
INFO:root:No target found; continuing search...
INFO:root:No target found; continuing search...
INFO:root:No target found; continuing search...
INFO:root:No target found; continuing search...
INFO:root:No target found; continuing search...
INFO:root:No target found; continuing search...
INFO:root:No target found; continuing search...
INFO:root:No target found; continuing search...
INFO:root:No target found; continuing search...
INFO:root:No target found; continuing search...
INFO:root:No target found; continuing search...
INFO:root:No target found; continuing search...
INFO:root:No target found; continuing search...
INFO:root:No target found; continuing search...
INFO:root:No target found; continuing search...
INFO:root:No target found; continuing search...
INFO:root:No target found; continuing search...
INFO:root:No target found; continuing search...
INFO:root:No target found; continuing search...
INFO:root:No target found; continuing search...
INFO:root:No target found; continuing search...
INFO:root:No target found; continuing search...
INFO:root:No target found; continuing search...
INFO:root:No target found; continuing search...
INFO:root:No target found; continuing search...
INFO:root:No target found; continuing search...
INFO:root:No target found; continuing search...
INFO:root:(Potential) target acquired @((168, 45)) with radius 12.530064582824707.
INFO:root:Locking in on lat 21.321215, lon -157.9242748, alt 19.997, heading 198.
INFO:root:Anticipated change in position towards target: dx=-152.0, dy=196.0
INFO:root:Inside target zone: False.
INFO:root:Need to confirm target.
INFO:__main__:Connecting to autopilot...
INFO:__main__:Connecting to autopilot...
INFO:root:(Potential) target acquired @((178, 58)) with radius 27.658733367919922.
INFO:root:Anticipated change in position towards target: dx=-140.0, dy=181.0
INFO:root:Inside target zone: False.
INFO:root:Confirming target...
INFO:root:Target confirmed.
INFO:root:Positioning towards target...
INFO:__main__:Connecting to autopilot...
INFO:__main__:Connecting to autopilot...
INFO:__main__:Connecting to autopilot...
INFO:__main__:Connecting to autopilot...
INFO:__main__:Connecting to autopilot...
INFO:__main__:Connecting to autopilot...
INFO:__main__:Connecting to autopilot...
INFO:__main__:Connecting to autopilot...
INFO:__main__:Connecting to autopilot...
INFO:__main__:Connecting to autopilot...
INFO:__main__:Connecting to autopilot...
INFO:__main__:Connecting to autopilot...
INFO:__main__:Connecting to autopilot...
INFO:__main__:Connecting to autopilot...
INFO:__main__:Connecting to autopilot...
INFO:__main__:Connecting to autopilot...
INFO:__main__:Connecting to autopilot...
INFO:__main__:Connecting to autopilot...
INFO:__main__:Connecting to autopilot...
INFO:__main__:Connecting to autopilot...
INFO:__main__:Connecting to autopilot...
INFO:__main__:Connecting to autopilot...
INFO:__main__:Connecting to autopilot...
INFO:__main__:Connecting to autopilot...
INFO:__main__:Connecting to autopilot...
INFO:__main__:Connecting to autopilot...
INFO:__main__:Connecting to autopilot...
INFO:__main__:Connecting to autopilot...
INFO:__main__:Connecting to autopilot...
INFO:__main__:Connecting to autopilot...
INFO:__main__:Connecting to autopilot...
INFO:__main__:Connecting to autopilot...
INFO:__main__:Connecting to autopilot...
INFO:__main__:Connecting to autopilot...
INFO:root:Targeting... determined changes in velocities: X: -1, Y:-1, Z:0.5.
INFO:__main__:Connecting to autopilot...
INFO:root:No target found; continuing search...
INFO:root:Target lost.
INFO:root:Re-acquiring target...
INFO:__main__:Connecting to autopilot...
INFO:__main__:Connecting to autopilot...
INFO:__main__:Connecting to autopilot...
INFO:__main__:Connecting to autopilot...
INFO:__main__:Connecting to autopilot...
INFO:__main__:Connecting to autopilot...
INFO:__main__:Connecting to autopilot...
INFO:__main__:Connecting to autopilot...
INFO:__main__:Connecting to autopilot...
INFO:__main__:Connecting to autopilot...
INFO:__main__:Connecting to autopilot...
INFO:__main__:Connecting to autopilot...
INFO:__main__:Connecting to autopilot...
INFO:root:(Potential) target acquired @((97, 454)) with radius 46.71733474731445.
INFO:root:Anticipated change in position towards target: dx=-219.5, dy=-218.0
INFO:root:Inside target zone: False.
INFO:root:Targeting... determined changes in velocities: X: -1, Y:1, Z:0.5.
INFO:__main__:Connecting to autopilot...
INFO:root:(Potential) target acquired @((34, 347)) with radius 46.6209602355957.
INFO:root:Anticipated change in position towards target: dx=-279.0, dy=-88.5
INFO:root:Inside target zone: False.
INFO:root:Targeting... determined changes in velocities: X: -1, Y:1, Z:0.5.
INFO:__main__:Connecting to autopilot...
INFO:root:(Potential) target acquired @((156, 82)) with radius 59.064056396484375.
INFO:root:Anticipated change in position towards target: dx=-154.96202087402344, dy=154.64486694335938
INFO:root:Inside target zone: False.
INFO:root:Targeting... determined changes in velocities: X: -0.5, Y:-0.5, Z:0.5.
INFO:__main__:Connecting to autopilot...
INFO:root:(Potential) target acquired @((430, 109)) with radius 45.739776611328125.
INFO:root:Anticipated change in position towards target: dx=116.66769409179688, dy=126.62974548339844
INFO:root:Inside target zone: False.
INFO:root:Targeting... determined changes in velocities: X: 0.5, Y:-0.5, Z:0.5.
INFO:__main__:Connecting to autopilot...
INFO:root:(Potential) target acquired @((456, 161)) with radius 47.09803009033203.
INFO:root:Anticipated change in position towards target: dx=135.58242797851562, dy=80.17268371582031
INFO:root:Inside target zone: False.
INFO:root:Targeting... determined changes in velocities: X: 0.5, Y:-0.5, Z:0.5.
INFO:__main__:Connecting to autopilot...
INFO:root:(Potential) target acquired @((436, 126)) with radius 43.324459075927734.
INFO:root:Anticipated change in position towards target: dx=117.0, dy=116.5
INFO:root:Inside target zone: False.
INFO:root:Targeting... determined changes in velocities: X: 0.5, Y:-0.5, Z:0.5.
INFO:__main__:Connecting to autopilot...
INFO:root:(Potential) target acquired @((446, 72)) with radius 48.86385726928711.
INFO:root:Anticipated change in position towards target: dx=115.5, dy=175.0
INFO:root:Inside target zone: False.
INFO:root:Targeting... determined changes in velocities: X: 0.5, Y:-0.5, Z:0.5.
INFO:__main__:Connecting to autopilot...
INFO:root:(Potential) target acquired @((452, 55)) with radius 65.55802154541016.
INFO:root:Anticipated change in position towards target: dx=124.905517578125, dy=180.1249122619629
INFO:root:Inside target zone: False.
INFO:root:Targeting... determined changes in velocities: X: 0.5, Y:-0.5, Z:0.5.
INFO:__main__:Connecting to autopilot...
INFO:root:(Potential) target acquired @((450, 51)) with radius 62.500099182128906.
INFO:root:Anticipated change in position towards target: dx=121.0, dy=183.0
INFO:root:Inside target zone: False.
INFO:root:Targeting... determined changes in velocities: X: 0.5, Y:-0.5, Z:0.5.
INFO:__main__:Connecting to autopilot...
INFO:root:(Potential) target acquired @((417, 41)) with radius 13.530158996582031.
INFO:root:Anticipated change in position towards target: dx=68.5, dy=191.5
INFO:root:Inside target zone: False.
INFO:root:Targeting... determined changes in velocities: X: 0.5, Y:-0.5, Z:0.5.
INFO:__main__:Connecting to autopilot...
INFO:root:No target found; continuing search...
INFO:root:Target lost.
INFO:root:Re-acquiring target...
INFO:__main__:Connecting to autopilot...
INFO:__main__:Connecting to autopilot...
INFO:__main__:Connecting to autopilot...
INFO:__main__:Connecting to autopilot...
INFO:__main__:Connecting to autopilot...
INFO:__main__:Connecting to autopilot...
INFO:__main__:Connecting to autopilot...
INFO:__main__:Connecting to autopilot...
INFO:__main__:Connecting to autopilot...
INFO:__main__:Connecting to autopilot...
INFO:__main__:Connecting to autopilot...
INFO:__main__:Connecting to autopilot...
INFO:__main__:Connecting to autopilot...
INFO:__main__:Connecting to autopilot...
INFO:__main__:Connecting to autopilot...
INFO:__main__:Connecting to autopilot...
INFO:__main__:Connecting to autopilot...
INFO:__main__:Connecting to autopilot...
INFO:__main__:Connecting to autopilot...
INFO:__main__:Connecting to autopilot...
INFO:__main__:Connecting to autopilot...
INFO:__main__:Connecting to autopilot...
INFO:root:(Potential) target acquired @((454, 79)) with radius 44.95936965942383.
INFO:root:Anticipated change in position towards target: dx=132.11383056640625, dy=166.36178588867188
INFO:root:Inside target zone: False.
INFO:root:Targeting... determined changes in velocities: X: 0.5, Y:-0.5, Z:0.5.
INFO:__main__:Connecting to autopilot...
INFO:root:(Potential) target acquired @((312, 53)) with radius 40.871849060058594.
INFO:root:Anticipated change in position towards target: dx=-17.5, dy=189.0
INFO:root:Inside target zone: False.
INFO:root:Targeting... determined changes in velocities: X: -0.5, Y:-0.5, Z:0.5.
INFO:__main__:Connecting to autopilot...
INFO:root:(Potential) target acquired @((145, 54)) with radius 35.84699630737305.
INFO:root:Anticipated change in position towards target: dx=-182.5, dy=182.5
INFO:root:Inside target zone: False.
INFO:root:Targeting... determined changes in velocities: X: -0.5, Y:-0.5, Z:0.5.
INFO:__main__:Connecting to autopilot...
INFO:root:(Potential) target acquired @((114, 64)) with radius 55.52036666870117.
INFO:root:Anticipated change in position towards target: dx=-200.5, dy=166.5
INFO:root:Inside target zone: False.
INFO:root:Targeting... determined changes in velocities: X: -0.5, Y:-0.5, Z:0.5.
INFO:__main__:Connecting to autopilot...
INFO:root:(Potential) target acquired @((124, 90)) with radius 55.278018951416016.
INFO:root:Anticipated change in position towards target: dx=-195.4267120361328, dy=140.1879425048828
INFO:root:Inside target zone: False.
INFO:root:Targeting... determined changes in velocities: X: -0.5, Y:-0.5, Z:0.5.
INFO:__main__:Connecting to autopilot...
INFO:root:(Potential) target acquired @((114, 105)) with radius 55.684478759765625.
INFO:root:Anticipated change in position towards target: dx=-205.39149475097656, dy=125.1011734008789
INFO:root:Inside target zone: False.
INFO:root:Targeting... determined changes in velocities: X: -0.5, Y:-0.5, Z:0.5.
INFO:__main__:Connecting to autopilot...
INFO:root:(Potential) target acquired @((97, 111)) with radius 58.15496063232422.
INFO:root:Anticipated change in position towards target: dx=-223.6875, dy=117.390625
INFO:root:Inside target zone: False.
INFO:root:Targeting... determined changes in velocities: X: -0.5, Y:-0.5, Z:0.5.
INFO:__main__:Connecting to autopilot...
INFO:root:(Potential) target acquired @((84, 123)) with radius 60.69282150268555.
INFO:root:Anticipated change in position towards target: dx=-237.7670669555664, dy=106.557861328125
INFO:root:Inside target zone: False.
INFO:root:Targeting... determined changes in velocities: X: -0.5, Y:-0.5, Z:0.5.
INFO:__main__:Connecting to autopilot...
INFO:root:(Potential) target acquired @((73, 137)) with radius 62.058902740478516.
INFO:root:Anticipated change in position towards target: dx=-248.1475830078125, dy=91.31552124023438
INFO:root:Inside target zone: False.
INFO:root:Targeting... determined changes in velocities: X: -0.5, Y:-0.5, Z:0.5.
INFO:__main__:Connecting to autopilot...
INFO:root:(Potential) target acquired @((59, 153)) with radius 63.53788375854492.
INFO:root:Anticipated change in position towards target: dx=-261.2150077819824, dy=76.07054138183594
INFO:root:Inside target zone: False.
INFO:root:Targeting... determined changes in velocities: X: -0.5, Y:-0.5, Z:0.5.
INFO:__main__:Connecting to autopilot...
INFO:root:(Potential) target acquired @((50, 165)) with radius 64.04891204833984.
INFO:root:Anticipated change in position towards target: dx=-273.0, dy=59.5
INFO:root:Inside target zone: False.
INFO:root:Targeting... determined changes in velocities: X: -0.5, Y:-0.5, Z:0.5.
INFO:__main__:Connecting to autopilot...
INFO:root:(Potential) target acquired @((40, 178)) with radius 66.33636474609375.
INFO:root:Anticipated change in position towards target: dx=-289.0, dy=44.0
INFO:root:Inside target zone: False.
INFO:root:Targeting... determined changes in velocities: X: -0.5, Y:-0.5, Z:0.5.
INFO:__main__:Connecting to autopilot...
INFO:root:(Potential) target acquired @((31, 187)) with radius 56.87582778930664.
INFO:root:Anticipated change in position towards target: dx=-299.9137783050537, dy=38.43255615234375
INFO:root:Inside target zone: False.
INFO:root:Targeting... determined changes in velocities: X: -0.5, Y:-0.5, Z:0.5.
INFO:__main__:Connecting to autopilot...
INFO:root:(Potential) target acquired @((27, 194)) with radius 34.91975402832031.
INFO:root:Anticipated change in position towards target: dx=-301.6025638580322, dy=43.5
INFO:root:Inside target zone: False.
INFO:root:Targeting... determined changes in velocities: X: -0.5, Y:-0.5, Z:0.5.
INFO:__main__:Connecting to autopilot...
INFO:root:(Potential) target acquired @((22, 212)) with radius 17.85825538635254.
INFO:root:Anticipated change in position towards target: dx=-299.7926826477051, dy=25.06097412109375
INFO:root:Inside target zone: False.
INFO:root:Targeting... determined changes in velocities: X: -0.5, Y:-0.5, Z:0.5.
INFO:__main__:Connecting to autopilot...
INFO:root:No target found; continuing search...
INFO:root:Target lost.
INFO:root:Re-acquiring target...
INFO:__main__:Connecting to autopilot...
INFO:__main__:Connecting to autopilot...
INFO:__main__:Connecting to autopilot...
INFO:__main__:Connecting to autopilot...
INFO:__main__:Connecting to autopilot...
INFO:__main__:Connecting to autopilot...
INFO:__main__:Connecting to autopilot...
INFO:__main__:Connecting to autopilot...
INFO:__main__:Connecting to autopilot...
INFO:__main__:Connecting to autopilot...
INFO:__main__:Connecting to autopilot...
INFO:__main__:Connecting to autopilot...
INFO:__main__:Connecting to autopilot...
INFO:__main__:Connecting to autopilot...
INFO:__main__:Connecting to autopilot...
INFO:__main__:Connecting to autopilot...
INFO:__main__:Connecting to autopilot...
INFO:__main__:Connecting to autopilot...
INFO:__main__:Connecting to autopilot...
INFO:__main__:Connecting to autopilot...
INFO:__main__:Connecting to autopilot...
INFO:__main__:Connecting to autopilot...
INFO:__main__:Connecting to autopilot...
INFO:__main__:Connecting to autopilot...
INFO:__main__:Connecting to autopilot...
INFO:__main__:Connecting to autopilot...
INFO:__main__:Connecting to autopilot...
INFO:__main__:Connecting to autopilot...
INFO:__main__:Connecting to autopilot...
INFO:__main__:Connecting to autopilot...
INFO:__main__:Connecting to autopilot...
INFO:root:(Potential) target acquired @((566, 421)) with radius 56.905723571777344.
INFO:root:Anticipated change in position towards target: dx=245.0, dy=-175.0
INFO:root:Inside target zone: False.
INFO:root:Targeting... determined changes in velocities: X: 0.5, Y:0.5, Z:0.5.
INFO:__main__:Connecting to autopilot...
INFO:root:(Potential) target acquired @((462, 449)) with radius 20.86274528503418.
INFO:root:Anticipated change in position towards target: dx=130.0, dy=-214.0
INFO:root:Inside target zone: False.
INFO:root:Targeting... determined changes in velocities: X: 0.5, Y:0.5, Z:0.5.
INFO:__main__:Connecting to autopilot...
INFO:root:(Potential) target acquired @((99, 460)) with radius 15.207006454467773.
INFO:root:Anticipated change in position towards target: dx=-228.0, dy=-219.5
INFO:root:Inside target zone: False.
INFO:root:Targeting... determined changes in velocities: X: -0.5, Y:0.5, Z:0.5.
INFO:__main__:Connecting to autopilot...
INFO:root:(Potential) target acquired @((24, 413)) with radius 19.723182678222656.
INFO:root:Anticipated change in position towards target: dx=-290.5, dy=-171.5
INFO:root:Inside target zone: False.
INFO:root:Targeting... determined changes in velocities: X: -0.5, Y:0.5, Z:0.5.
INFO:__main__:Connecting to autopilot...
INFO:root:(Potential) target acquired @((34, 377)) with radius 26.9119930267334.
INFO:root:Anticipated change in position towards target: dx=-284.5, dy=-135.5
INFO:root:Inside target zone: False.
INFO:root:Targeting... determined changes in velocities: X: -0.5, Y:0.5, Z:0.5.
INFO:__main__:Connecting to autopilot...
INFO:root:(Potential) target acquired @((42, 362)) with radius 47.98336410522461.
INFO:root:Anticipated change in position towards target: dx=-272.319091796875, dy=-118.14962768554688
INFO:root:Inside target zone: False.
INFO:root:Targeting... determined changes in velocities: X: -0.5, Y:0.5, Z:0.5.
INFO:__main__:Connecting to autopilot...
INFO:root:(Potential) target acquired @((44, 347)) with radius 53.967742919921875.
INFO:root:Anticipated change in position towards target: dx=-272.07991790771484, dy=-102.64651489257812
INFO:root:Inside target zone: False.
INFO:root:Targeting... determined changes in velocities: X: -0.5, Y:0.5, Z:0.5.
INFO:__main__:Connecting to autopilot...
INFO:root:(Potential) target acquired @((43, 335)) with radius 49.4466438293457.
INFO:root:Anticipated change in position towards target: dx=-271.9152412414551, dy=-91.66781616210938
INFO:root:Inside target zone: False.
INFO:root:Targeting... determined changes in velocities: X: -0.5, Y:0.5, Z:0.5.
INFO:__main__:Connecting to autopilot...
INFO:root:(Potential) target acquired @((43, 318)) with radius 50.60542678833008.
INFO:root:Anticipated change in position towards target: dx=-271.1762580871582, dy=-73.69424438476562
INFO:root:Inside target zone: False.
INFO:root:Targeting... determined changes in velocities: X: -0.5, Y:0.5, Z:0.5.
INFO:__main__:Connecting to autopilot...
INFO:root:(Potential) target acquired @((46, 299)) with radius 54.10230255126953.
INFO:root:Anticipated change in position towards target: dx=-268.53171157836914, dy=-53.898162841796875
INFO:root:Inside target zone: False.
INFO:root:Targeting... determined changes in velocities: X: -0.5, Y:0.5, Z:0.5.
INFO:__main__:Connecting to autopilot...
INFO:root:(Potential) target acquired @((47, 280)) with radius 58.34993362426758.
INFO:root:Anticipated change in position towards target: dx=-267.2718620300293, dy=-33.756866455078125
INFO:root:Inside target zone: False.
INFO:root:Targeting... determined changes in velocities: X: -0.5, Y:0.5, Z:0.5.
INFO:__main__:Connecting to autopilot...
INFO:root:(Potential) target acquired @((49, 260)) with radius 60.753116607666016.
INFO:root:Anticipated change in position towards target: dx=-265.6773147583008, dy=-12.55194091796875
INFO:root:Inside target zone: False.
INFO:root:Targeting... determined changes in velocities: X: -0.5, Y:0.5, Z:0.5.
INFO:__main__:Connecting to autopilot...
INFO:root:(Potential) target acquired @((50, 239)) with radius 63.176513671875.
INFO:root:Anticipated change in position towards target: dx=-263.3095169067383, dy=8.774429321289062
INFO:root:Inside target zone: False.
INFO:root:Targeting... determined changes in velocities: X: -0.5, Y:0.0, Z:0.5.
INFO:__main__:Connecting to autopilot...
INFO:root:(Potential) target acquired @((50, 211)) with radius 60.38716506958008.
INFO:root:Anticipated change in position towards target: dx=-262.0076141357422, dy=35.04315185546875
INFO:root:Inside target zone: False.
INFO:root:Targeting... determined changes in velocities: X: -0.5, Y:-0.5, Z:0.5.
INFO:__main__:Connecting to autopilot...
INFO:root:(Potential) target acquired @((55, 202)) with radius 69.8141098022461.
INFO:root:Anticipated change in position towards target: dx=-257.47386169433594, dy=44.24015808105469
INFO:root:Inside target zone: False.
INFO:root:Targeting... determined changes in velocities: X: -0.5, Y:-0.5, Z:0.5.
INFO:__main__:Connecting to autopilot...
INFO:root:(Potential) target acquired @((68, 220)) with radius 85.69280242919922.
INFO:root:Anticipated change in position towards target: dx=-241.4298553466797, dy=27.22015380859375
INFO:root:Inside target zone: False.
INFO:root:Targeting... determined changes in velocities: X: -0.2, Y:-0.2, Z:0.5.
INFO:__main__:Connecting to autopilot...
INFO:root:(Potential) target acquired @((86, 231)) with radius 94.26234436035156.
INFO:root:Anticipated change in position towards target: dx=-218.3352279663086, dy=16.33026123046875
INFO:root:Inside target zone: False.
INFO:root:Targeting... determined changes in velocities: X: -0.2, Y:-0.2, Z:0.5.
INFO:__main__:Connecting to autopilot...
INFO:root:(Potential) target acquired @((79, 227)) with radius 95.16217041015625.
INFO:root:Anticipated change in position towards target: dx=-227.54000091552734, dy=20.410003662109375
INFO:root:Inside target zone: False.
INFO:root:Targeting... determined changes in velocities: X: -0.2, Y:-0.2, Z:0.5.
INFO:__main__:Connecting to autopilot...
INFO:root:(Potential) target acquired @((77, 225)) with radius 97.85549926757812.
INFO:root:Anticipated change in position towards target: dx=-231.36133575439453, dy=23.915603637695312
INFO:root:Inside target zone: False.
INFO:root:Targeting... determined changes in velocities: X: -0.2, Y:-0.2, Z:0.5.
INFO:__main__:Connecting to autopilot...
INFO:root:(Potential) target acquired @((81, 226)) with radius 102.59259033203125.
INFO:root:Anticipated change in position towards target: dx=-224.9800033569336, dy=23.039993286132812
INFO:root:Inside target zone: False.
INFO:root:Targeting... determined changes in velocities: X: -0.2, Y:-0.2, Z:0.5.
INFO:__main__:Connecting to autopilot...
INFO:root:(Potential) target acquired @((86, 229)) with radius 106.60462951660156.
INFO:root:Anticipated change in position towards target: dx=-219.16411590576172, dy=18.974685668945312
INFO:root:Inside target zone: False.
INFO:root:Targeting... determined changes in velocities: X: -0.2, Y:-0.2, Z:0.5.
INFO:__main__:Connecting to autopilot...
INFO:root:(Potential) target acquired @((89, 232)) with radius 111.07527923583984.
INFO:root:Anticipated change in position towards target: dx=-214.40826416015625, dy=16.791458129882812
INFO:root:Inside target zone: False.
INFO:root:Targeting... determined changes in velocities: X: -0.2, Y:-0.2, Z:0.5.
INFO:__main__:Connecting to autopilot...
INFO:root:(Potential) target acquired @((92, 234)) with radius 115.46269989013672.
INFO:root:Anticipated change in position towards target: dx=-211.1581268310547, dy=14.982589721679688
INFO:root:Inside target zone: True.
INFO:root:Targeting... determined changes in velocities: X: -0.2, Y:-0.2, Z:0.5.
INFO:__main__:Connecting to autopilot...
INFO:root:(Potential) target acquired @((96, 237)) with radius 121.39866638183594.
INFO:root:Anticipated change in position towards target: dx=-206.28850555419922, dy=13.321212768554688
INFO:root:Inside target zone: True.
INFO:root:Targeting... determined changes in velocities: X: -0.2, Y:-0.2, Z:0.5.
INFO:__main__:Connecting to autopilot...
INFO:root:(Potential) target acquired @((101, 239)) with radius 126.68783569335938.
INFO:root:Anticipated change in position towards target: dx=-201.38888549804688, dy=10.72222900390625
INFO:root:Inside target zone: True.
INFO:root:Targeting... determined changes in velocities: X: -0.2, Y:-0.2, Z:0.5.
INFO:__main__:Connecting to autopilot...
INFO:root:(Potential) target acquired @((105, 242)) with radius 133.4925079345703.
INFO:root:Anticipated change in position towards target: dx=-194.7333526611328, dy=8.7479248046875
INFO:root:Inside target zone: True.
INFO:root:Targeting... determined changes in velocities: X: -0.2, Y:0.0, Z:0.5.
INFO:__main__:Connecting to autopilot...
INFO:root:(Potential) target acquired @((111, 244)) with radius 139.72288513183594.
INFO:root:Anticipated change in position towards target: dx=-189.86453247070312, dy=7.155609130859375
INFO:root:Inside target zone: True.
INFO:root:Targeting... determined changes in velocities: X: -0.2, Y:0.0, Z:0.5.
INFO:__main__:Connecting to autopilot...
INFO:root:(Potential) target acquired @((112, 234)) with radius 146.54005432128906.
INFO:root:Anticipated change in position towards target: dx=-190.35391235351562, dy=18.37158203125
INFO:root:Inside target zone: True.
INFO:root:Targeting... determined changes in velocities: X: -0.2, Y:-0.2, Z:0.5.
INFO:__main__:Connecting to autopilot...
INFO:root:(Potential) target acquired @((114, 229)) with radius 154.5301513671875.
INFO:root:Anticipated change in position towards target: dx=-185.86720275878906, dy=25.102096557617188
INFO:root:Inside target zone: True.
INFO:root:Targeting... determined changes in velocities: X: -0.2, Y:-0.2, Z:0.5.
INFO:__main__:Connecting to autopilot...
INFO:root:(Potential) target acquired @((123, 236)) with radius 164.55355834960938.
INFO:root:Anticipated change in position towards target: dx=-174.63394165039062, dy=16.071548461914062
INFO:root:Inside target zone: True.
INFO:root:Targeting... determined changes in velocities: X: -0.2, Y:-0.2, Z:0.5.
INFO:__main__:Connecting to autopilot...
INFO:root:(Potential) target acquired @((132, 243)) with radius 175.17979431152344.
INFO:root:Anticipated change in position towards target: dx=-165.51693725585938, dy=9.180648803710938
INFO:root:Inside target zone: True.
INFO:root:Time to Release...
INFO:__main__:Connecting to autopilot...
INFO:__main__:Connecting to autopilot...
INFO:__main__:Connecting to autopilot...
INFO:__main__:Connecting to autopilot...
INFO:__main__:Connecting to autopilot...
INFO:__main__:Connecting to autopilot...
INFO:__main__:Connecting to autopilot...
INFO:root:(Potential) target acquired @((143, 248)) with radius 168.48577880859375.
INFO:root:Anticipated change in position towards target: dx=-149.13229370117188, dy=3.1340179443359375
INFO:root:Inside target zone: True.
INFO:root:Targeting... determined changes in velocities: X: -0.2, Y:0.0, Z:0.5.
INFO:__main__:Connecting to autopilot...
INFO:root:(Potential) target acquired @((152, 249)) with radius 165.54843139648438.
INFO:root:Anticipated change in position towards target: dx=-146.5, dy=-0.5
INFO:root:Inside target zone: True.
INFO:root:Targeting... determined changes in velocities: X: -0.2, Y:0.0, Z:0.5.
INFO:__main__:Connecting to autopilot...
INFO:root:(Potential) target acquired @((181, 255)) with radius 139.73289489746094.
INFO:root:Anticipated change in position towards target: dx=-125.0, dy=-13.5
INFO:root:Inside target zone: True.
INFO:root:Targeting... determined changes in velocities: X: -0.2, Y:0.2, Z:0.5.
INFO:__main__:Connecting to autopilot...
INFO:root:(Potential) target acquired @((204, 260)) with radius 116.88679504394531.
INFO:root:Anticipated change in position towards target: dx=-103.5, dy=-19.0
INFO:root:Inside target zone: True.
INFO:root:Targeting... determined changes in velocities: X: -0.2, Y:0.2, Z:0.5.
INFO:__main__:Connecting to autopilot...
INFO:root:(Potential) target acquired @((219, 263)) with radius 100.22484588623047.
INFO:root:Anticipated change in position towards target: dx=-90.0, dy=-22.5
INFO:root:Inside target zone: True.
INFO:root:Targeting... determined changes in velocities: X: -0.5, Y:0.5, Z:0.5.
INFO:__main__:Connecting to autopilot...
INFO:root:(Potential) target acquired @((229, 265)) with radius 87.86363220214844.
INFO:root:Anticipated change in position towards target: dx=-81.5, dy=-24.5
INFO:root:Inside target zone: True.
INFO:root:Targeting... determined changes in velocities: X: -0.5, Y:0.5, Z:0.5.
INFO:__main__:Connecting to autopilot...
INFO:root:(Potential) target acquired @((249, 262)) with radius 69.32722473144531.
INFO:root:Anticipated change in position towards target: dx=-67.0, dy=-36.0
INFO:root:Inside target zone: True.
INFO:root:Targeting... determined changes in velocities: X: -0.5, Y:0.5, Z:0.5.
INFO:__main__:Connecting to autopilot...
INFO:root:(Potential) target acquired @((232, 266)) with radius 69.63485717773438.
INFO:root:Anticipated change in position towards target: dx=-90.0, dy=-37.5
INFO:root:Inside target zone: True.
INFO:root:Targeting... determined changes in velocities: X: -0.5, Y:0.5, Z:0.5.
INFO:__main__:Connecting to autopilot...
INFO:root:(Potential) target acquired @((175, 275)) with radius 60.17692184448242.
INFO:root:Anticipated change in position towards target: dx=-157.36495971679688, dy=-38.388671875
INFO:root:Inside target zone: False.
INFO:root:Targeting... determined changes in velocities: X: -0.5, Y:0.5, Z:0.5.
INFO:__main__:Connecting to autopilot...
INFO:root:(Potential) target acquired @((84, 287)) with radius 55.823482513427734.
INFO:root:Anticipated change in position towards target: dx=-240.5, dy=-59.5
INFO:root:Inside target zone: False.
INFO:root:Targeting... determined changes in velocities: X: -0.5, Y:0.5, Z:0.5.
INFO:__main__:Connecting to autopilot...
INFO:root:No target found; continuing search...
INFO:root:Target lost.
INFO:root:Re-acquiring target...
INFO:__main__:Connecting to autopilot...
INFO:__main__:Connecting to autopilot...
INFO:__main__:Connecting to autopilot...
INFO:__main__:Connecting to autopilot...
INFO:__main__:Connecting to autopilot...
INFO:__main__:Connecting to autopilot...
INFO:__main__:Connecting to autopilot...
INFO:__main__:Connecting to autopilot...
INFO:__main__:Connecting to autopilot...
INFO:__main__:Connecting to autopilot...
INFO:__main__:Connecting to autopilot...
INFO:__main__:Connecting to autopilot...
INFO:__main__:Connecting to autopilot...
INFO:__main__:Connecting to autopilot...
INFO:__main__:Connecting to autopilot...
INFO:__main__:Connecting to autopilot...
INFO:__main__:Connecting to autopilot...
INFO:__main__:Connecting to autopilot...
INFO:__main__:Connecting to autopilot...
INFO:__main__:Connecting to autopilot...
INFO:__main__:Connecting to autopilot...
INFO:__main__:Connecting to autopilot...
INFO:__main__:Connecting to autopilot...
INFO:__main__:Connecting to autopilot...
INFO:__main__:Connecting to autopilot...
INFO:__main__:Connecting to autopilot...
INFO:__main__:Connecting to autopilot...
INFO:__main__:Connecting to autopilot...
INFO:__main__:Connecting to autopilot...
INFO:__main__:Connecting to autopilot...
INFO:__main__:Connecting to autopilot...
INFO:__main__:Connecting to autopilot...
INFO:__main__:Connecting to autopilot...
INFO:__main__:Connecting to autopilot...
INFO:__main__:Connecting to autopilot...
INFO:__main__:Connecting to autopilot...
INFO:__main__:Connecting to autopilot...
INFO:__main__:Connecting to autopilot...
INFO:__main__:Connecting to autopilot...
INFO:__main__:Connecting to autopilot...
INFO:__main__:Connecting to autopilot...
INFO:__main__:Connecting to autopilot...
INFO:__main__:Connecting to autopilot...
INFO:__main__:Connecting to autopilot...
INFO:__main__:Connecting to autopilot...
INFO:__main__:Connecting to autopilot...
INFO:__main__:Connecting to autopilot...
INFO:__main__:Connecting to autopilot...
INFO:__main__:Connecting to autopilot...
INFO:__main__:Connecting to autopilot...
INFO:__main__:Connecting to autopilot...
INFO:__main__:Connecting to autopilot...
INFO:__main__:Connecting to autopilot...
INFO:__main__:Connecting to autopilot...
INFO:__main__:Connecting to autopilot...
INFO:__main__:Connecting to autopilot...
INFO:__main__:Connecting to autopilot...
INFO:__main__:Connecting to autopilot...
INFO:__main__:Connecting to autopilot...
INFO:__main__:Connecting to autopilot...
INFO:__main__:Connecting to autopilot...
INFO:__main__:Connecting to autopilot...
INFO:__main__:Connecting to autopilot...
INFO:__main__:Connecting to autopilot...
INFO:__main__:Connecting to autopilot...
INFO:__main__:Connecting to autopilot...
INFO:__main__:Connecting to autopilot...
INFO:__main__:Connecting to autopilot...
INFO:__main__:Connecting to autopilot...
INFO:__main__:Connecting to autopilot...
INFO:__main__:Connecting to autopilot...
INFO:__main__:Connecting to autopilot...
INFO:__main__:Connecting to autopilot...
INFO:__main__:Connecting to autopilot...
INFO:__main__:Connecting to autopilot...
INFO:__main__:Connecting to autopilot...
INFO:__main__:Connecting to autopilot...
INFO:__main__:Connecting to autopilot...
INFO:__main__:Connecting to autopilot...
INFO:__main__:Connecting to autopilot...
INFO:__main__:Connecting to autopilot...
INFO:__main__:Connecting to autopilot...
INFO:__main__:Connecting to autopilot...
INFO:__main__:Connecting to autopilot...
INFO:__main__:Connecting to autopilot...
INFO:__main__:Connecting to autopilot...
INFO:__main__:Connecting to autopilot...
INFO:__main__:Connecting to autopilot...
INFO:__main__:Connecting to autopilot...
INFO:__main__:Connecting to autopilot...
INFO:__main__:Connecting to autopilot...
INFO:__main__:Connecting to autopilot...
INFO:__main__:Connecting to autopilot...
INFO:__main__:Connecting to autopilot...
INFO:__main__:Connecting to autopilot...
INFO:__main__:Connecting to autopilot...
INFO:__main__:Connecting to autopilot...
INFO:__main__:Connecting to autopilot...
INFO:__main__:Connecting to autopilot...
INFO:__main__:Connecting to autopilot...
INFO:__main__:Connecting to autopilot...
INFO:__main__:Connecting to autopilot...
INFO:__main__:Connecting to autopilot...
INFO:__main__:Connecting to autopilot...
INFO:__main__:Connecting to autopilot...
INFO:__main__:Connecting to autopilot...
INFO:__main__:Connecting to autopilot...
INFO:__main__:Connecting to autopilot...
INFO:__main__:Connecting to autopilot...
INFO:__main__:Connecting to autopilot...
INFO:__main__:Connecting to autopilot...
INFO:__main__:Connecting to autopilot...
INFO:__main__:Connecting to autopilot...
INFO:__main__:Connecting to autopilot...
INFO:__main__:Connecting to autopilot...
INFO:__main__:Connecting to autopilot...
INFO:__main__:Connecting to autopilot...
INFO:__main__:Connecting to autopilot...
INFO:__main__:Connecting to autopilot...
INFO:__main__:Connecting to autopilot...
INFO:__main__:Connecting to autopilot...
INFO:__main__:Connecting to autopilot...
INFO:__main__:Connecting to autopilot...
INFO:__main__:Connecting to autopilot...
INFO:__main__:Connecting to autopilot...
INFO:__main__:Connecting to autopilot...
INFO:__main__:Connecting to autopilot...
INFO:__main__:Connecting to autopilot...
INFO:__main__:Connecting to autopilot...
INFO:__main__:Connecting to autopilot...
INFO:__main__:Connecting to autopilot...
INFO:__main__:Connecting to autopilot...
INFO:__main__:Connecting to autopilot...
INFO:__main__:Connecting to autopilot...
INFO:__main__:Connecting to autopilot...
INFO:__main__:Connecting to autopilot...
INFO:__main__:Connecting to autopilot...
INFO:__main__:Connecting to autopilot...
INFO:__main__:Connecting to autopilot...
INFO:__main__:Connecting to autopilot...
INFO:__main__:Connecting to autopilot...
INFO:__main__:Connecting to autopilot...
INFO:__main__:Connecting to autopilot...
INFO:__main__:Connecting to autopilot...
INFO:__main__:Connecting to autopilot...
INFO:__main__:Connecting to autopilot...
INFO:__main__:Connecting to autopilot...
INFO:__main__:Connecting to autopilot...
INFO:__main__:Connecting to autopilot...
INFO:__main__:Connecting to autopilot...
INFO:__main__:Connecting to autopilot...
INFO:__main__:Connecting to autopilot...
INFO:__main__:Connecting to autopilot...
INFO:__main__:Connecting to autopilot...
INFO:__main__:Connecting to autopilot...
INFO:__main__:Connecting to autopilot...
INFO:__main__:Connecting to autopilot...
INFO:autopilot:SIM Hit ground at 0.481982 m/s
INFO:__main__:Connecting to autopilot...
INFO:__main__:Connecting to autopilot...
INFO:__main__:Connecting to autopilot...
INFO:__main__:Connecting to autopilot...
INFO:__main__:Connecting to autopilot...
INFO:__main__:Connecting to autopilot...
INFO:autopilot:Disarming motors
INFO:__main__:Disarming device...
INFO:__main__:End of demonstration.
