INFO:__main__:PEX 03 start.
INFO:__main__:Connecting to device...
INFO:autopilot:ArduCopter V4.1.0-dev (428c9ef0)
INFO:autopilot:a3d9197b765643568af09eb2bd3e5ce7
INFO:autopilot:Frame: QUAD
INFO:__main__:Device connected.
INFO:root:Device version: APM:Copter-None.None.NoneUnknownReleaseType, log=
INFO:__main__:Looking for mission to execute...
INFO:__main__:Arming device...
INFO:__main__:Switching to GUIDED mode...
INFO:__main__:Waiting for arm...
INFO:autopilot:Arming motors
INFO:__main__:Device armed: True.
INFO:__main__:Device takeoff...
INFO:__main__:Current altitude: 0.009
INFO:__main__:Current altitude: 0.009
INFO:__main__:Current altitude: 0.009
INFO:__main__:Current altitude: 0.052
INFO:__main__:Current altitude: 0.252
INFO:__main__:Current altitude: 1.184
INFO:__main__:Current altitude: 1.768
INFO:autopilot:EKF2 IMU0 in-flight yaw alignment complete
INFO:autopilot:EKF2 IMU1 in-flight yaw alignment complete
INFO:__main__:Current altitude: 3.091
INFO:__main__:Current altitude: 3.798
INFO:__main__:Current altitude: 5.268
INFO:__main__:Current altitude: 6.022
INFO:__main__:Current altitude: 7.57
INFO:__main__:Current altitude: 8.352
INFO:__main__:Current altitude: 9.936
INFO:__main__:Current altitude: 10.741
INFO:__main__:Current altitude: 12.35
INFO:__main__:Current altitude: 13.159
INFO:__main__:Current altitude: 14.795
INFO:__main__:Current altitude: 15.611
INFO:__main__:Current altitude: 17.18
INFO:__main__:Current altitude: 17.88
INFO:__main__:Current altitude: 18.932
INFO:__main__:Changing device mode from VehicleMode:GUIDED to AUTO...
INFO:autopilot:Mission: 1 WP
INFO:__main__:Device mode = VehicleMode:AUTO.
INFO:__main__:backing up old images...
INFO:root:Searching for target...
INFO:autopilot:Reached command #1
INFO:autopilot:Mission: 2 WP
INFO:autopilot:Reached command #2
INFO:autopilot:Mission: 3 WP
INFO:autopilot:Reached command #3
INFO:autopilot:Mission: 4 RTL
