INFO:__main__:PEX 03 start.
INFO:__main__:Connecting to device...
INFO:autopilot:Reached command #3
INFO:autopilot:Mission: 4 RTL
INFO:autopilot:ArduCopter V4.1.0-dev (428c9ef0)
INFO:autopilot:a3d9197b765643568af09eb2bd3e5ce7
INFO:autopilot:Frame: QUAD
INFO:__main__:Device connected.
INFO:root:Device version: APM:Copter-None.None.NoneUnknownReleaseType, log=
INFO:__main__:Looking for mission to execute...
INFO:__main__:Arming device...
INFO:__main__:Switching to GUIDED mode...
INFO:__main__:Device armed: True.
INFO:__main__:Device takeoff...
INFO:__main__:Current altitude: 19.973
INFO:__main__:Changing device mode from VehicleMode:GUIDED to AUTO...
INFO:autopilot:Mission: 4 RTL
INFO:__main__:Device mode = VehicleMode:AUTO.
INFO:__main__:backing up old images...
INFO:root:Searching for target...
INFO:root:Changing device mode from VehicleMode:AUTO to GUIDED...
INFO:root:Device mode = VehicleMode:GUIDED.
INFO:__main__:Goto point: 21.321317, -157.9242837, 1, 19.985...
INFO:__main__:Current altitude: 19.985
INFO:__main__:Current lat: 21.3213194
INFO:root:Current lon: (-157.9242763, <Logger __main__ (DEBUG)>)
INFO:__main__:Relative position to destination: 1.0,1.000000112563403, 0.999999953142102
