INFO:__main__:PEX 03 start.
INFO:__main__:Connecting to device...
INFO:autopilot:ArduCopter V4.1.0-dev (428c9ef0)
INFO:autopilot:a3d9197b765643568af09eb2bd3e5ce7
INFO:autopilot:Frame: QUAD
INFO:__main__:Device connected.
INFO:root:Device version: APM:Copter-None.None.NoneUnknownReleaseType, log=
INFO:__main__:Looking for mission to execute...
INFO:__main__:Arming device...
INFO:__main__:Switching to GUIDED mode...
INFO:__main__:Waiting for arm...
INFO:autopilot:Arming motors
INFO:__main__:Device armed: True.
INFO:__main__:Device takeoff...
INFO:__main__:Current altitude: 0.004
INFO:__main__:Current altitude: 0.004
INFO:__main__:Current altitude: 0.004
INFO:__main__:Current altitude: 0.02
INFO:__main__:Current altitude: 0.314
INFO:__main__:Current altitude: 1.005
INFO:__main__:Current altitude: 1.868
INFO:__main__:Current altitude: 2.855
INFO:autopilot:EKF2 IMU0 in-flight yaw alignment complete
INFO:autopilot:EKF2 IMU1 in-flight yaw alignment complete
INFO:__main__:Current altitude: 3.914
INFO:__main__:Current altitude: 5.015
INFO:__main__:Current altitude: 6.148
INFO:__main__:Current altitude: 7.305
INFO:__main__:Current altitude: 8.34
INFO:__main__:Current altitude: 9.927
INFO:__main__:Current altitude: 10.727
INFO:__main__:Current altitude: 12.337
INFO:__main__:Current altitude: 13.148
INFO:__main__:Current altitude: 14.78
INFO:__main__:Current altitude: 15.593
INFO:__main__:Current altitude: 17.168
INFO:__main__:Current altitude: 17.864
INFO:__main__:Current altitude: 18.918
INFO:__main__:Changing device mode from VehicleMode:GUIDED to AUTO...
INFO:autopilot:Mission: 1 WP
INFO:__main__:Device mode = VehicleMode:AUTO.
INFO:__main__:backing up old images...
INFO:root:Searching for target...
INFO:autopilot:Reached command #1
INFO:autopilot:Mission: 2 WP
INFO:autopilot:Reached command #2
INFO:autopilot:Mission: 3 WP
INFO:root:Changing device mode from VehicleMode:AUTO to GUIDED...
INFO:root:Device mode = VehicleMode:GUIDED.
INFO:__main__:Goto point: 21.3212592, -157.9239254, 1, 19.996...
INFO:__main__:Current altitude: 19.999
INFO:__main__:Current lat: 21.3212441
INFO:root:Current lon: (-157.9239457, <Logger __main__ (DEBUG)>)
INFO:__main__:Relative position to destination: 1.0001500300060011,0.999999291786669, 1.000000128542904
INFO:__main__:Program exception: ['Traceback (most recent call last):\n', '  File "/home/usafa/PycharmProjects/USAFA/PEX3-COMP495/mission.py", line 658, in <module>\n    conduct_mission()\n', '  File "/home/usafa/PycharmProjects/USAFA/PEX3-COMP495/mission.py", line 550, in conduct_mission\n    determine_drone_actions((last_lat, last_lon), frm_display, target_sightings, ogbbox)\n', '  File "/home/usafa/PycharmProjects/USAFA/PEX3-COMP495/mission.py", line 593, in determine_drone_actions\n    distance = get_ground_distance(drone.location.global_relative_frame.alt, hypo)\n', '  File "/home/usafa/PycharmProjects/USAFA/PEX3-COMP495/mission.py", line 584, in get_ground_distance\n    return math.sqrt(hypotenuse ** 2 - height ** 2)\n', 'ValueError: math domain error\n']
