INFO:__main__:PEX 03 start.
INFO:__main__:Connecting to device...
INFO:autopilot:ArduCopter V4.1.0-dev (428c9ef0)
INFO:autopilot:a3d9197b765643568af09eb2bd3e5ce7
INFO:autopilot:Frame: QUAD
INFO:__main__:Device connected.
INFO:root:Device version: APM:Copter-None.None.NoneUnknownReleaseType, log=
INFO:__main__:Looking for mission to execute...
INFO:__main__:Arming device...
INFO:__main__:Device armed: True.
INFO:__main__:Device takeoff...
INFO:__main__:Current altitude: 20.0
INFO:__main__:Changing device mode from VehicleMode:GUIDED to AUTO...
INFO:autopilot:Mission: 2 WP
INFO:__main__:Device mode = VehicleMode:AUTO.
INFO:__main__:backing up old images...
INFO:root:Searching for target...
INFO:autopilot:Reached command #2
INFO:autopilot:Mission: 3 WP
INFO:root:Changing device mode from VehicleMode:AUTO to GUIDED...
INFO:root:Device mode = VehicleMode:GUIDED.
INFO:__main__:Goto point: 21.3212347, -157.9239532, 1, 19.993...
INFO:__main__:Current altitude: 19.993
INFO:__main__:Current lat: 21.3212255
INFO:root:Current lon: (-157.9239682, <Logger __main__ (DEBUG)>)
INFO:__main__:Relative position to destination: 1.0,0.9999995685052891, 1.0000000949824246
INFO:root:Changing device mode from VehicleMode:GUIDED to AUTO...
INFO:autopilot:Mission: 3 WP
INFO:root:Device mode = VehicleMode:AUTO.
INFO:root:Changing device mode from VehicleMode:AUTO to GUIDED...
INFO:root:Device mode = VehicleMode:GUIDED.
INFO:__main__:Goto point: 21.3212817, -157.924059, 1, 19.994...
INFO:__main__:Current altitude: 19.993
INFO:__main__:Current lat: 21.3212817
INFO:root:Current lon: (-157.9240563, <Logger __main__ (DEBUG)>)
INFO:__main__:Relative position to destination: 0.9999499849954986,1.0, 0.9999999829031749
INFO:root:Goto point: 21.32010929943357, -157.92826104421124, 0.2, 3...
INFO:root:Current altitude: 19.998
INFO:root:Current lat: 21.3212385
INFO:root:Current lon: (-157.9240344, None)
INFO:root:Relative position to destination: 6.666,1.0000529641077618, 0.9999732369356613
INFO:root:Current altitude: 19.992
INFO:root:Current lat: 21.3212383
INFO:root:Current lon: (-157.9240342, None)
INFO:root:Relative position to destination: 6.664000000000001,1.000052954726947, 0.9999732356692634
INFO:root:Current altitude: 19.96
INFO:root:Current lat: 21.3212362
INFO:root:Current lon: (-157.9240406, None)
INFO:root:Relative position to destination: 6.653333333333333,1.00005285622839, 0.9999732761939927
INFO:root:Current altitude: 19.886
INFO:root:Current lat: 21.3212317
INFO:root:Current lon: (-157.9240558, None)
INFO:root:Relative position to destination: 6.628666666666667,1.0000526451600535, 0.9999733724402241
INFO:root:Current altitude: 19.753
INFO:root:Current lat: 21.3212248
INFO:root:Current lon: (-157.9240801, None)
INFO:root:Relative position to destination: 6.584333333333333,1.000052321521938, 0.9999735263075551
INFO:root:Current altitude: 19.582
INFO:root:Current lat: 21.3212162
INFO:root:Current lon: (-157.9241118, None)
INFO:root:Relative position to destination: 6.527333333333334,1.000051918146895, 0.999973727031604
INFO:root:Current altitude: 19.4
INFO:root:Current lat: 21.3212066
INFO:root:Current lon: (-157.924148, None)
INFO:root:Relative position to destination: 6.466666666666666,1.0000514678677777, 0.9999739562496032
INFO:root:Current altitude: 19.219
INFO:root:Current lat: 21.3211966
INFO:root:Current lon: (-157.9241865, None)
INFO:root:Relative position to destination: 6.406333333333333,1.0000509988270303, 0.9999742000311768
INFO:root:Current altitude: 19.038
INFO:root:Current lat: 21.3211863
INFO:root:Current lon: (-157.9242264, None)
INFO:root:Relative position to destination: 6.346,1.0000505157150605, 0.999974452677535
INFO:root:Current altitude: 18.857
INFO:root:Current lat: 21.3211756
INFO:root:Current lon: (-157.9242673, None)
INFO:root:Relative position to destination: 6.285666666666667,1.0000500138414607, 0.999974711655882
INFO:root:Current altitude: 18.673
INFO:root:Current lat: 21.3211644
INFO:root:Current lon: (-157.9243092, None)
INFO:root:Relative position to destination: 6.224333333333333,1.0000494885158238, 0.9999749769662181
INFO:root:Current altitude: 18.487
INFO:root:Current lat: 21.3211529
INFO:root:Current lon: (-157.9243518, None)
INFO:root:Relative position to destination: 6.162333333333333,1.0000489491189644, 0.9999752467089463
INFO:root:Current altitude: 18.287
INFO:root:Current lat: 21.3211402
INFO:root:Current lon: (-157.9243988, None)
INFO:root:Relative position to destination: 6.095666666666666,1.000048353437215, 0.9999755443124257
INFO:root:Current altitude: 18.101
INFO:root:Current lat: 21.3211283
INFO:root:Current lon: (-157.9244429, None)
INFO:root:Relative position to destination: 6.033666666666666,1.0000477952787257, 0.9999758235531374
INFO:root:Current altitude: 17.917
INFO:root:Current lat: 21.3211163
INFO:root:Current lon: (-157.9244875, None)
INFO:root:Relative position to destination: 5.972333333333334,1.0000472324298288, 0.9999761059598434
INFO:root:Current altitude: 17.732
INFO:root:Current lat: 21.3211043
INFO:root:Current lon: (-157.9245325, None)
INFO:root:Relative position to destination: 5.910666666666667,1.0000466695809318, 0.9999763908993451
INFO:root:Current altitude: 17.545
INFO:root:Current lat: 21.3210922
INFO:root:Current lon: (-157.9245777, None)
INFO:root:Relative position to destination: 5.848333333333334,1.0000461020416276, 0.9999766771052445
INFO:root:Current altitude: 17.358
INFO:root:Current lat: 21.32108
INFO:root:Current lon: (-157.9246232, None)
INFO:root:Relative position to destination: 5.7860000000000005,1.0000455298119157, 0.9999769652107408
INFO:root:Current altitude: 17.182
INFO:root:Current lat: 21.3210685
INFO:root:Current lon: (-157.9246662, None)
INFO:root:Relative position to destination: 5.727333333333333,1.0000449904150563, 0.9999772374862644
INFO:root:Current altitude: 16.997
INFO:root:Current lat: 21.3210564
INFO:root:Current lon: (-157.9247119, None)
INFO:root:Relative position to destination: 5.665666666666667,1.000044422875752, 0.9999775268581584
INFO:root:Current altitude: 16.813
INFO:root:Current lat: 21.3210442
INFO:root:Current lon: (-157.9247577, None)
INFO:root:Relative position to destination: 5.604333333333333,1.0000438506460403, 0.9999778168632512
INFO:root:Current altitude: 16.627
INFO:root:Current lat: 21.3210319
INFO:root:Current lon: (-157.9248036, None)
INFO:root:Relative position to destination: 5.542333333333333,1.000043273725921, 0.9999781075015428
INFO:root:Current altitude: 16.442
INFO:root:Current lat: 21.3210197
INFO:root:Current lon: (-157.9248496, None)
INFO:root:Relative position to destination: 5.480666666666667,1.0000427014962092, 0.9999783987730334
INFO:root:Current altitude: 16.257
INFO:root:Current lat: 21.3210074
INFO:root:Current lon: (-157.9248957, None)
INFO:root:Relative position to destination: 5.4190000000000005,1.0000421245760898, 0.999978690677723
INFO:root:Current altitude: 16.071
INFO:root:Current lat: 21.3209951
INFO:root:Current lon: (-157.9249417, None)
INFO:root:Relative position to destination: 5.357,1.0000415476559708, 0.9999789819492136
INFO:root:Current altitude: 15.885
INFO:root:Current lat: 21.3209828
INFO:root:Current lon: (-157.9249879, None)
INFO:root:Relative position to destination: 5.295,1.0000409707358513, 0.9999792744871019
INFO:root:Current altitude: 15.696
INFO:root:Current lat: 21.3209704
INFO:root:Current lon: (-157.925034, None)
INFO:root:Relative position to destination: 5.232,1.0000403891253247, 0.9999795663917915
INFO:root:Current altitude: 15.5
INFO:root:Current lat: 21.3209574
INFO:root:Current lon: (-157.9250832, None)
INFO:root:Relative position to destination: 5.166666666666667,1.000039779372353, 0.9999798779256465
INFO:root:Current altitude: 15.324
INFO:root:Current lat: 21.3209457
INFO:root:Current lon: (-157.9251271, None)
INFO:root:Relative position to destination: 5.108,1.0000392305946786, 0.9999801558999604
INFO:root:Current altitude: 15.136
INFO:root:Current lat: 21.3209334
INFO:root:Current lon: (-157.9251733, None)
INFO:root:Relative position to destination: 5.045333333333333,1.0000386536745594, 0.9999804484378488
INFO:root:Current altitude: 14.949
INFO:root:Current lat: 21.320921
INFO:root:Current lon: (-157.9252196, None)
INFO:root:Relative position to destination: 4.983,1.0000380720640325, 0.999980741608936
INFO:root:Current altitude: 14.761
INFO:root:Current lat: 21.3209087
INFO:root:Current lon: (-157.9252659, None)
INFO:root:Relative position to destination: 4.920333333333333,1.0000374951439133, 0.9999810347800233
INFO:root:Current altitude: 14.577
INFO:root:Current lat: 21.3208964
INFO:root:Current lon: (-157.925312, None)
INFO:root:Relative position to destination: 4.859,1.0000369182237938, 0.9999813266847127
INFO:root:Current altitude: 14.391
INFO:root:Current lat: 21.3208841
INFO:root:Current lon: (-157.9253583, None)
INFO:root:Relative position to destination: 4.797,1.0000363413036748, 0.9999816198558
INFO:root:Current altitude: 14.204
INFO:root:Current lat: 21.3208718
INFO:root:Current lon: (-157.9254046, None)
INFO:root:Relative position to destination: 4.734666666666667,1.0000357643835553, 0.9999819130268873
INFO:root:Current altitude: 14.017
INFO:root:Current lat: 21.3208595
INFO:root:Current lon: (-157.9254509, None)
INFO:root:Relative position to destination: 4.6723333333333334,1.0000351874634361, 0.9999822061979745
INFO:root:Current altitude: 13.83
INFO:root:Current lat: 21.3208471
INFO:root:Current lon: (-157.9254971, None)
INFO:root:Relative position to destination: 4.61,1.0000346058529095, 0.999982498735863
INFO:root:Current altitude: 13.646
INFO:root:Current lat: 21.3208348
INFO:root:Current lon: (-157.9255433, None)
INFO:root:Relative position to destination: 4.548666666666667,1.00003402893279, 0.9999827912737512
INFO:root:Current altitude: 13.462
INFO:root:Current lat: 21.3208224
INFO:root:Current lon: (-157.9255895, None)
INFO:root:Relative position to destination: 4.487333333333333,1.0000334473222634, 0.9999830838116397
INFO:root:Current altitude: 13.278
INFO:root:Current lat: 21.3208101
INFO:root:Current lon: (-157.9256357, None)
INFO:root:Relative position to destination: 4.426,1.000032870402144, 0.9999833763495279
INFO:root:Current altitude: 13.095
INFO:root:Current lat: 21.3207978
INFO:root:Current lon: (-157.925682, None)
INFO:root:Relative position to destination: 4.365,1.000032293482025, 0.9999836695206152
INFO:root:Current altitude: 12.91
INFO:root:Current lat: 21.3207855
INFO:root:Current lon: (-157.9257283, None)
INFO:root:Relative position to destination: 4.303333333333334,1.0000317165619055, 0.9999839626917026
INFO:root:Current altitude: 12.713
INFO:root:Current lat: 21.3207723
INFO:root:Current lon: (-157.9257775, None)
INFO:root:Relative position to destination: 4.237666666666667,1.000031097428119, 0.9999842742255578
INFO:root:Current altitude: 12.528
INFO:root:Current lat: 21.32076
INFO:root:Current lon: (-157.9258238, None)
INFO:root:Relative position to destination: 4.176,1.0000305205079998, 0.999984567396645
INFO:root:Current altitude: 12.342
INFO:root:Current lat: 21.3207477
INFO:root:Current lon: (-157.9258701, None)
INFO:root:Relative position to destination: 4.114,1.0000299435878803, 0.9999848605677323
INFO:root:Current altitude: 12.155
INFO:root:Current lat: 21.3207353
INFO:root:Current lon: (-157.9259163, None)
INFO:root:Relative position to destination: 4.051666666666667,1.0000293619773537, 0.9999851531056207
INFO:root:Current altitude: 11.967
INFO:root:Current lat: 21.320723
INFO:root:Current lon: (-157.9259626, None)
INFO:root:Relative position to destination: 3.9890000000000003,1.0000287850572345, 0.9999854462767078
INFO:root:Current altitude: 11.782
INFO:root:Current lat: 21.3207106
INFO:root:Current lon: (-157.9260089, None)
INFO:root:Relative position to destination: 3.9273333333333333,1.0000282034467078, 0.9999857394477951
INFO:root:Current altitude: 11.613
INFO:root:Current lat: 21.3206995
INFO:root:Current lon: (-157.9260507, None)
INFO:root:Relative position to destination: 3.871,1.000027682811478, 0.9999860041249322
INFO:root:Current altitude: 11.428
INFO:root:Current lat: 21.3206872
INFO:root:Current lon: (-157.9260968, None)
INFO:root:Relative position to destination: 3.8093333333333335,1.0000271058913588, 0.9999862960296219
INFO:root:Current altitude: 11.243
INFO:root:Current lat: 21.3206749
INFO:root:Current lon: (-157.9261431, None)
INFO:root:Relative position to destination: 3.747666666666667,1.0000265289712396, 0.9999865892007089
INFO:root:Current altitude: 11.057
INFO:root:Current lat: 21.3206626
INFO:root:Current lon: (-157.9261894, None)
INFO:root:Relative position to destination: 3.6856666666666666,1.00002595205112, 0.9999868823717962
INFO:root:Current altitude: 10.871
INFO:root:Current lat: 21.3206503
INFO:root:Current lon: (-157.9262355, None)
INFO:root:Relative position to destination: 3.623666666666667,1.000025375131001, 0.9999871742764856
INFO:root:Current altitude: 10.685
INFO:root:Current lat: 21.320638
INFO:root:Current lon: (-157.9262817, None)
INFO:root:Relative position to destination: 3.561666666666667,1.0000247982108816, 0.9999874668143741
INFO:root:Current altitude: 10.499
INFO:root:Current lat: 21.3206257
INFO:root:Current lon: (-157.9263279, None)
INFO:root:Relative position to destination: 3.4996666666666667,1.0000242212907624, 0.9999877593522625
INFO:root:Current altitude: 10.313
INFO:root:Current lat: 21.3206133
INFO:root:Current lon: (-157.9263742, None)
INFO:root:Relative position to destination: 3.437666666666667,1.0000236396802358, 0.9999880525233498
INFO:root:Current altitude: 10.128
INFO:root:Current lat: 21.320601
INFO:root:Current lon: (-157.9264204, None)
INFO:root:Relative position to destination: 3.376,1.0000230627601163, 0.9999883450612382
INFO:root:Current altitude: 9.923
INFO:root:Current lat: 21.3205874
INFO:root:Current lon: (-157.9264716, None)
INFO:root:Relative position to destination: 3.3076666666666665,1.0000224248647, 0.9999886692590713
INFO:root:Current altitude: 9.748
INFO:root:Current lat: 21.3205757
INFO:root:Current lon: (-157.9265152, None)
INFO:root:Relative position to destination: 3.249333333333333,1.0000218760870254, 0.9999889453337883
INFO:root:Current altitude: 9.561
INFO:root:Current lat: 21.3205634
INFO:root:Current lon: (-157.9265613, None)
INFO:root:Relative position to destination: 3.187,1.0000212991669064, 0.9999892372384778
INFO:root:Current altitude: 9.375
INFO:root:Current lat: 21.3205511
INFO:root:Current lon: (-157.9266076, None)
INFO:root:Relative position to destination: 3.125,1.000020722246787, 0.9999895304095651
INFO:root:Current altitude: 9.189
INFO:root:Current lat: 21.3205388
INFO:root:Current lon: (-157.9266538, None)
INFO:root:Relative position to destination: 3.063,1.0000201453266677, 0.9999898229474534
INFO:root:Current altitude: 9.003
INFO:root:Current lat: 21.3205265
INFO:root:Current lon: (-157.9267001, None)
INFO:root:Relative position to destination: 3.001,1.0000195684065485, 0.9999901161185407
INFO:root:Current altitude: 8.819
INFO:root:Current lat: 21.3205142
INFO:root:Current lon: (-157.9267464, None)
INFO:root:Relative position to destination: 2.939666666666667,1.0000189914864293, 0.999990409289628
INFO:root:Current altitude: 8.635
INFO:root:Current lat: 21.3205018
INFO:root:Current lon: (-157.9267925, None)
INFO:root:Relative position to destination: 2.8783333333333334,1.0000184098759024, 0.9999907011943174
INFO:root:Current altitude: 8.448
INFO:root:Current lat: 21.3204895
INFO:root:Current lon: (-157.9268388, None)
INFO:root:Relative position to destination: 2.8160000000000003,1.0000178329557832, 0.9999909943654047
INFO:root:Current altitude: 8.262
INFO:root:Current lat: 21.3204772
INFO:root:Current lon: (-157.9268851, None)
INFO:root:Relative position to destination: 2.754,1.0000172560356637, 0.9999912875364919
INFO:root:Current altitude: 8.077
INFO:root:Current lat: 21.3204649
INFO:root:Current lon: (-157.9269313, None)
INFO:root:Relative position to destination: 2.6923333333333335,1.0000166791155447, 0.9999915800743804
