INFO:__main__:PEX 03 start.
INFO:__main__:Connecting to device...
INFO:autopilot:ArduCopter V4.1.0-dev (428c9ef0)
INFO:autopilot:a3d9197b765643568af09eb2bd3e5ce7
INFO:autopilot:Frame: QUAD
INFO:__main__:Device connected.
INFO:root:Device version: APM:Copter-None.None.NoneUnknownReleaseType, log=
INFO:__main__:Looking for mission to execute...
INFO:__main__:Arming device...
INFO:__main__:Switching to GUIDED mode...
INFO:__main__:Waiting for arm...
INFO:autopilot:Arming motors
INFO:__main__:Device armed: True.
INFO:__main__:Device takeoff...
INFO:__main__:Current altitude: 0.008
INFO:__main__:Current altitude: 0.009
INFO:__main__:Current altitude: 0.008
INFO:__main__:Current altitude: 0.013
INFO:__main__:Current altitude: 0.214
INFO:__main__:Current altitude: 0.883
INFO:__main__:Current altitude: 1.716
INFO:autopilot:EKF2 IMU0 in-flight yaw alignment complete
INFO:autopilot:EKF2 IMU1 in-flight yaw alignment complete
INFO:__main__:Current altitude: 2.688
INFO:__main__:Current altitude: 3.738
INFO:__main__:Current altitude: 4.833
INFO:__main__:Current altitude: 5.961
INFO:__main__:Current altitude: 7.113
INFO:__main__:Current altitude: 8.286
INFO:__main__:Current altitude: 9.472
INFO:__main__:Current altitude: 10.67
INFO:__main__:Current altitude: 11.878
INFO:__main__:Current altitude: 13.097
INFO:__main__:Current altitude: 14.32
INFO:__main__:Current altitude: 15.547
INFO:__main__:Current altitude: 16.748
INFO:__main__:Current altitude: 17.831
INFO:__main__:Current altitude: 18.683
INFO:__main__:Changing device mode from VehicleMode:GUIDED to AUTO...
INFO:autopilot:Mission: 1 WP
INFO:__main__:Device mode = VehicleMode:AUTO.
INFO:__main__:backing up old images...
INFO:root:Searching for target...
INFO:autopilot:Reached command #1
INFO:autopilot:Mission: 2 WP
INFO:autopilot:Reached command #2
INFO:autopilot:Mission: 3 WP
INFO:autopilot:Reached command #3
INFO:autopilot:Mission: 4 RTL
INFO:root:Changing device mode from VehicleMode:AUTO to GUIDED...
INFO:root:Device mode = VehicleMode:GUIDED.
INFO:__main__:Program exception: ['Traceback (most recent call last):\n', '  File "/home/usafa/PycharmProjects/USAFA/PEX3-COMP495/mission.py", line 686, in <module>\n    conduct_mission()\n', '  File "/home/usafa/PycharmProjects/USAFA/PEX3-COMP495/mission.py", line 596, in conduct_mission\n    if (x + (x + radius) / 2) > (frame_w / 2):\n', "NameError: name 'frame_w' is not defined\n"]
