INFO:__main__:PEX 03 start.
INFO:__main__:Connecting to device...
INFO:autopilot:ArduCopter V4.1.0-dev (428c9ef0)
INFO:autopilot:a3d9197b765643568af09eb2bd3e5ce7
INFO:autopilot:Frame: QUAD
INFO:__main__:Device connected.
INFO:root:Device version: APM:Copter-None.None.NoneUnknownReleaseType, log=
INFO:__main__:Looking for mission to execute...
INFO:__main__:Arming device...
INFO:__main__:Switching to GUIDED mode...
INFO:__main__:Waiting for arm...
INFO:autopilot:Arming motors
INFO:__main__:Device armed: True.
INFO:__main__:Device takeoff...
INFO:__main__:Current altitude: 0.009
INFO:__main__:Current altitude: 0.009
INFO:__main__:Current altitude: 0.009
INFO:__main__:Current altitude: 0.053
INFO:__main__:Current altitude: 0.256
INFO:__main__:Current altitude: 1.193
INFO:__main__:Current altitude: 1.776
INFO:__main__:Current altitude: 3.096
INFO:autopilot:EKF2 IMU0 in-flight yaw alignment complete
INFO:autopilot:EKF2 IMU1 in-flight yaw alignment complete
INFO:__main__:Current altitude: 3.804
INFO:__main__:Current altitude: 5.274
INFO:__main__:Current altitude: 6.03
INFO:__main__:Current altitude: 7.325
INFO:__main__:Current altitude: 8.506
INFO:__main__:Current altitude: 9.695
INFO:__main__:Current altitude: 10.891
INFO:__main__:Current altitude: 12.101
INFO:__main__:Current altitude: 13.315
INFO:__main__:Current altitude: 14.545
INFO:__main__:Current altitude: 15.767
INFO:__main__:Current altitude: 16.953
INFO:__main__:Current altitude: 17.999
INFO:__main__:Current altitude: 18.804
INFO:__main__:Changing device mode from VehicleMode:GUIDED to AUTO...
INFO:autopilot:Mission: 1 WP
INFO:__main__:Device mode = VehicleMode:AUTO.
INFO:__main__:backing up old images...
INFO:root:Searching for target...
INFO:autopilot:Reached command #1
INFO:autopilot:Mission: 2 WP
INFO:autopilot:Reached command #2
INFO:autopilot:Mission: 3 WP
INFO:root:Changing device mode from VehicleMode:AUTO to GUIDED...
INFO:root:Device mode = VehicleMode:GUIDED.
INFO:__main__:Goto point: 21.3209693, -157.923919, 1, 19.99...
INFO:__main__:Current altitude: 19.995
INFO:__main__:Current lat: 21.320982
INFO:root:Current lon: (-157.9239559, <Logger __main__ (DEBUG)>)
INFO:__main__:Relative position to destination: 1.0002501250625313,1.0000005956577218, 1.0000002336568155
INFO:__main__:Program exception: ['Traceback (most recent call last):\n', '  File "/home/usafa/PycharmProjects/USAFA/PEX3-COMP495/mission.py", line 748, in <module>\n    conduct_mission()\n', '  File "/home/usafa/PycharmProjects/USAFA/PEX3-COMP495/mission.py", line 661, in conduct_mission\n    determine_drone_actions((last_lat, last_lon), frm_display, target_sightings, x, y, radius)\n', '  File "/home/usafa/PycharmProjects/USAFA/PEX3-COMP495/mission.py", line 689, in determine_drone_actions\n    new_lat, new_lon = calc_new_location_to_target(last_obj_lat, last_obj_lon, last_obj_heading, distance)\n', '  File "/home/usafa/PycharmProjects/USAFA/PEX3-COMP495/mission.py", line 168, in calc_new_location_to_target\n    kilometers=(float(distance * .001))).destination(origin, heading)\n', "TypeError: unsupported operand type(s) for *: 'module' and 'float'\n"]
