INFO:__main__:PEX 03 start.
INFO:__main__:Connecting to device...
INFO:autopilot:ArduCopter V4.1.0-dev (428c9ef0)
INFO:autopilot:a3d9197b765643568af09eb2bd3e5ce7
INFO:autopilot:Frame: QUAD
INFO:__main__:Device connected.
INFO:root:Device version: APM:Copter-None.None.NoneUnknownReleaseType, log=
INFO:__main__:Looking for mission to execute...
INFO:__main__:Arming device...
INFO:__main__:Device armed: True.
INFO:__main__:Device takeoff...
INFO:__main__:Current altitude: 19.977
INFO:__main__:Changing device mode from VehicleMode:GUIDED to AUTO...
INFO:autopilot:Mission: 3 WP
INFO:__main__:Device mode = VehicleMode:AUTO.
INFO:__main__:backing up old images...
INFO:root:Searching for target...
INFO:root:Changing device mode from VehicleMode:AUTO to GUIDED...
INFO:root:Device mode = VehicleMode:GUIDED.
INFO:__main__:Goto point: 21.3210917, -157.9241329, 1, 19.974...
INFO:__main__:Current altitude: 19.974
INFO:__main__:Current lat: 21.3210978
INFO:root:Current lon: (-157.924137, <Logger __main__ (DEBUG)>)
INFO:__main__:Relative position to destination: 1.0,1.0000002861016728, 1.0000000259618333
INFO:root:Changing device mode from VehicleMode:GUIDED to AUTO...
INFO:autopilot:Mission: 3 WP
INFO:root:Device mode = VehicleMode:AUTO.
INFO:root:Changing device mode from VehicleMode:AUTO to GUIDED...
INFO:root:Device mode = VehicleMode:GUIDED.
INFO:__main__:Goto point: 21.3209869, -157.924022, 1, 19.971...
INFO:__main__:Current altitude: 19.972
INFO:__main__:Current lat: 21.3209883
INFO:root:Current lon: (-157.9240238, <Logger __main__ (DEBUG)>)
INFO:__main__:Relative position to destination: 1.0000500726052777,1.0000000656630017, 1.000000011397886
INFO:root:Changing device mode from VehicleMode:GUIDED to AUTO...
INFO:autopilot:Mission: 3 WP
INFO:root:Device mode = VehicleMode:AUTO.
INFO:root:Changing device mode from VehicleMode:AUTO to GUIDED...
INFO:root:Device mode = VehicleMode:GUIDED.
INFO:__main__:Goto point: 21.3209943, -157.9240393, 1, 19.972...
INFO:__main__:Current altitude: 19.969
INFO:__main__:Current lat: 21.320997
INFO:root:Current lon: (-157.9240452, <Logger __main__ (DEBUG)>)
INFO:__main__:Relative position to destination: 0.9998497897055878,1.000000126635745, 1.0000000373597333
INFO:root:Changing device mode from VehicleMode:GUIDED to AUTO...
INFO:autopilot:Mission: 3 WP
INFO:root:Device mode = VehicleMode:AUTO.
INFO:root:Changing device mode from VehicleMode:AUTO to GUIDED...
INFO:root:Device mode = VehicleMode:GUIDED.
INFO:__main__:Goto point: 21.3210004, -157.9240499, 1, 19.973...
INFO:__main__:Current altitude: 19.971
INFO:__main__:Current lat: 21.321002
INFO:root:Current lon: (-157.9240554, <Logger __main__ (DEBUG)>)
INFO:__main__:Relative position to destination: 0.9998998648175037,1.000000075043383, 1.0000000348268676
