INFO:__main__:PEX 03 start.
INFO:__main__:Connecting to device...
INFO:autopilot:ArduCopter V4.1.0-dev (428c9ef0)
INFO:autopilot:a3d9197b765643568af09eb2bd3e5ce7
INFO:autopilot:Frame: QUAD
DEBUG:dronekit:Still waiting for data from vehicle: parameters
INFO:__main__:Device connected.
INFO:root:Device version: APM:Copter-None.None.NoneUnknownReleaseType, log=
INFO:__main__:Looking for mission to execute...
INFO:__main__:Arming device...
INFO:__main__:Switching to GUIDED mode...
INFO:__main__:Waiting for arm...
INFO:autopilot:Arming motors
INFO:__main__:Device armed: True.
INFO:__main__:Device takeoff...
INFO:__main__:Current altitude: 0.0
INFO:__main__:Current altitude: 0.0
INFO:__main__:Current altitude: 0.0
INFO:__main__:Current altitude: 0.044
INFO:__main__:Current altitude: 0.466
INFO:__main__:Current altitude: 1.189
INFO:__main__:Current altitude: 2.086
INFO:__main__:Current altitude: 3.089
INFO:autopilot:EKF2 IMU0 in-flight yaw alignment complete
INFO:autopilot:EKF2 IMU1 in-flight yaw alignment complete
INFO:__main__:Current altitude: 4.156
INFO:__main__:Current altitude: 5.267
INFO:__main__:Current altitude: 6.405
INFO:__main__:Current altitude: 7.566
INFO:__main__:Current altitude: 8.744
INFO:__main__:Current altitude: 9.938
INFO:__main__:Current altitude: 11.141
INFO:__main__:Current altitude: 12.351
INFO:__main__:Current altitude: 12.96
INFO:__main__:Current altitude: 14.106
INFO:__main__:Current altitude: 15.737
INFO:__main__:Current altitude: 16.534
INFO:__main__:Current altitude: 17.976
INFO:__main__:Current altitude: 18.545
INFO:__main__:Changing device mode from VehicleMode:GUIDED to AUTO...
INFO:autopilot:Mission: 1 WP
INFO:__main__:Device mode = VehicleMode:AUTO.
INFO:__main__:backing up old images...
INFO:root:Searching for target...
INFO:autopilot:Reached command #1
INFO:autopilot:Mission: 2 WP
INFO:root:Changing device mode from VehicleMode:AUTO to GUIDED...
INFO:root:Device mode = VehicleMode:GUIDED.
INFO:__main__:Goto point: 21.3214193, -157.9237918, 1, 20.004...
INFO:__main__:Current altitude: 20.004
INFO:__main__:Current lat: 21.3213951
INFO:root:Current lon: (-157.9238117, <Logger __main__ (DEBUG)>)
INFO:__main__:Relative position to destination: 1.0,0.9999988649911313, 1.0000001260101454
INFO:root:Changing device mode from VehicleMode:GUIDED to AUTO...
INFO:autopilot:Mission: 2 WP
INFO:root:Device mode = VehicleMode:AUTO.
INFO:root:Changing device mode from VehicleMode:AUTO to GUIDED...
INFO:root:Device mode = VehicleMode:GUIDED.
INFO:__main__:Goto point: 21.3212794, -157.92403, 1, 20.005...
INFO:__main__:Current altitude: 20.004
INFO:__main__:Current lat: 21.3212745
INFO:root:Current lon: (-157.9240322, <Logger __main__ (DEBUG)>)
INFO:__main__:Relative position to destination: 0.9999500124968759,0.9999997701826467, 1.000000013930749
INFO:__main__:Program exception: ['Traceback (most recent call last):\n', '  File "/home/usafa/PycharmProjects/USAFA/PEX3-COMP495/mission.py", line 661, in <module>\n    conduct_mission()\n', '  File "/home/usafa/PycharmProjects/USAFA/PEX3-COMP495/mission.py", line 550, in conduct_mission\n    determine_drone_actions((last_lat, last_lon), frm_display, target_sightings, ogbbox)\n', '  File "/home/usafa/PycharmProjects/USAFA/PEX3-COMP495/mission.py", line 596, in determine_drone_actions\n    distance = get_ground_distance(drone.location.global_relative_frame.alt, hypo)\n', '  File "/home/usafa/PycharmProjects/USAFA/PEX3-COMP495/mission.py", line 587, in get_ground_distance\n    return math.sqrt(hypotenuse ** 2 - height ** 2)\n', 'ValueError: math domain error\n']
