INFO:__main__:PEX 03 start.
INFO:__main__:Connecting to device...
INFO:autopilot:ArduCopter V4.1.0-dev (428c9ef0)
INFO:autopilot:a3d9197b765643568af09eb2bd3e5ce7
INFO:autopilot:Frame: QUAD
INFO:__main__:Device connected.
INFO:root:Device version: APM:Copter-None.None.NoneUnknownReleaseType, log=
INFO:__main__:Looking for mission to execute...
INFO:__main__:Arming device...
INFO:__main__:Switching to GUIDED mode...
INFO:__main__:Waiting for arm...
INFO:autopilot:Arming motors
INFO:__main__:Device armed: True.
INFO:__main__:Device takeoff...
INFO:__main__:Current altitude: 0.009
INFO:__main__:Current altitude: 0.009
INFO:__main__:Current altitude: 0.009
INFO:__main__:Current altitude: 0.054
INFO:__main__:Current altitude: 0.476
INFO:__main__:Current altitude: 0.82
INFO:__main__:Current altitude: 2.153
INFO:autopilot:EKF2 IMU0 in-flight yaw alignment complete
INFO:autopilot:EKF2 IMU1 in-flight yaw alignment complete
INFO:__main__:Current altitude: 2.815
INFO:__main__:Current altitude: 4.227
INFO:__main__:Current altitude: 4.961
INFO:__main__:Current altitude: 6.475
INFO:__main__:Current altitude: 7.245
INFO:__main__:Current altitude: 8.809
INFO:__main__:Current altitude: 9.605
INFO:__main__:Current altitude: 11.202
INFO:__main__:Current altitude: 12.007
INFO:__main__:Current altitude: 13.634
INFO:__main__:Current altitude: 14.447
INFO:__main__:Current altitude: 16.073
INFO:__main__:Current altitude: 16.863
INFO:__main__:Current altitude: 18.227
INFO:__main__:Changing device mode from VehicleMode:GUIDED to AUTO...
INFO:autopilot:Mission: 1 WP
INFO:__main__:Device mode = VehicleMode:AUTO.
INFO:__main__:backing up old images...
INFO:root:Searching for target...
INFO:autopilot:Reached command #1
INFO:autopilot:Mission: 2 WP
