INFO:__main__:PEX 03 start.
INFO:__main__:Connecting to device...
INFO:autopilot:ArduCopter V4.1.0-dev (428c9ef0)
INFO:autopilot:a3d9197b765643568af09eb2bd3e5ce7
INFO:autopilot:Frame: QUAD
INFO:__main__:Device connected.
INFO:root:Device version: APM:Copter-None.None.NoneUnknownReleaseType, log=
INFO:__main__:Looking for mission to execute...
INFO:__main__:Arming device...
INFO:__main__:Switching to GUIDED mode...
INFO:__main__:Device armed: True.
INFO:__main__:Device takeoff...
INFO:__main__:Current altitude: 0.88
INFO:__main__:Current altitude: 0.868
INFO:__main__:Current altitude: 0.851
INFO:__main__:Current altitude: 0.845
INFO:__main__:Current altitude: 0.841
INFO:__main__:Current altitude: 0.84
INFO:__main__:Current altitude: 0.838
INFO:__main__:Current altitude: 0.838
INFO:__main__:Current altitude: 0.837
INFO:__main__:Current altitude: 0.837
INFO:__main__:Current altitude: 0.836
INFO:__main__:Current altitude: 0.834
INFO:__main__:Current altitude: 0.833
INFO:__main__:Current altitude: 0.832
INFO:__main__:Current altitude: 0.831
INFO:__main__:Current altitude: 0.832
INFO:__main__:Current altitude: 0.831
INFO:__main__:Current altitude: 0.832
INFO:__main__:Current altitude: 0.833
INFO:__main__:Current altitude: 0.833
INFO:__main__:Current altitude: 0.833
INFO:__main__:Current altitude: 0.833
INFO:__main__:Current altitude: 0.833
INFO:__main__:Current altitude: 0.833
INFO:__main__:Current altitude: 0.833
INFO:__main__:Current altitude: 0.833
INFO:__main__:Current altitude: 0.833
INFO:__main__:Current altitude: 0.832
INFO:__main__:Current altitude: 0.831
INFO:__main__:Current altitude: 0.829
INFO:__main__:Current altitude: 0.828
INFO:__main__:Current altitude: 0.828
INFO:__main__:Current altitude: 0.828
INFO:__main__:Current altitude: 0.829
INFO:__main__:Current altitude: 0.829
INFO:__main__:Current altitude: 0.829
INFO:__main__:Current altitude: 0.829
INFO:__main__:Current altitude: 0.828
INFO:__main__:Current altitude: 0.829
INFO:__main__:Current altitude: 0.828
INFO:__main__:Current altitude: 0.828
INFO:__main__:Current altitude: 0.827
INFO:__main__:Current altitude: 0.826
INFO:__main__:Current altitude: 0.826
INFO:__main__:Current altitude: 0.826
INFO:__main__:Current altitude: 0.825
INFO:__main__:Current altitude: 0.825
INFO:__main__:Current altitude: 0.825
INFO:__main__:Current altitude: 0.825
INFO:__main__:Current altitude: 0.826
INFO:__main__:Current altitude: 0.826
INFO:__main__:Current altitude: 0.827
INFO:__main__:Current altitude: 0.827
INFO:__main__:Current altitude: 0.827
INFO:__main__:Current altitude: 0.826
INFO:__main__:Current altitude: 0.826
INFO:__main__:Current altitude: 0.827
INFO:__main__:Current altitude: 0.828
INFO:__main__:Current altitude: 0.828
INFO:__main__:Current altitude: 0.829
INFO:__main__:Current altitude: 0.83
INFO:__main__:Current altitude: 0.83
INFO:__main__:Current altitude: 0.83
INFO:__main__:Current altitude: 0.829
INFO:__main__:Current altitude: 0.829
