INFO:__main__:PEX 03 start.
INFO:__main__:Connecting to device...
INFO:autopilot:ArduCopter V4.1.0-dev (428c9ef0)
INFO:autopilot:a3d9197b765643568af09eb2bd3e5ce7
INFO:autopilot:Frame: QUAD
INFO:__main__:Device connected.
INFO:root:Device version: APM:Copter-None.None.NoneUnknownReleaseType, log=
INFO:__main__:Looking for mission to execute...
INFO:__main__:Arming device...
INFO:__main__:Switching to GUIDED mode...
INFO:__main__:Waiting for arm...
INFO:autopilot:Arming motors
INFO:__main__:Device armed: True.
INFO:__main__:Device takeoff...
INFO:__main__:Current altitude: 0.007
INFO:__main__:Current altitude: 0.007
INFO:__main__:Current altitude: 0.007
INFO:__main__:Current altitude: 0.007
INFO:__main__:Current altitude: 0.293
INFO:__main__:Current altitude: 0.744
INFO:__main__:Current altitude: 1.838
INFO:autopilot:EKF2 IMU0 in-flight yaw alignment complete
INFO:autopilot:EKF2 IMU1 in-flight yaw alignment complete
INFO:__main__:Current altitude: 2.485
INFO:__main__:Current altitude: 3.879
INFO:__main__:Current altitude: 4.616
INFO:__main__:Current altitude: 6.119
INFO:__main__:Current altitude: 6.885
INFO:__main__:Current altitude: 8.444
INFO:__main__:Current altitude: 10.027
INFO:__main__:Current altitude: 10.825
INFO:__main__:Current altitude: 12.004
INFO:__main__:Current altitude: 13.217
INFO:__main__:Current altitude: 14.446
INFO:__main__:Current altitude: 15.671
INFO:__main__:Current altitude: 16.858
INFO:__main__:Current altitude: 17.919
INFO:__main__:Current altitude: 18.746
INFO:__main__:Changing device mode from VehicleMode:GUIDED to AUTO...
INFO:autopilot:Mission: 1 WP
INFO:__main__:Device mode = VehicleMode:AUTO.
INFO:__main__:backing up old images...
INFO:root:Searching for target...
INFO:autopilot:Reached command #1
INFO:autopilot:Mission: 2 WP
INFO:autopilot:Reached command #2
INFO:autopilot:Mission: 3 WP
INFO:root:Changing device mode from VehicleMode:AUTO to GUIDED...
INFO:root:Device mode = VehicleMode:GUIDED.
INFO:__main__:Goto point: 21.3212372, -157.9239719, 1, 10.012...
INFO:__main__:Current altitude: 10.013
INFO:__main__:Current lat: 21.3212368
INFO:root:Current lon: (-157.924, <Logger __main__ (DEBUG)>)
INFO:__main__:Relative position to destination: 1.0000998801438274,0.9999999812393627, 1.0000001779337213
INFO:__main__:Program exception: ['Traceback (most recent call last):\n', '  File "/home/usafa/PycharmProjects/USAFA/PEX3-COMP495/mission.py", line 754, in <module>\n    conduct_mission()\n', '  File "/home/usafa/PycharmProjects/USAFA/PEX3-COMP495/mission.py", line 664, in conduct_mission\n    determine_drone_actions((last_lat, last_lon), frm_display, target_sightings, x, y, radius)\n', '  File "/home/usafa/PycharmProjects/USAFA/PEX3-COMP495/mission.py", line 695, in determine_drone_actions\n    new_lat, new_lon = calc_new_location_to_target(last_obj_lat, last_obj_lon, last_obj_heading, distance)\n', '  File "/home/usafa/PycharmProjects/USAFA/PEX3-COMP495/mission.py", line 171, in calc_new_location_to_target\n    kilometers=(float(distance * .001))).destination(origin, heading)\n', "TypeError: unsupported operand type(s) for *: 'module' and 'float'\n"]
