INFO:__main__:PEX 03 start.
INFO:__main__:Connecting to device...
INFO:autopilot:ArduCopter V4.1.0-dev (428c9ef0)
INFO:autopilot:a3d9197b765643568af09eb2bd3e5ce7
INFO:autopilot:Frame: QUAD
INFO:__main__:Device connected.
INFO:root:Device version: APM:Copter-None.None.NoneUnknownReleaseType, log=
INFO:__main__:Looking for mission to execute...
INFO:__main__:Arming device...
INFO:__main__:Switching to GUIDED mode...
INFO:__main__:Waiting for arm...
INFO:autopilot:Arming motors
INFO:__main__:Device armed: True.
INFO:__main__:Device takeoff...
INFO:__main__:Current altitude: 0.009
INFO:__main__:Current altitude: 0.009
INFO:__main__:Current altitude: 0.009
INFO:__main__:Current altitude: 0.009
INFO:__main__:Current altitude: 0.296
INFO:__main__:Current altitude: 0.745
INFO:__main__:Current altitude: 1.842
INFO:autopilot:EKF2 IMU0 in-flight yaw alignment complete
INFO:autopilot:EKF2 IMU1 in-flight yaw alignment complete
INFO:__main__:Current altitude: 2.488
INFO:__main__:Current altitude: 3.88
INFO:__main__:Current altitude: 4.613
INFO:__main__:Current altitude: 6.066
INFO:__main__:Current altitude: 7.223
INFO:__main__:Current altitude: 8.396
INFO:__main__:Current altitude: 9.583
INFO:__main__:Current altitude: 10.783
INFO:__main__:Current altitude: 11.993
INFO:__main__:Current altitude: 13.209
INFO:__main__:Current altitude: 14.431
INFO:__main__:Current altitude: 15.658
INFO:__main__:Current altitude: 16.852
INFO:__main__:Current altitude: 17.916
INFO:__main__:Current altitude: 18.74
INFO:__main__:Changing device mode from VehicleMode:GUIDED to AUTO...
INFO:autopilot:Mission: 1 WP
INFO:__main__:Device mode = VehicleMode:AUTO.
INFO:__main__:backing up old images...
INFO:root:Searching for target...
INFO:root:Starting camera feed...
INFO:__main__:Program exception: ['Traceback (most recent call last):\n', '  File "/home/usafa/PycharmProjects/USAFA/PEX3-COMP495/mission.py", line 607, in <module>\n    conduct_mission()\n', '  File "/home/usafa/PycharmProjects/USAFA/PEX3-COMP495/mission.py", line 466, in conduct_mission\n    = check_for_initial_target(frame_display, visdrone_net, visdrone_classes)\n', 'TypeError: check_for_initial_target() takes from 0 to 1 positional arguments but 3 were given\n']
