INFO:__main__:PEX 03 start.
INFO:__main__:Connecting to device...
INFO:autopilot:ArduCopter V4.1.0-dev (26a3a02c)
INFO:autopilot:C22MKUTT
INFO:autopilot:Frame: QUAD
INFO:__main__:Device connected.
INFO:autopilot:EKF2 IMU0 is using GPS
INFO:autopilot:EKF2 IMU1 is using GPS
INFO:__main__:Looking for mission to execute...
INFO:__main__:Arming device...
INFO:__main__:Switching to GUIDED mode...
INFO:__main__:Waiting for arm...
INFO:autopilot:Arming motors
INFO:__main__:Device armed: True.
INFO:__main__:Device takeoff...
INFO:__main__:Current altitude: 0.003
INFO:__main__:Current altitude: 0.003
INFO:__main__:Current altitude: 0.003
INFO:__main__:Current altitude: 0.005
INFO:__main__:Current altitude: 0.492
INFO:__main__:Current altitude: 1.226
INFO:__main__:Current altitude: 1.663
INFO:autopilot:EKF2 IMU0 in-flight yaw alignment complete
INFO:autopilot:EKF2 IMU1 in-flight yaw alignment complete
INFO:__main__:Current altitude: 2.634
INFO:__main__:Current altitude: 4.228
INFO:__main__:Current altitude: 5.341
INFO:__main__:Current altitude: 6.483
INFO:__main__:Current altitude: 7.655
INFO:__main__:Current altitude: 8.836
INFO:__main__:Current altitude: 10.027
INFO:__main__:Current altitude: 11.231
INFO:__main__:Current altitude: 12.449
INFO:__main__:Current altitude: 13.669
INFO:__main__:Current altitude: 14.89
INFO:__main__:Current altitude: 16.113
INFO:__main__:Current altitude: 17.279
INFO:__main__:Current altitude: 18.272
INFO:__main__:Current altitude: 18.995
INFO:__main__:Current altitude: 19.435
INFO:__main__:Changing device mode from VehicleMode:GUIDED to AUTO...
INFO:autopilot:Mission: 1 Takeoff
INFO:autopilot:Mission: 2 WP
INFO:__main__:Device mode = VehicleMode:AUTO.
INFO:__main__:backing up old images...
INFO:root:Searching for target...
INFO:root:Starting camera feed...
INFO:root:configuring rgb stream.
INFO:root:Starting camera streams...
INFO:__main__:Program exception: ['Traceback (most recent call last):\n', '  File "C:/Users/C22Mason.Utt/Documents/GitHub/PEX3-COMP495/mission_starter_code.py", line 408, in main\n    conduct_mission()\n', '  File "C:/Users/C22Mason.Utt/Documents/GitHub/PEX3-COMP495/mission_starter_code.py", line 269, in conduct_mission\n    = check_for_initial_target(frame_display)\n', 'TypeError: check_for_initial_target() takes 0 positional arguments but 1 was given\n']
