INFO:__main__:PEX 03 start.
INFO:__main__:Connecting to device...
INFO:autopilot:ArduCopter V4.1.0-dev (26a3a02c)
INFO:autopilot:C22MKUTT
INFO:autopilot:Frame: QUAD
INFO:__main__:Device connected.
INFO:__main__:Looking for mission to execute...
INFO:__main__:Arming device...
INFO:__main__:Switching to GUIDED mode...
INFO:__main__:Waiting for arm...
INFO:autopilot:Arming motors
INFO:__main__:Device armed: True.
INFO:__main__:Device takeoff...
INFO:__main__:Current altitude: 0.007
INFO:__main__:Current altitude: 0.007
INFO:__main__:Current altitude: 0.007
INFO:__main__:Current altitude: 0.021
INFO:__main__:Current altitude: 0.285
INFO:__main__:Current altitude: 0.979
INFO:__main__:Current altitude: 1.838
INFO:__main__:Current altitude: 2.834
INFO:autopilot:EKF2 IMU0 in-flight yaw alignment complete
INFO:autopilot:EKF2 IMU1 in-flight yaw alignment complete
INFO:__main__:Current altitude: 3.893
INFO:__main__:Current altitude: 4.998
INFO:__main__:Current altitude: 6.133
INFO:__main__:Current altitude: 7.3
INFO:__main__:Current altitude: 8.478
INFO:__main__:Current altitude: 9.667
INFO:__main__:Current altitude: 10.867
INFO:__main__:Current altitude: 12.087
INFO:__main__:Current altitude: 13.306
INFO:__main__:Current altitude: 14.525
INFO:__main__:Current altitude: 15.751
INFO:__main__:Current altitude: 16.945
INFO:__main__:Current altitude: 17.999
INFO:__main__:Current altitude: 18.805
INFO:__main__:Current altitude: 19.325
INFO:__main__:Changing device mode from VehicleMode:GUIDED to AUTO...
INFO:autopilot:Mission: 1 Takeoff
INFO:autopilot:Mission: 2 WP
INFO:__main__:Device mode = VehicleMode:AUTO.
INFO:__main__:backing up old images...
INFO:root:Searching for target...
INFO:root:Starting camera feed...
INFO:root:configuring rgb stream.
INFO:root:Starting camera streams...
INFO:root:(Potential) target acquired @((0, 0)) with radius 10.
INFO:root:Locking in on lat 21.3219989, lon -157.9239984, alt 19.61, heading 249.
INFO:root:(Potential) target acquired @((0, 0)) with radius 10.
INFO:root:Locking in on lat 21.3219962, lon -157.9239994, alt 19.872, heading 249.
INFO:root:(Potential) target acquired @((0, 0)) with radius 10.
INFO:root:Locking in on lat 21.3219962, lon -157.9239994, alt 19.872, heading 249.
INFO:root:(Potential) target acquired @((0, 0)) with radius 10.
INFO:root:Locking in on lat 21.3219962, lon -157.9239994, alt 19.872, heading 249.
INFO:root:(Potential) target acquired @((0, 0)) with radius 10.
INFO:root:Locking in on lat 21.3219962, lon -157.9239994, alt 19.872, heading 249.
INFO:root:(Potential) target acquired @((0, 0)) with radius 10.
INFO:root:Locking in on lat 21.3219962, lon -157.9239994, alt 19.872, heading 249.
INFO:root:(Potential) target acquired @((0, 0)) with radius 10.
INFO:root:Locking in on lat 21.3219962, lon -157.9239994, alt 19.872, heading 249.
INFO:root:(Potential) target acquired @((0, 0)) with radius 10.
INFO:root:Locking in on lat 21.3219962, lon -157.9239994, alt 19.872, heading 249.
INFO:root:(Potential) target acquired @((0, 0)) with radius 10.
INFO:root:Locking in on lat 21.3219962, lon -157.9239994, alt 19.872, heading 249.
INFO:root:(Potential) target acquired @((0, 0)) with radius 10.
INFO:root:Locking in on lat 21.3219962, lon -157.9239994, alt 19.872, heading 249.
INFO:root:(Potential) target acquired @((0, 0)) with radius 10.
INFO:root:Locking in on lat 21.3219944, lon -157.924, alt 19.894, heading 249.
INFO:root:(Potential) target acquired @((0, 0)) with radius 10.
INFO:root:Locking in on lat 21.3219944, lon -157.924, alt 19.894, heading 249.
INFO:root:(Potential) target acquired @((0, 0)) with radius 10.
INFO:root:Locking in on lat 21.3219944, lon -157.924, alt 19.894, heading 249.
INFO:root:(Potential) target acquired @((0, 0)) with radius 10.
INFO:root:Locking in on lat 21.3219944, lon -157.924, alt 19.894, heading 249.
INFO:root:(Potential) target acquired @((0, 0)) with radius 10.
INFO:root:Locking in on lat 21.3219944, lon -157.924, alt 19.894, heading 249.
INFO:root:(Potential) target acquired @((0, 0)) with radius 10.
INFO:root:Locking in on lat 21.3219944, lon -157.924, alt 19.894, heading 249.
INFO:root:(Potential) target acquired @((0, 0)) with radius 10.
INFO:root:Locking in on lat 21.3219944, lon -157.924, alt 19.894, heading 249.
INFO:root:(Potential) target acquired @((0, 0)) with radius 10.
INFO:root:Locking in on lat 21.3219922, lon -157.9240007, alt 19.912, heading 249.
INFO:root:(Potential) target acquired @((0, 0)) with radius 10.
INFO:root:Locking in on lat 21.3219922, lon -157.9240007, alt 19.912, heading 249.
INFO:root:(Potential) target acquired @((0, 0)) with radius 10.
INFO:root:Locking in on lat 21.3219922, lon -157.9240007, alt 19.912, heading 249.
INFO:root:(Potential) target acquired @((0, 0)) with radius 10.
INFO:root:Locking in on lat 21.3219922, lon -157.9240007, alt 19.912, heading 249.
INFO:root:(Potential) target acquired @((0, 0)) with radius 10.
INFO:root:Locking in on lat 21.3219922, lon -157.9240007, alt 19.912, heading 249.
INFO:root:(Potential) target acquired @((0, 0)) with radius 10.
INFO:root:Locking in on lat 21.3219922, lon -157.9240007, alt 19.912, heading 249.
INFO:root:(Potential) target acquired @((0, 0)) with radius 10.
INFO:root:Locking in on lat 21.3219894, lon -157.9240017, alt 19.927, heading 239.
INFO:root:(Potential) target acquired @((0, 0)) with radius 10.
INFO:root:Locking in on lat 21.3219894, lon -157.9240017, alt 19.927, heading 239.
INFO:root:(Potential) target acquired @((0, 0)) with radius 10.
INFO:root:Locking in on lat 21.3219894, lon -157.9240017, alt 19.927, heading 239.
INFO:root:(Potential) target acquired @((0, 0)) with radius 10.
INFO:root:Locking in on lat 21.3219894, lon -157.9240017, alt 19.927, heading 239.
INFO:root:(Potential) target acquired @((0, 0)) with radius 10.
INFO:root:Locking in on lat 21.3219894, lon -157.9240017, alt 19.927, heading 239.
INFO:root:(Potential) target acquired @((0, 0)) with radius 10.
INFO:root:Locking in on lat 21.3219894, lon -157.9240017, alt 19.927, heading 239.
INFO:root:(Potential) target acquired @((0, 0)) with radius 10.
INFO:root:Locking in on lat 21.3219894, lon -157.9240017, alt 19.927, heading 239.
INFO:root:(Potential) target acquired @((0, 0)) with radius 10.
INFO:root:Locking in on lat 21.3219861, lon -157.9240028, alt 19.939, heading 223.
INFO:root:(Potential) target acquired @((0, 0)) with radius 10.
INFO:root:Locking in on lat 21.3219861, lon -157.9240028, alt 19.939, heading 223.
INFO:root:(Potential) target acquired @((0, 0)) with radius 10.
INFO:root:Locking in on lat 21.3219861, lon -157.9240028, alt 19.939, heading 223.
INFO:root:(Potential) target acquired @((0, 0)) with radius 10.
INFO:root:Locking in on lat 21.3219861, lon -157.9240028, alt 19.939, heading 223.
INFO:root:(Potential) target acquired @((0, 0)) with radius 10.
INFO:root:Locking in on lat 21.3219861, lon -157.9240028, alt 19.939, heading 223.
INFO:root:(Potential) target acquired @((0, 0)) with radius 10.
INFO:root:Locking in on lat 21.3219861, lon -157.9240028, alt 19.939, heading 223.
INFO:root:(Potential) target acquired @((0, 0)) with radius 10.
INFO:root:Locking in on lat 21.3219861, lon -157.9240028, alt 19.939, heading 223.
INFO:root:(Potential) target acquired @((0, 0)) with radius 10.
INFO:root:Locking in on lat 21.3219823, lon -157.9240039, alt 19.948, heading 208.
INFO:root:(Potential) target acquired @((0, 0)) with radius 10.
INFO:root:Locking in on lat 21.3219823, lon -157.9240039, alt 19.948, heading 208.
INFO:root:(Potential) target acquired @((0, 0)) with radius 10.
INFO:root:Locking in on lat 21.3219823, lon -157.9240039, alt 19.948, heading 208.
INFO:root:(Potential) target acquired @((0, 0)) with radius 10.
INFO:root:Locking in on lat 21.3219823, lon -157.9240039, alt 19.948, heading 208.
INFO:root:(Potential) target acquired @((0, 0)) with radius 10.
INFO:root:Locking in on lat 21.3219823, lon -157.9240039, alt 19.948, heading 208.
INFO:root:(Potential) target acquired @((0, 0)) with radius 10.
INFO:root:Locking in on lat 21.3219823, lon -157.9240039, alt 19.948, heading 208.
INFO:root:(Potential) target acquired @((0, 0)) with radius 10.
INFO:root:Locking in on lat 21.321978, lon -157.9240053, alt 19.955, heading 200.
INFO:root:(Potential) target acquired @((0, 0)) with radius 10.
INFO:root:Locking in on lat 21.321978, lon -157.9240053, alt 19.955, heading 200.
INFO:root:(Potential) target acquired @((0, 0)) with radius 10.
INFO:root:Locking in on lat 21.321978, lon -157.9240053, alt 19.955, heading 200.
INFO:root:(Potential) target acquired @((0, 0)) with radius 10.
INFO:root:Locking in on lat 21.321978, lon -157.9240053, alt 19.955, heading 200.
INFO:root:(Potential) target acquired @((0, 0)) with radius 10.
INFO:root:Locking in on lat 21.321978, lon -157.9240053, alt 19.955, heading 200.
INFO:root:(Potential) target acquired @((0, 0)) with radius 10.
INFO:root:Locking in on lat 21.321978, lon -157.9240053, alt 19.955, heading 200.
INFO:root:(Potential) target acquired @((0, 0)) with radius 10.
INFO:root:Locking in on lat 21.321978, lon -157.9240053, alt 19.955, heading 200.
INFO:root:(Potential) target acquired @((0, 0)) with radius 10.
INFO:root:Locking in on lat 21.321978, lon -157.9240053, alt 19.955, heading 200.
INFO:root:(Potential) target acquired @((0, 0)) with radius 10.
INFO:root:Locking in on lat 21.3219733, lon -157.9240068, alt 19.961, heading 199.
INFO:root:(Potential) target acquired @((0, 0)) with radius 10.
INFO:root:Locking in on lat 21.3219733, lon -157.9240068, alt 19.961, heading 199.
INFO:root:(Potential) target acquired @((0, 0)) with radius 10.
INFO:root:Locking in on lat 21.3219733, lon -157.9240068, alt 19.961, heading 199.
INFO:root:(Potential) target acquired @((0, 0)) with radius 10.
INFO:root:Locking in on lat 21.3219733, lon -157.9240068, alt 19.961, heading 199.
INFO:root:(Potential) target acquired @((0, 0)) with radius 10.
INFO:root:Locking in on lat 21.3219733, lon -157.9240068, alt 19.961, heading 199.
INFO:root:(Potential) target acquired @((0, 0)) with radius 10.
INFO:root:Locking in on lat 21.3219733, lon -157.9240068, alt 19.961, heading 199.
INFO:root:(Potential) target acquired @((0, 0)) with radius 10.
INFO:root:Locking in on lat 21.3219733, lon -157.9240068, alt 19.961, heading 199.
INFO:root:(Potential) target acquired @((0, 0)) with radius 10.
INFO:root:Locking in on lat 21.321968, lon -157.9240087, alt 19.965, heading 199.
INFO:root:(Potential) target acquired @((0, 0)) with radius 10.
INFO:root:Locking in on lat 21.321968, lon -157.9240087, alt 19.965, heading 199.
INFO:root:(Potential) target acquired @((0, 0)) with radius 10.
INFO:root:Locking in on lat 21.321968, lon -157.9240087, alt 19.965, heading 199.
INFO:root:(Potential) target acquired @((0, 0)) with radius 10.
INFO:root:Locking in on lat 21.321968, lon -157.9240087, alt 19.965, heading 199.
INFO:root:(Potential) target acquired @((0, 0)) with radius 10.
INFO:root:Locking in on lat 21.321968, lon -157.9240087, alt 19.965, heading 199.
INFO:root:(Potential) target acquired @((0, 0)) with radius 10.
INFO:root:Locking in on lat 21.321968, lon -157.9240087, alt 19.965, heading 199.
INFO:root:(Potential) target acquired @((0, 0)) with radius 10.
INFO:root:Locking in on lat 21.321968, lon -157.9240087, alt 19.965, heading 199.
INFO:root:(Potential) target acquired @((0, 0)) with radius 10.
INFO:root:Locking in on lat 21.3219622, lon -157.9240107, alt 19.968, heading 198.
INFO:root:(Potential) target acquired @((0, 0)) with radius 10.
INFO:root:Locking in on lat 21.3219622, lon -157.9240107, alt 19.968, heading 198.
INFO:root:(Potential) target acquired @((0, 0)) with radius 10.
INFO:root:Locking in on lat 21.3219622, lon -157.9240107, alt 19.968, heading 198.
INFO:root:(Potential) target acquired @((0, 0)) with radius 10.
INFO:root:Locking in on lat 21.3219622, lon -157.9240107, alt 19.968, heading 198.
INFO:root:(Potential) target acquired @((0, 0)) with radius 10.
INFO:root:Locking in on lat 21.3219622, lon -157.9240107, alt 19.968, heading 198.
INFO:root:(Potential) target acquired @((0, 0)) with radius 10.
INFO:root:Locking in on lat 21.3219622, lon -157.9240107, alt 19.968, heading 198.
INFO:root:(Potential) target acquired @((0, 0)) with radius 10.
INFO:root:Locking in on lat 21.321956, lon -157.924013, alt 19.971, heading 198.
INFO:root:(Potential) target acquired @((0, 0)) with radius 10.
INFO:root:Locking in on lat 21.321956, lon -157.924013, alt 19.971, heading 198.
INFO:root:(Potential) target acquired @((0, 0)) with radius 10.
INFO:root:Locking in on lat 21.321956, lon -157.924013, alt 19.971, heading 198.
INFO:root:(Potential) target acquired @((0, 0)) with radius 10.
INFO:root:Locking in on lat 21.321956, lon -157.924013, alt 19.971, heading 198.
INFO:root:(Potential) target acquired @((0, 0)) with radius 10.
INFO:root:Locking in on lat 21.321956, lon -157.924013, alt 19.971, heading 198.
INFO:root:(Potential) target acquired @((0, 0)) with radius 10.
INFO:root:Locking in on lat 21.321956, lon -157.924013, alt 19.971, heading 198.
INFO:root:(Potential) target acquired @((0, 0)) with radius 10.
INFO:root:Locking in on lat 21.321956, lon -157.924013, alt 19.971, heading 198.
INFO:root:(Potential) target acquired @((0, 0)) with radius 10.
INFO:root:Locking in on lat 21.321956, lon -157.924013, alt 19.971, heading 198.
INFO:root:(Potential) target acquired @((0, 0)) with radius 10.
INFO:root:Locking in on lat 21.3219494, lon -157.9240154, alt 19.974, heading 198.
INFO:root:(Potential) target acquired @((0, 0)) with radius 10.
INFO:root:Locking in on lat 21.3219494, lon -157.9240154, alt 19.974, heading 198.
INFO:root:(Potential) target acquired @((0, 0)) with radius 10.
INFO:root:Locking in on lat 21.3219494, lon -157.9240154, alt 19.974, heading 198.
INFO:root:(Potential) target acquired @((0, 0)) with radius 10.
INFO:root:Locking in on lat 21.3219494, lon -157.9240154, alt 19.974, heading 198.
INFO:root:(Potential) target acquired @((0, 0)) with radius 10.
INFO:root:Locking in on lat 21.3219494, lon -157.9240154, alt 19.974, heading 198.
INFO:root:(Potential) target acquired @((0, 0)) with radius 10.
INFO:root:Locking in on lat 21.3219494, lon -157.9240154, alt 19.974, heading 198.
INFO:root:(Potential) target acquired @((0, 0)) with radius 10.
INFO:root:Locking in on lat 21.3219494, lon -157.9240154, alt 19.974, heading 198.
INFO:root:(Potential) target acquired @((0, 0)) with radius 10.
INFO:root:Locking in on lat 21.3219423, lon -157.924018, alt 19.976, heading 198.
INFO:root:(Potential) target acquired @((0, 0)) with radius 10.
INFO:root:Locking in on lat 21.3219423, lon -157.924018, alt 19.976, heading 198.
INFO:root:(Potential) target acquired @((0, 0)) with radius 10.
INFO:root:Locking in on lat 21.3219423, lon -157.924018, alt 19.976, heading 198.
INFO:root:(Potential) target acquired @((0, 0)) with radius 10.
INFO:root:Locking in on lat 21.3219423, lon -157.924018, alt 19.976, heading 198.
INFO:root:(Potential) target acquired @((0, 0)) with radius 10.
INFO:root:Locking in on lat 21.3219423, lon -157.924018, alt 19.976, heading 198.
INFO:root:(Potential) target acquired @((0, 0)) with radius 10.
INFO:root:Locking in on lat 21.3219423, lon -157.924018, alt 19.976, heading 198.
INFO:root:(Potential) target acquired @((0, 0)) with radius 10.
INFO:root:Locking in on lat 21.3219423, lon -157.924018, alt 19.976, heading 198.
INFO:root:(Potential) target acquired @((0, 0)) with radius 10.
INFO:root:Locking in on lat 21.3219349, lon -157.9240207, alt 19.977, heading 198.
INFO:root:(Potential) target acquired @((0, 0)) with radius 10.
INFO:root:Locking in on lat 21.3219349, lon -157.9240207, alt 19.977, heading 198.
INFO:root:(Potential) target acquired @((0, 0)) with radius 10.
INFO:root:Locking in on lat 21.3219349, lon -157.9240207, alt 19.977, heading 198.
INFO:root:(Potential) target acquired @((0, 0)) with radius 10.
INFO:root:Locking in on lat 21.3219349, lon -157.9240207, alt 19.977, heading 198.
INFO:root:(Potential) target acquired @((0, 0)) with radius 10.
INFO:root:Locking in on lat 21.3219349, lon -157.9240207, alt 19.977, heading 198.
INFO:root:(Potential) target acquired @((0, 0)) with radius 10.
INFO:root:Locking in on lat 21.3219349, lon -157.9240207, alt 19.977, heading 198.
INFO:root:(Potential) target acquired @((0, 0)) with radius 10.
INFO:root:Locking in on lat 21.3219349, lon -157.9240207, alt 19.977, heading 198.
INFO:root:(Potential) target acquired @((0, 0)) with radius 10.
INFO:root:Locking in on lat 21.3219349, lon -157.9240207, alt 19.977, heading 198.
INFO:root:(Potential) target acquired @((0, 0)) with radius 10.
INFO:root:Locking in on lat 21.3219273, lon -157.9240235, alt 19.978, heading 198.
INFO:root:(Potential) target acquired @((0, 0)) with radius 10.
INFO:root:Locking in on lat 21.3219273, lon -157.9240235, alt 19.978, heading 198.
INFO:root:(Potential) target acquired @((0, 0)) with radius 10.
INFO:root:Locking in on lat 21.3219273, lon -157.9240235, alt 19.978, heading 198.
INFO:root:(Potential) target acquired @((0, 0)) with radius 10.
INFO:root:Locking in on lat 21.3219273, lon -157.9240235, alt 19.978, heading 198.
INFO:root:(Potential) target acquired @((0, 0)) with radius 10.
INFO:root:Locking in on lat 21.3219273, lon -157.9240235, alt 19.978, heading 198.
INFO:root:(Potential) target acquired @((0, 0)) with radius 10.
INFO:root:Locking in on lat 21.3219273, lon -157.9240235, alt 19.978, heading 198.
INFO:root:(Potential) target acquired @((0, 0)) with radius 10.
INFO:root:Locking in on lat 21.3219194, lon -157.9240264, alt 19.979, heading 198.
INFO:root:(Potential) target acquired @((0, 0)) with radius 10.
INFO:root:Locking in on lat 21.3219194, lon -157.9240264, alt 19.979, heading 198.
INFO:root:(Potential) target acquired @((0, 0)) with radius 10.
INFO:root:Locking in on lat 21.3219194, lon -157.9240264, alt 19.979, heading 198.
INFO:root:(Potential) target acquired @((0, 0)) with radius 10.
INFO:root:Locking in on lat 21.3219194, lon -157.9240264, alt 19.979, heading 198.
INFO:root:(Potential) target acquired @((0, 0)) with radius 10.
INFO:root:Locking in on lat 21.3219194, lon -157.9240264, alt 19.979, heading 198.
INFO:root:(Potential) target acquired @((0, 0)) with radius 10.
INFO:root:Locking in on lat 21.3219194, lon -157.9240264, alt 19.979, heading 198.
INFO:root:(Potential) target acquired @((0, 0)) with radius 10.
INFO:root:Locking in on lat 21.3219194, lon -157.9240264, alt 19.979, heading 198.
INFO:root:(Potential) target acquired @((0, 0)) with radius 10.
INFO:root:Locking in on lat 21.3219113, lon -157.9240293, alt 19.981, heading 198.
INFO:root:(Potential) target acquired @((0, 0)) with radius 10.
INFO:root:Locking in on lat 21.3219113, lon -157.9240293, alt 19.981, heading 198.
INFO:root:(Potential) target acquired @((0, 0)) with radius 10.
INFO:root:Locking in on lat 21.3219113, lon -157.9240293, alt 19.981, heading 198.
INFO:root:(Potential) target acquired @((0, 0)) with radius 10.
INFO:root:Locking in on lat 21.3219113, lon -157.9240293, alt 19.981, heading 198.
INFO:root:(Potential) target acquired @((0, 0)) with radius 10.
INFO:root:Locking in on lat 21.3219113, lon -157.9240293, alt 19.981, heading 198.
INFO:root:(Potential) target acquired @((0, 0)) with radius 10.
INFO:root:Locking in on lat 21.3219113, lon -157.9240293, alt 19.981, heading 198.
INFO:root:(Potential) target acquired @((0, 0)) with radius 10.
INFO:root:Locking in on lat 21.3219113, lon -157.9240293, alt 19.981, heading 198.
INFO:root:(Potential) target acquired @((0, 0)) with radius 10.
INFO:root:Locking in on lat 21.321903, lon -157.9240323, alt 19.982, heading 198.
INFO:root:(Potential) target acquired @((0, 0)) with radius 10.
INFO:root:Locking in on lat 21.321903, lon -157.9240323, alt 19.982, heading 198.
INFO:root:(Potential) target acquired @((0, 0)) with radius 10.
INFO:root:Locking in on lat 21.321903, lon -157.9240323, alt 19.982, heading 198.
INFO:root:(Potential) target acquired @((0, 0)) with radius 10.
INFO:root:Locking in on lat 21.321903, lon -157.9240323, alt 19.982, heading 198.
INFO:root:(Potential) target acquired @((0, 0)) with radius 10.
INFO:root:Locking in on lat 21.321903, lon -157.9240323, alt 19.982, heading 198.
INFO:root:(Potential) target acquired @((0, 0)) with radius 10.
INFO:root:Locking in on lat 21.321903, lon -157.9240323, alt 19.982, heading 198.
INFO:root:(Potential) target acquired @((0, 0)) with radius 10.
INFO:root:Locking in on lat 21.321903, lon -157.9240323, alt 19.982, heading 198.
INFO:root:(Potential) target acquired @((0, 0)) with radius 10.
INFO:root:Locking in on lat 21.3218945, lon -157.9240354, alt 19.983, heading 198.
INFO:root:(Potential) target acquired @((0, 0)) with radius 10.
INFO:root:Locking in on lat 21.3218945, lon -157.9240354, alt 19.983, heading 198.
INFO:root:(Potential) target acquired @((0, 0)) with radius 10.
INFO:root:Locking in on lat 21.3218945, lon -157.9240354, alt 19.983, heading 198.
INFO:root:(Potential) target acquired @((0, 0)) with radius 10.
INFO:root:Locking in on lat 21.3218945, lon -157.9240354, alt 19.983, heading 198.
INFO:root:(Potential) target acquired @((0, 0)) with radius 10.
INFO:root:Locking in on lat 21.3218945, lon -157.9240354, alt 19.983, heading 198.
INFO:root:(Potential) target acquired @((0, 0)) with radius 10.
INFO:root:Locking in on lat 21.3218945, lon -157.9240354, alt 19.983, heading 198.
INFO:root:(Potential) target acquired @((0, 0)) with radius 10.
INFO:root:Locking in on lat 21.3218945, lon -157.9240354, alt 19.983, heading 198.
INFO:root:(Potential) target acquired @((0, 0)) with radius 10.
INFO:root:Locking in on lat 21.3218859, lon -157.9240385, alt 19.983, heading 198.
INFO:root:(Potential) target acquired @((0, 0)) with radius 10.
INFO:root:Locking in on lat 21.3218859, lon -157.9240385, alt 19.983, heading 198.
INFO:root:(Potential) target acquired @((0, 0)) with radius 10.
INFO:root:Locking in on lat 21.3218859, lon -157.9240385, alt 19.983, heading 198.
INFO:root:(Potential) target acquired @((0, 0)) with radius 10.
INFO:root:Locking in on lat 21.3218859, lon -157.9240385, alt 19.983, heading 198.
INFO:root:(Potential) target acquired @((0, 0)) with radius 10.
INFO:root:Locking in on lat 21.3218859, lon -157.9240385, alt 19.983, heading 198.
INFO:root:(Potential) target acquired @((0, 0)) with radius 10.
INFO:root:Locking in on lat 21.3218859, lon -157.9240385, alt 19.983, heading 198.
INFO:root:(Potential) target acquired @((0, 0)) with radius 10.
INFO:root:Locking in on lat 21.3218859, lon -157.9240385, alt 19.983, heading 198.
INFO:root:(Potential) target acquired @((0, 0)) with radius 10.
INFO:root:Locking in on lat 21.321877, lon -157.9240416, alt 19.985, heading 198.
INFO:root:(Potential) target acquired @((0, 0)) with radius 10.
INFO:root:Locking in on lat 21.321877, lon -157.9240416, alt 19.985, heading 198.
INFO:root:(Potential) target acquired @((0, 0)) with radius 10.
INFO:root:Locking in on lat 21.321877, lon -157.9240416, alt 19.985, heading 198.
INFO:root:(Potential) target acquired @((0, 0)) with radius 10.
INFO:root:Locking in on lat 21.321877, lon -157.9240416, alt 19.985, heading 198.
INFO:root:(Potential) target acquired @((0, 0)) with radius 10.
INFO:root:Locking in on lat 21.321877, lon -157.9240416, alt 19.985, heading 198.
INFO:root:(Potential) target acquired @((0, 0)) with radius 10.
INFO:root:Locking in on lat 21.321877, lon -157.9240416, alt 19.985, heading 198.
INFO:root:(Potential) target acquired @((0, 0)) with radius 10.
INFO:root:Locking in on lat 21.321877, lon -157.9240416, alt 19.985, heading 198.
INFO:root:(Potential) target acquired @((0, 0)) with radius 10.
INFO:root:Locking in on lat 21.3218681, lon -157.9240448, alt 19.986, heading 197.
INFO:root:(Potential) target acquired @((0, 0)) with radius 10.
INFO:root:Locking in on lat 21.3218681, lon -157.9240448, alt 19.986, heading 197.
INFO:root:(Potential) target acquired @((0, 0)) with radius 10.
INFO:root:Locking in on lat 21.3218681, lon -157.9240448, alt 19.986, heading 197.
INFO:root:(Potential) target acquired @((0, 0)) with radius 10.
INFO:root:Locking in on lat 21.3218681, lon -157.9240448, alt 19.986, heading 197.
INFO:root:(Potential) target acquired @((0, 0)) with radius 10.
INFO:root:Locking in on lat 21.3218681, lon -157.9240448, alt 19.986, heading 197.
INFO:root:(Potential) target acquired @((0, 0)) with radius 10.
INFO:root:Locking in on lat 21.3218681, lon -157.9240448, alt 19.986, heading 197.
INFO:root:(Potential) target acquired @((0, 0)) with radius 10.
INFO:root:Locking in on lat 21.3218681, lon -157.9240448, alt 19.986, heading 197.
INFO:root:(Potential) target acquired @((0, 0)) with radius 10.
INFO:root:Locking in on lat 21.3218681, lon -157.9240448, alt 19.986, heading 197.
INFO:root:(Potential) target acquired @((0, 0)) with radius 10.
INFO:root:Locking in on lat 21.3218592, lon -157.924048, alt 19.987, heading 197.
INFO:root:(Potential) target acquired @((0, 0)) with radius 10.
INFO:root:Locking in on lat 21.3218592, lon -157.924048, alt 19.987, heading 197.
INFO:root:(Potential) target acquired @((0, 0)) with radius 10.
INFO:root:Locking in on lat 21.3218592, lon -157.924048, alt 19.987, heading 197.
INFO:root:(Potential) target acquired @((0, 0)) with radius 10.
INFO:root:Locking in on lat 21.3218592, lon -157.924048, alt 19.987, heading 197.
INFO:root:(Potential) target acquired @((0, 0)) with radius 10.
INFO:root:Locking in on lat 21.3218592, lon -157.924048, alt 19.987, heading 197.
INFO:root:(Potential) target acquired @((0, 0)) with radius 10.
INFO:root:Locking in on lat 21.3218592, lon -157.924048, alt 19.987, heading 197.
INFO:root:(Potential) target acquired @((0, 0)) with radius 10.
INFO:root:Locking in on lat 21.3218501, lon -157.9240512, alt 19.988, heading 197.
INFO:root:(Potential) target acquired @((0, 0)) with radius 10.
INFO:root:Locking in on lat 21.3218501, lon -157.9240512, alt 19.988, heading 197.
INFO:root:(Potential) target acquired @((0, 0)) with radius 10.
INFO:root:Locking in on lat 21.3218501, lon -157.9240512, alt 19.988, heading 197.
INFO:root:(Potential) target acquired @((0, 0)) with radius 10.
INFO:root:Locking in on lat 21.3218501, lon -157.9240512, alt 19.988, heading 197.
INFO:root:(Potential) target acquired @((0, 0)) with radius 10.
INFO:root:Locking in on lat 21.3218501, lon -157.9240512, alt 19.988, heading 197.
INFO:root:(Potential) target acquired @((0, 0)) with radius 10.
INFO:root:Locking in on lat 21.3218501, lon -157.9240512, alt 19.988, heading 197.
INFO:root:(Potential) target acquired @((0, 0)) with radius 10.
INFO:root:Locking in on lat 21.3218501, lon -157.9240512, alt 19.988, heading 197.
INFO:root:(Potential) target acquired @((0, 0)) with radius 10.
INFO:root:Locking in on lat 21.321841, lon -157.9240544, alt 19.989, heading 197.
INFO:root:(Potential) target acquired @((0, 0)) with radius 10.
INFO:root:Locking in on lat 21.321841, lon -157.9240544, alt 19.989, heading 197.
INFO:root:(Potential) target acquired @((0, 0)) with radius 10.
INFO:root:Locking in on lat 21.321841, lon -157.9240544, alt 19.989, heading 197.
INFO:root:(Potential) target acquired @((0, 0)) with radius 10.
INFO:root:Locking in on lat 21.321841, lon -157.9240544, alt 19.989, heading 197.
INFO:root:(Potential) target acquired @((0, 0)) with radius 10.
INFO:root:Locking in on lat 21.321841, lon -157.9240544, alt 19.989, heading 197.
INFO:root:(Potential) target acquired @((0, 0)) with radius 10.
INFO:root:Locking in on lat 21.321841, lon -157.9240544, alt 19.989, heading 197.
INFO:root:(Potential) target acquired @((0, 0)) with radius 10.
INFO:root:Locking in on lat 21.321841, lon -157.9240544, alt 19.989, heading 197.
INFO:root:(Potential) target acquired @((0, 0)) with radius 10.
INFO:root:Locking in on lat 21.3218317, lon -157.9240577, alt 19.99, heading 197.
INFO:root:(Potential) target acquired @((0, 0)) with radius 10.
INFO:root:Locking in on lat 21.3218317, lon -157.9240577, alt 19.99, heading 197.
INFO:root:(Potential) target acquired @((0, 0)) with radius 10.
INFO:root:Locking in on lat 21.3218317, lon -157.9240577, alt 19.99, heading 197.
INFO:root:(Potential) target acquired @((0, 0)) with radius 10.
INFO:root:Locking in on lat 21.3218317, lon -157.9240577, alt 19.99, heading 197.
INFO:root:(Potential) target acquired @((0, 0)) with radius 10.
INFO:root:Locking in on lat 21.3218317, lon -157.9240577, alt 19.99, heading 197.
INFO:root:(Potential) target acquired @((0, 0)) with radius 10.
INFO:root:Locking in on lat 21.3218317, lon -157.9240577, alt 19.99, heading 197.
INFO:root:(Potential) target acquired @((0, 0)) with radius 10.
INFO:root:Locking in on lat 21.3218317, lon -157.9240577, alt 19.99, heading 197.
INFO:root:(Potential) target acquired @((0, 0)) with radius 10.
INFO:root:Locking in on lat 21.3218224, lon -157.924061, alt 19.991, heading 197.
INFO:root:(Potential) target acquired @((0, 0)) with radius 10.
INFO:root:Locking in on lat 21.3218224, lon -157.924061, alt 19.991, heading 197.
INFO:root:(Potential) target acquired @((0, 0)) with radius 10.
INFO:root:Locking in on lat 21.3218224, lon -157.924061, alt 19.991, heading 197.
INFO:root:(Potential) target acquired @((0, 0)) with radius 10.
INFO:root:Locking in on lat 21.3218224, lon -157.924061, alt 19.991, heading 197.
INFO:root:(Potential) target acquired @((0, 0)) with radius 10.
INFO:root:Locking in on lat 21.3218224, lon -157.924061, alt 19.991, heading 197.
INFO:root:(Potential) target acquired @((0, 0)) with radius 10.
INFO:root:Locking in on lat 21.3218224, lon -157.924061, alt 19.991, heading 197.
INFO:root:(Potential) target acquired @((0, 0)) with radius 10.
INFO:root:Locking in on lat 21.3218224, lon -157.924061, alt 19.991, heading 197.
INFO:root:(Potential) target acquired @((0, 0)) with radius 10.
INFO:root:Locking in on lat 21.3218131, lon -157.9240643, alt 19.991, heading 197.
INFO:root:(Potential) target acquired @((0, 0)) with radius 10.
INFO:root:Locking in on lat 21.3218131, lon -157.9240643, alt 19.991, heading 197.
INFO:root:(Potential) target acquired @((0, 0)) with radius 10.
INFO:root:Locking in on lat 21.3218131, lon -157.9240643, alt 19.991, heading 197.
INFO:root:(Potential) target acquired @((0, 0)) with radius 10.
INFO:root:Locking in on lat 21.3218131, lon -157.9240643, alt 19.991, heading 197.
INFO:root:(Potential) target acquired @((0, 0)) with radius 10.
INFO:root:Locking in on lat 21.3218131, lon -157.9240643, alt 19.991, heading 197.
INFO:root:(Potential) target acquired @((0, 0)) with radius 10.
INFO:root:Locking in on lat 21.3218131, lon -157.9240643, alt 19.991, heading 197.
INFO:root:(Potential) target acquired @((0, 0)) with radius 10.
INFO:root:Locking in on lat 21.3218036, lon -157.9240676, alt 19.992, heading 197.
INFO:root:(Potential) target acquired @((0, 0)) with radius 10.
INFO:root:Locking in on lat 21.3218036, lon -157.9240676, alt 19.992, heading 197.
INFO:root:(Potential) target acquired @((0, 0)) with radius 10.
INFO:root:Locking in on lat 21.3218036, lon -157.9240676, alt 19.992, heading 197.
INFO:root:(Potential) target acquired @((0, 0)) with radius 10.
INFO:root:Locking in on lat 21.3218036, lon -157.9240676, alt 19.992, heading 197.
INFO:root:(Potential) target acquired @((0, 0)) with radius 10.
INFO:root:Locking in on lat 21.3218036, lon -157.9240676, alt 19.992, heading 197.
INFO:root:(Potential) target acquired @((0, 0)) with radius 10.
INFO:root:Locking in on lat 21.3218036, lon -157.9240676, alt 19.992, heading 197.
INFO:root:(Potential) target acquired @((0, 0)) with radius 10.
INFO:root:Locking in on lat 21.3218036, lon -157.9240676, alt 19.992, heading 197.
INFO:root:(Potential) target acquired @((0, 0)) with radius 10.
INFO:root:Locking in on lat 21.321794, lon -157.924071, alt 19.993, heading 198.
INFO:root:(Potential) target acquired @((0, 0)) with radius 10.
INFO:root:Locking in on lat 21.321794, lon -157.924071, alt 19.993, heading 198.
INFO:root:(Potential) target acquired @((0, 0)) with radius 10.
INFO:root:Locking in on lat 21.321794, lon -157.924071, alt 19.993, heading 198.
INFO:root:(Potential) target acquired @((0, 0)) with radius 10.
INFO:root:Locking in on lat 21.321794, lon -157.924071, alt 19.993, heading 198.
INFO:root:(Potential) target acquired @((0, 0)) with radius 10.
INFO:root:Locking in on lat 21.321794, lon -157.924071, alt 19.993, heading 198.
INFO:root:(Potential) target acquired @((0, 0)) with radius 10.
INFO:root:Locking in on lat 21.321794, lon -157.924071, alt 19.993, heading 198.
INFO:root:(Potential) target acquired @((0, 0)) with radius 10.
INFO:root:Locking in on lat 21.321794, lon -157.924071, alt 19.993, heading 198.
INFO:root:(Potential) target acquired @((0, 0)) with radius 10.
INFO:root:Locking in on lat 21.3217844, lon -157.9240744, alt 19.994, heading 197.
INFO:root:(Potential) target acquired @((0, 0)) with radius 10.
INFO:root:Locking in on lat 21.3217844, lon -157.9240744, alt 19.994, heading 197.
INFO:root:(Potential) target acquired @((0, 0)) with radius 10.
INFO:root:Locking in on lat 21.3217844, lon -157.9240744, alt 19.994, heading 197.
INFO:root:(Potential) target acquired @((0, 0)) with radius 10.
INFO:root:Locking in on lat 21.3217844, lon -157.9240744, alt 19.994, heading 197.
INFO:root:(Potential) target acquired @((0, 0)) with radius 10.
INFO:root:Locking in on lat 21.3217844, lon -157.9240744, alt 19.994, heading 197.
INFO:root:(Potential) target acquired @((0, 0)) with radius 10.
INFO:root:Locking in on lat 21.3217844, lon -157.9240744, alt 19.994, heading 197.
INFO:root:(Potential) target acquired @((0, 0)) with radius 10.
INFO:root:Locking in on lat 21.3217844, lon -157.9240744, alt 19.994, heading 197.
INFO:root:(Potential) target acquired @((0, 0)) with radius 10.
INFO:root:Locking in on lat 21.3217844, lon -157.9240744, alt 19.994, heading 197.
INFO:root:(Potential) target acquired @((0, 0)) with radius 10.
INFO:root:Locking in on lat 21.3217748, lon -157.9240778, alt 19.995, heading 197.
INFO:root:(Potential) target acquired @((0, 0)) with radius 10.
INFO:root:Locking in on lat 21.3217748, lon -157.9240778, alt 19.995, heading 197.
INFO:root:(Potential) target acquired @((0, 0)) with radius 10.
INFO:root:Locking in on lat 21.3217748, lon -157.9240778, alt 19.995, heading 197.
INFO:root:(Potential) target acquired @((0, 0)) with radius 10.
INFO:root:Locking in on lat 21.3217748, lon -157.9240778, alt 19.995, heading 197.
INFO:root:(Potential) target acquired @((0, 0)) with radius 10.
INFO:root:Locking in on lat 21.3217748, lon -157.9240778, alt 19.995, heading 197.
INFO:root:(Potential) target acquired @((0, 0)) with radius 10.
INFO:root:Locking in on lat 21.3217748, lon -157.9240778, alt 19.995, heading 197.
INFO:root:(Potential) target acquired @((0, 0)) with radius 10.
INFO:root:Locking in on lat 21.3217748, lon -157.9240778, alt 19.995, heading 197.
INFO:root:(Potential) target acquired @((0, 0)) with radius 10.
INFO:root:Locking in on lat 21.3217652, lon -157.9240812, alt 19.995, heading 197.
INFO:root:(Potential) target acquired @((0, 0)) with radius 10.
INFO:root:Locking in on lat 21.3217652, lon -157.9240812, alt 19.995, heading 197.
INFO:root:(Potential) target acquired @((0, 0)) with radius 10.
INFO:root:Locking in on lat 21.3217652, lon -157.9240812, alt 19.995, heading 197.
INFO:root:(Potential) target acquired @((0, 0)) with radius 10.
INFO:root:Locking in on lat 21.3217652, lon -157.9240812, alt 19.995, heading 197.
INFO:root:(Potential) target acquired @((0, 0)) with radius 10.
INFO:root:Locking in on lat 21.3217652, lon -157.9240812, alt 19.995, heading 197.
INFO:root:(Potential) target acquired @((0, 0)) with radius 10.
INFO:root:Locking in on lat 21.3217652, lon -157.9240812, alt 19.995, heading 197.
INFO:root:(Potential) target acquired @((0, 0)) with radius 10.
INFO:root:Locking in on lat 21.3217554, lon -157.9240846, alt 19.996, heading 197.
INFO:root:(Potential) target acquired @((0, 0)) with radius 10.
INFO:root:Locking in on lat 21.3217554, lon -157.9240846, alt 19.996, heading 197.
INFO:root:(Potential) target acquired @((0, 0)) with radius 10.
INFO:root:Locking in on lat 21.3217554, lon -157.9240846, alt 19.996, heading 197.
INFO:root:(Potential) target acquired @((0, 0)) with radius 10.
INFO:root:Locking in on lat 21.3217554, lon -157.9240846, alt 19.996, heading 197.
INFO:root:(Potential) target acquired @((0, 0)) with radius 10.
INFO:root:Locking in on lat 21.3217554, lon -157.9240846, alt 19.996, heading 197.
INFO:root:(Potential) target acquired @((0, 0)) with radius 10.
INFO:root:Locking in on lat 21.3217554, lon -157.9240846, alt 19.996, heading 197.
INFO:root:(Potential) target acquired @((0, 0)) with radius 10.
INFO:root:Locking in on lat 21.3217554, lon -157.9240846, alt 19.996, heading 197.
INFO:root:(Potential) target acquired @((0, 0)) with radius 10.
INFO:root:Locking in on lat 21.3217554, lon -157.9240846, alt 19.996, heading 197.
INFO:root:(Potential) target acquired @((0, 0)) with radius 10.
INFO:root:Locking in on lat 21.3217456, lon -157.924088, alt 19.997, heading 197.
INFO:root:(Potential) target acquired @((0, 0)) with radius 10.
INFO:root:Locking in on lat 21.3217456, lon -157.924088, alt 19.997, heading 197.
INFO:root:(Potential) target acquired @((0, 0)) with radius 10.
INFO:root:Locking in on lat 21.3217456, lon -157.924088, alt 19.997, heading 197.
INFO:root:(Potential) target acquired @((0, 0)) with radius 10.
INFO:root:Locking in on lat 21.3217456, lon -157.924088, alt 19.997, heading 197.
INFO:root:(Potential) target acquired @((0, 0)) with radius 10.
INFO:root:Locking in on lat 21.3217456, lon -157.924088, alt 19.997, heading 197.
INFO:root:(Potential) target acquired @((0, 0)) with radius 10.
INFO:root:Locking in on lat 21.3217456, lon -157.924088, alt 19.997, heading 197.
INFO:root:(Potential) target acquired @((0, 0)) with radius 10.
INFO:root:Locking in on lat 21.3217456, lon -157.924088, alt 19.997, heading 197.
INFO:root:(Potential) target acquired @((0, 0)) with radius 10.
INFO:root:Locking in on lat 21.3217358, lon -157.9240915, alt 19.997, heading 197.
INFO:root:(Potential) target acquired @((0, 0)) with radius 10.
INFO:root:Locking in on lat 21.3217358, lon -157.9240915, alt 19.997, heading 197.
INFO:root:(Potential) target acquired @((0, 0)) with radius 10.
INFO:root:Locking in on lat 21.3217358, lon -157.9240915, alt 19.997, heading 197.
INFO:root:(Potential) target acquired @((0, 0)) with radius 10.
INFO:root:Locking in on lat 21.3217358, lon -157.9240915, alt 19.997, heading 197.
INFO:root:(Potential) target acquired @((0, 0)) with radius 10.
INFO:root:Locking in on lat 21.3217358, lon -157.9240915, alt 19.997, heading 197.
INFO:root:(Potential) target acquired @((0, 0)) with radius 10.
INFO:root:Locking in on lat 21.3217358, lon -157.9240915, alt 19.997, heading 197.
INFO:root:(Potential) target acquired @((0, 0)) with radius 10.
INFO:root:Locking in on lat 21.321726, lon -157.924095, alt 19.997, heading 197.
INFO:root:(Potential) target acquired @((0, 0)) with radius 10.
INFO:root:Locking in on lat 21.321726, lon -157.924095, alt 19.997, heading 197.
INFO:root:(Potential) target acquired @((0, 0)) with radius 10.
INFO:root:Locking in on lat 21.321726, lon -157.924095, alt 19.997, heading 197.
INFO:root:(Potential) target acquired @((0, 0)) with radius 10.
INFO:root:Locking in on lat 21.321726, lon -157.924095, alt 19.997, heading 197.
INFO:root:(Potential) target acquired @((0, 0)) with radius 10.
INFO:root:Locking in on lat 21.321726, lon -157.924095, alt 19.997, heading 197.
INFO:root:(Potential) target acquired @((0, 0)) with radius 10.
INFO:root:Locking in on lat 21.321726, lon -157.924095, alt 19.997, heading 197.
INFO:root:(Potential) target acquired @((0, 0)) with radius 10.
INFO:root:Locking in on lat 21.321726, lon -157.924095, alt 19.997, heading 197.
INFO:root:(Potential) target acquired @((0, 0)) with radius 10.
INFO:root:Locking in on lat 21.3217159, lon -157.9240985, alt 19.997, heading 198.
INFO:root:(Potential) target acquired @((0, 0)) with radius 10.
INFO:root:Locking in on lat 21.3217159, lon -157.9240985, alt 19.997, heading 198.
INFO:root:(Potential) target acquired @((0, 0)) with radius 10.
INFO:root:Locking in on lat 21.3217159, lon -157.9240985, alt 19.997, heading 198.
INFO:root:(Potential) target acquired @((0, 0)) with radius 10.
INFO:root:Locking in on lat 21.3217159, lon -157.9240985, alt 19.997, heading 198.
INFO:root:(Potential) target acquired @((0, 0)) with radius 10.
INFO:root:Locking in on lat 21.3217159, lon -157.9240985, alt 19.997, heading 198.
INFO:root:(Potential) target acquired @((0, 0)) with radius 10.
INFO:root:Locking in on lat 21.3217159, lon -157.9240985, alt 19.997, heading 198.
INFO:root:(Potential) target acquired @((0, 0)) with radius 10.
INFO:root:Locking in on lat 21.3217159, lon -157.9240985, alt 19.997, heading 198.
INFO:root:(Potential) target acquired @((0, 0)) with radius 10.
INFO:root:Locking in on lat 21.3217059, lon -157.924102, alt 19.998, heading 198.
INFO:root:(Potential) target acquired @((0, 0)) with radius 10.
INFO:root:Locking in on lat 21.3217059, lon -157.924102, alt 19.998, heading 198.
INFO:root:(Potential) target acquired @((0, 0)) with radius 10.
INFO:root:Locking in on lat 21.3217059, lon -157.924102, alt 19.998, heading 198.
INFO:root:(Potential) target acquired @((0, 0)) with radius 10.
INFO:root:Locking in on lat 21.3217059, lon -157.924102, alt 19.998, heading 198.
INFO:root:(Potential) target acquired @((0, 0)) with radius 10.
INFO:root:Locking in on lat 21.3217059, lon -157.924102, alt 19.998, heading 198.
INFO:root:(Potential) target acquired @((0, 0)) with radius 10.
INFO:root:Locking in on lat 21.3217059, lon -157.924102, alt 19.998, heading 198.
INFO:root:(Potential) target acquired @((0, 0)) with radius 10.
INFO:root:Locking in on lat 21.3217059, lon -157.924102, alt 19.998, heading 198.
INFO:root:(Potential) target acquired @((0, 0)) with radius 10.
INFO:root:Locking in on lat 21.3216959, lon -157.9241055, alt 19.998, heading 198.
INFO:root:(Potential) target acquired @((0, 0)) with radius 10.
INFO:root:Locking in on lat 21.3216959, lon -157.9241055, alt 19.998, heading 198.
INFO:root:(Potential) target acquired @((0, 0)) with radius 10.
INFO:root:Locking in on lat 21.3216959, lon -157.9241055, alt 19.998, heading 198.
INFO:root:(Potential) target acquired @((0, 0)) with radius 10.
INFO:root:Locking in on lat 21.3216959, lon -157.9241055, alt 19.998, heading 198.
INFO:root:(Potential) target acquired @((0, 0)) with radius 10.
INFO:root:Locking in on lat 21.3216959, lon -157.9241055, alt 19.998, heading 198.
INFO:root:(Potential) target acquired @((0, 0)) with radius 10.
INFO:root:Locking in on lat 21.3216959, lon -157.9241055, alt 19.998, heading 198.
INFO:root:(Potential) target acquired @((0, 0)) with radius 10.
INFO:root:Locking in on lat 21.3216959, lon -157.9241055, alt 19.998, heading 198.
INFO:root:(Potential) target acquired @((0, 0)) with radius 10.
INFO:root:Locking in on lat 21.321686, lon -157.924109, alt 19.998, heading 198.
INFO:root:(Potential) target acquired @((0, 0)) with radius 10.
INFO:root:Locking in on lat 21.321686, lon -157.924109, alt 19.998, heading 198.
INFO:root:(Potential) target acquired @((0, 0)) with radius 10.
INFO:root:Locking in on lat 21.321686, lon -157.924109, alt 19.998, heading 198.
INFO:root:(Potential) target acquired @((0, 0)) with radius 10.
INFO:root:Locking in on lat 21.321686, lon -157.924109, alt 19.998, heading 198.
INFO:root:(Potential) target acquired @((0, 0)) with radius 10.
INFO:root:Locking in on lat 21.321686, lon -157.924109, alt 19.998, heading 198.
INFO:root:(Potential) target acquired @((0, 0)) with radius 10.
INFO:root:Locking in on lat 21.321686, lon -157.924109, alt 19.998, heading 198.
INFO:root:(Potential) target acquired @((0, 0)) with radius 10.
INFO:root:Locking in on lat 21.321686, lon -157.924109, alt 19.998, heading 198.
INFO:root:(Potential) target acquired @((0, 0)) with radius 10.
INFO:root:Locking in on lat 21.3216759, lon -157.9241126, alt 19.998, heading 198.
INFO:root:(Potential) target acquired @((0, 0)) with radius 10.
INFO:root:Locking in on lat 21.3216759, lon -157.9241126, alt 19.998, heading 198.
INFO:root:(Potential) target acquired @((0, 0)) with radius 10.
INFO:root:Locking in on lat 21.3216759, lon -157.9241126, alt 19.998, heading 198.
INFO:root:(Potential) target acquired @((0, 0)) with radius 10.
INFO:root:Locking in on lat 21.3216759, lon -157.9241126, alt 19.998, heading 198.
INFO:root:(Potential) target acquired @((0, 0)) with radius 10.
INFO:root:Locking in on lat 21.3216759, lon -157.9241126, alt 19.998, heading 198.
INFO:root:(Potential) target acquired @((0, 0)) with radius 10.
INFO:root:Locking in on lat 21.3216759, lon -157.9241126, alt 19.998, heading 198.
INFO:root:(Potential) target acquired @((0, 0)) with radius 10.
INFO:root:Locking in on lat 21.3216658, lon -157.9241161, alt 19.999, heading 198.
INFO:root:(Potential) target acquired @((0, 0)) with radius 10.
INFO:root:Locking in on lat 21.3216658, lon -157.9241161, alt 19.999, heading 198.
INFO:root:(Potential) target acquired @((0, 0)) with radius 10.
INFO:root:Locking in on lat 21.3216658, lon -157.9241161, alt 19.999, heading 198.
INFO:root:(Potential) target acquired @((0, 0)) with radius 10.
INFO:root:Locking in on lat 21.3216658, lon -157.9241161, alt 19.999, heading 198.
INFO:root:(Potential) target acquired @((0, 0)) with radius 10.
INFO:root:Locking in on lat 21.3216658, lon -157.9241161, alt 19.999, heading 198.
INFO:root:(Potential) target acquired @((0, 0)) with radius 10.
INFO:root:Locking in on lat 21.3216658, lon -157.9241161, alt 19.999, heading 198.
INFO:root:(Potential) target acquired @((0, 0)) with radius 10.
INFO:root:Locking in on lat 21.3216658, lon -157.9241161, alt 19.999, heading 198.
INFO:root:(Potential) target acquired @((0, 0)) with radius 10.
INFO:root:Locking in on lat 21.3216557, lon -157.9241197, alt 20.0, heading 198.
INFO:root:(Potential) target acquired @((0, 0)) with radius 10.
INFO:root:Locking in on lat 21.3216557, lon -157.9241197, alt 20.0, heading 198.
INFO:root:(Potential) target acquired @((0, 0)) with radius 10.
INFO:root:Locking in on lat 21.3216557, lon -157.9241197, alt 20.0, heading 198.
INFO:root:(Potential) target acquired @((0, 0)) with radius 10.
INFO:root:Locking in on lat 21.3216557, lon -157.9241197, alt 20.0, heading 198.
INFO:root:(Potential) target acquired @((0, 0)) with radius 10.
INFO:root:Locking in on lat 21.3216557, lon -157.9241197, alt 20.0, heading 198.
INFO:root:(Potential) target acquired @((0, 0)) with radius 10.
INFO:root:Locking in on lat 21.3216557, lon -157.9241197, alt 20.0, heading 198.
INFO:root:(Potential) target acquired @((0, 0)) with radius 10.
INFO:root:Locking in on lat 21.3216557, lon -157.9241197, alt 20.0, heading 198.
INFO:root:(Potential) target acquired @((0, 0)) with radius 10.
INFO:root:Locking in on lat 21.3216456, lon -157.9241233, alt 20.0, heading 198.
INFO:root:(Potential) target acquired @((0, 0)) with radius 10.
INFO:root:Locking in on lat 21.3216456, lon -157.9241233, alt 20.0, heading 198.
INFO:root:(Potential) target acquired @((0, 0)) with radius 10.
INFO:root:Locking in on lat 21.3216456, lon -157.9241233, alt 20.0, heading 198.
INFO:root:(Potential) target acquired @((0, 0)) with radius 10.
INFO:root:Locking in on lat 21.3216456, lon -157.9241233, alt 20.0, heading 198.
INFO:root:(Potential) target acquired @((0, 0)) with radius 10.
INFO:root:Locking in on lat 21.3216456, lon -157.9241233, alt 20.0, heading 198.
INFO:root:(Potential) target acquired @((0, 0)) with radius 10.
INFO:root:Locking in on lat 21.3216456, lon -157.9241233, alt 20.0, heading 198.
INFO:root:(Potential) target acquired @((0, 0)) with radius 10.
INFO:root:Locking in on lat 21.3216352, lon -157.9241269, alt 20.0, heading 197.
INFO:root:(Potential) target acquired @((0, 0)) with radius 10.
INFO:root:Locking in on lat 21.3216352, lon -157.9241269, alt 20.0, heading 197.
INFO:root:(Potential) target acquired @((0, 0)) with radius 10.
INFO:root:Locking in on lat 21.3216352, lon -157.9241269, alt 20.0, heading 197.
INFO:root:(Potential) target acquired @((0, 0)) with radius 10.
INFO:root:Locking in on lat 21.3216352, lon -157.9241269, alt 20.0, heading 197.
INFO:root:(Potential) target acquired @((0, 0)) with radius 10.
INFO:root:Locking in on lat 21.3216352, lon -157.9241269, alt 20.0, heading 197.
INFO:root:(Potential) target acquired @((0, 0)) with radius 10.
INFO:root:Locking in on lat 21.3216352, lon -157.9241269, alt 20.0, heading 197.
INFO:root:(Potential) target acquired @((0, 0)) with radius 10.
INFO:root:Locking in on lat 21.3216352, lon -157.9241269, alt 20.0, heading 197.
INFO:root:(Potential) target acquired @((0, 0)) with radius 10.
INFO:root:Locking in on lat 21.3216352, lon -157.9241269, alt 20.0, heading 197.
INFO:root:(Potential) target acquired @((0, 0)) with radius 10.
INFO:root:Locking in on lat 21.321625, lon -157.9241305, alt 20.0, heading 197.
INFO:root:(Potential) target acquired @((0, 0)) with radius 10.
INFO:root:Locking in on lat 21.321625, lon -157.9241305, alt 20.0, heading 197.
INFO:root:(Potential) target acquired @((0, 0)) with radius 10.
INFO:root:Locking in on lat 21.321625, lon -157.9241305, alt 20.0, heading 197.
INFO:root:(Potential) target acquired @((0, 0)) with radius 10.
INFO:root:Locking in on lat 21.321625, lon -157.9241305, alt 20.0, heading 197.
INFO:root:(Potential) target acquired @((0, 0)) with radius 10.
INFO:root:Locking in on lat 21.321625, lon -157.9241305, alt 20.0, heading 197.
INFO:root:(Potential) target acquired @((0, 0)) with radius 10.
INFO:root:Locking in on lat 21.321625, lon -157.9241305, alt 20.0, heading 197.
INFO:root:(Potential) target acquired @((0, 0)) with radius 10.
INFO:root:Locking in on lat 21.321625, lon -157.9241305, alt 20.0, heading 197.
INFO:root:(Potential) target acquired @((0, 0)) with radius 10.
INFO:root:Locking in on lat 21.321625, lon -157.9241305, alt 20.0, heading 197.
INFO:root:(Potential) target acquired @((0, 0)) with radius 10.
INFO:root:Locking in on lat 21.3216148, lon -157.9241341, alt 20.0, heading 197.
INFO:root:(Potential) target acquired @((0, 0)) with radius 10.
INFO:root:Locking in on lat 21.3216148, lon -157.9241341, alt 20.0, heading 197.
INFO:root:(Potential) target acquired @((0, 0)) with radius 10.
INFO:root:Locking in on lat 21.3216148, lon -157.9241341, alt 20.0, heading 197.
INFO:root:(Potential) target acquired @((0, 0)) with radius 10.
INFO:root:Locking in on lat 21.3216148, lon -157.9241341, alt 20.0, heading 197.
INFO:root:(Potential) target acquired @((0, 0)) with radius 10.
INFO:root:Locking in on lat 21.3216148, lon -157.9241341, alt 20.0, heading 197.
INFO:root:(Potential) target acquired @((0, 0)) with radius 10.
INFO:root:Locking in on lat 21.3216148, lon -157.9241341, alt 20.0, heading 197.
INFO:root:(Potential) target acquired @((0, 0)) with radius 10.
INFO:root:Locking in on lat 21.3216045, lon -157.9241378, alt 20.0, heading 197.
INFO:root:(Potential) target acquired @((0, 0)) with radius 10.
INFO:root:Locking in on lat 21.3216045, lon -157.9241378, alt 20.0, heading 197.
INFO:root:(Potential) target acquired @((0, 0)) with radius 10.
INFO:root:Locking in on lat 21.3216045, lon -157.9241378, alt 20.0, heading 197.
INFO:root:(Potential) target acquired @((0, 0)) with radius 10.
INFO:root:Locking in on lat 21.3216045, lon -157.9241378, alt 20.0, heading 197.
INFO:root:(Potential) target acquired @((0, 0)) with radius 10.
INFO:root:Locking in on lat 21.3216045, lon -157.9241378, alt 20.0, heading 197.
INFO:root:(Potential) target acquired @((0, 0)) with radius 10.
INFO:root:Locking in on lat 21.3216045, lon -157.9241378, alt 20.0, heading 197.
INFO:root:(Potential) target acquired @((0, 0)) with radius 10.
INFO:root:Locking in on lat 21.3216045, lon -157.9241378, alt 20.0, heading 197.
INFO:root:(Potential) target acquired @((0, 0)) with radius 10.
INFO:root:Locking in on lat 21.3215943, lon -157.9241414, alt 20.001, heading 197.
INFO:root:(Potential) target acquired @((0, 0)) with radius 10.
INFO:root:Locking in on lat 21.3215943, lon -157.9241414, alt 20.001, heading 197.
INFO:root:(Potential) target acquired @((0, 0)) with radius 10.
INFO:root:Locking in on lat 21.3215943, lon -157.9241414, alt 20.001, heading 197.
INFO:root:(Potential) target acquired @((0, 0)) with radius 10.
INFO:root:Locking in on lat 21.3215943, lon -157.9241414, alt 20.001, heading 197.
INFO:root:(Potential) target acquired @((0, 0)) with radius 10.
INFO:root:Locking in on lat 21.3215943, lon -157.9241414, alt 20.001, heading 197.
INFO:root:(Potential) target acquired @((0, 0)) with radius 10.
INFO:root:Locking in on lat 21.3215943, lon -157.9241414, alt 20.001, heading 197.
INFO:root:(Potential) target acquired @((0, 0)) with radius 10.
INFO:root:Locking in on lat 21.3215943, lon -157.9241414, alt 20.001, heading 197.
INFO:root:(Potential) target acquired @((0, 0)) with radius 10.
INFO:root:Locking in on lat 21.321584, lon -157.924145, alt 20.001, heading 197.
INFO:root:(Potential) target acquired @((0, 0)) with radius 10.
INFO:root:Locking in on lat 21.321584, lon -157.924145, alt 20.001, heading 197.
INFO:root:(Potential) target acquired @((0, 0)) with radius 10.
INFO:root:Locking in on lat 21.321584, lon -157.924145, alt 20.001, heading 197.
INFO:root:(Potential) target acquired @((0, 0)) with radius 10.
INFO:root:Locking in on lat 21.321584, lon -157.924145, alt 20.001, heading 197.
INFO:root:(Potential) target acquired @((0, 0)) with radius 10.
INFO:root:Locking in on lat 21.321584, lon -157.924145, alt 20.001, heading 197.
INFO:root:(Potential) target acquired @((0, 0)) with radius 10.
INFO:root:Locking in on lat 21.321584, lon -157.924145, alt 20.001, heading 197.
INFO:root:(Potential) target acquired @((0, 0)) with radius 10.
INFO:root:Locking in on lat 21.321584, lon -157.924145, alt 20.001, heading 197.
INFO:root:(Potential) target acquired @((0, 0)) with radius 10.
INFO:root:Locking in on lat 21.3215736, lon -157.9241487, alt 20.0, heading 197.
INFO:root:(Potential) target acquired @((0, 0)) with radius 10.
INFO:root:Locking in on lat 21.3215736, lon -157.9241487, alt 20.0, heading 197.
INFO:root:(Potential) target acquired @((0, 0)) with radius 10.
INFO:root:Locking in on lat 21.3215736, lon -157.9241487, alt 20.0, heading 197.
INFO:root:(Potential) target acquired @((0, 0)) with radius 10.
INFO:root:Locking in on lat 21.3215736, lon -157.9241487, alt 20.0, heading 197.
INFO:root:(Potential) target acquired @((0, 0)) with radius 10.
INFO:root:Locking in on lat 21.3215736, lon -157.9241487, alt 20.0, heading 197.
INFO:root:(Potential) target acquired @((0, 0)) with radius 10.
INFO:root:Locking in on lat 21.3215736, lon -157.9241487, alt 20.0, heading 197.
INFO:root:(Potential) target acquired @((0, 0)) with radius 10.
INFO:root:Locking in on lat 21.3215633, lon -157.9241523, alt 20.0, heading 198.
INFO:root:(Potential) target acquired @((0, 0)) with radius 10.
INFO:root:Locking in on lat 21.3215633, lon -157.9241523, alt 20.0, heading 198.
INFO:root:(Potential) target acquired @((0, 0)) with radius 10.
INFO:root:Locking in on lat 21.3215633, lon -157.9241523, alt 20.0, heading 198.
INFO:root:(Potential) target acquired @((0, 0)) with radius 10.
INFO:root:Locking in on lat 21.3215633, lon -157.9241523, alt 20.0, heading 198.
INFO:root:(Potential) target acquired @((0, 0)) with radius 10.
INFO:root:Locking in on lat 21.3215633, lon -157.9241523, alt 20.0, heading 198.
INFO:root:(Potential) target acquired @((0, 0)) with radius 10.
INFO:root:Locking in on lat 21.3215633, lon -157.9241523, alt 20.0, heading 198.
INFO:root:(Potential) target acquired @((0, 0)) with radius 10.
INFO:root:Locking in on lat 21.3215633, lon -157.9241523, alt 20.0, heading 198.
INFO:root:(Potential) target acquired @((0, 0)) with radius 10.
INFO:root:Locking in on lat 21.3215633, lon -157.9241523, alt 20.0, heading 198.
INFO:root:(Potential) target acquired @((0, 0)) with radius 10.
INFO:root:Locking in on lat 21.3215529, lon -157.9241559, alt 20.0, heading 198.
INFO:root:(Potential) target acquired @((0, 0)) with radius 10.
INFO:root:Locking in on lat 21.3215529, lon -157.9241559, alt 20.0, heading 198.
INFO:root:(Potential) target acquired @((0, 0)) with radius 10.
INFO:root:Locking in on lat 21.3215529, lon -157.9241559, alt 20.0, heading 198.
INFO:root:(Potential) target acquired @((0, 0)) with radius 10.
INFO:root:Locking in on lat 21.3215529, lon -157.9241559, alt 20.0, heading 198.
INFO:root:(Potential) target acquired @((0, 0)) with radius 10.
INFO:root:Locking in on lat 21.3215529, lon -157.9241559, alt 20.0, heading 198.
INFO:root:(Potential) target acquired @((0, 0)) with radius 10.
INFO:root:Locking in on lat 21.3215529, lon -157.9241559, alt 20.0, heading 198.
INFO:root:(Potential) target acquired @((0, 0)) with radius 10.
INFO:root:Locking in on lat 21.3215424, lon -157.9241596, alt 20.0, heading 198.
INFO:root:(Potential) target acquired @((0, 0)) with radius 10.
INFO:root:Locking in on lat 21.3215424, lon -157.9241596, alt 20.0, heading 198.
INFO:root:(Potential) target acquired @((0, 0)) with radius 10.
INFO:root:Locking in on lat 21.3215424, lon -157.9241596, alt 20.0, heading 198.
INFO:root:(Potential) target acquired @((0, 0)) with radius 10.
INFO:root:Locking in on lat 21.3215424, lon -157.9241596, alt 20.0, heading 198.
INFO:root:(Potential) target acquired @((0, 0)) with radius 10.
INFO:root:Locking in on lat 21.3215424, lon -157.9241596, alt 20.0, heading 198.
INFO:root:(Potential) target acquired @((0, 0)) with radius 10.
INFO:root:Locking in on lat 21.3215424, lon -157.9241596, alt 20.0, heading 198.
INFO:root:(Potential) target acquired @((0, 0)) with radius 10.
INFO:root:Locking in on lat 21.3215319, lon -157.9241633, alt 19.999, heading 198.
INFO:root:(Potential) target acquired @((0, 0)) with radius 10.
INFO:root:Locking in on lat 21.3215319, lon -157.9241633, alt 19.999, heading 198.
INFO:root:(Potential) target acquired @((0, 0)) with radius 10.
INFO:root:Locking in on lat 21.3215319, lon -157.9241633, alt 19.999, heading 198.
INFO:root:(Potential) target acquired @((0, 0)) with radius 10.
INFO:root:Locking in on lat 21.3215319, lon -157.9241633, alt 19.999, heading 198.
INFO:root:(Potential) target acquired @((0, 0)) with radius 10.
INFO:root:Locking in on lat 21.3215319, lon -157.9241633, alt 19.999, heading 198.
INFO:root:(Potential) target acquired @((0, 0)) with radius 10.
INFO:root:Locking in on lat 21.3215319, lon -157.9241633, alt 19.999, heading 198.
INFO:__main__:Program exception: ['Traceback (most recent call last):\n', '  File "C:/Users/C22Mason.Utt/Documents/GitHub/PEX3-COMP495/mission_starter_code.py", line 442, in <module>\n    conduct_mission()\n', '  File "C:/Users/C22Mason.Utt/Documents/GitHub/PEX3-COMP495/mission_starter_code.py", line 304, in conduct_mission\n    = check_for_initial_target(frame_display, net, classes)\n', '  File "C:/Users/C22Mason.Utt/Documents/GitHub/PEX3-COMP495/mission_starter_code.py", line 241, in check_for_initial_target\n    (detection[0:4] * np.array([frame_w, frame_h, frame_w, frame_h])).astype(\'int\')\n', "NameError: name 'frame_w' is not defined\n"]
