INFO:__main__:PEX 03 start.
INFO:__main__:Connecting to device...
INFO:autopilot:ArduCopter V4.1.0-dev (428c9ef0)
INFO:autopilot:a3d9197b765643568af09eb2bd3e5ce7
INFO:autopilot:Frame: QUAD
INFO:__main__:Device connected.
INFO:root:Device version: APM:Copter-None.None.NoneUnknownReleaseType, log=
INFO:__main__:Looking for mission to execute...
INFO:__main__:Arming device...
INFO:__main__:Switching to GUIDED mode...
INFO:__main__:Waiting for arm...
INFO:autopilot:Arming motors
INFO:__main__:Device armed: True.
INFO:__main__:Device takeoff...
INFO:__main__:Current altitude: 0.004
INFO:__main__:Current altitude: 0.004
INFO:__main__:Current altitude: 0.004
INFO:__main__:Current altitude: 0.009
INFO:__main__:Current altitude: 0.441
INFO:__main__:Current altitude: 0.898
INFO:__main__:Current altitude: 2.045
INFO:autopilot:EKF2 IMU0 in-flight yaw alignment complete
INFO:autopilot:EKF2 IMU1 in-flight yaw alignment complete
INFO:__main__:Current altitude: 2.703
INFO:__main__:Current altitude: 4.114
INFO:__main__:Current altitude: 5.118
INFO:__main__:Current altitude: 6.253
INFO:__main__:Current altitude: 6.832
INFO:__main__:Current altitude: 8.78
INFO:__main__:Current altitude: 9.572
INFO:__main__:Current altitude: 11.174
INFO:__main__:Current altitude: 11.98
INFO:__main__:Current altitude: 13.595
INFO:__main__:Current altitude: 14.409
INFO:__main__:Current altitude: 16.042
INFO:__main__:Current altitude: 16.83
INFO:__main__:Current altitude: 18.203
INFO:__main__:Changing device mode from VehicleMode:GUIDED to AUTO...
INFO:autopilot:Mission: 1 WP
INFO:__main__:Device mode = VehicleMode:AUTO.
INFO:__main__:backing up old images...
INFO:root:Searching for target...
INFO:autopilot:Reached command #1
INFO:autopilot:Mission: 2 WP
INFO:autopilot:Reached command #2
INFO:autopilot:Mission: 3 WP
INFO:root:Changing device mode from VehicleMode:AUTO to GUIDED...
INFO:root:Device mode = VehicleMode:GUIDED.
INFO:__main__:Goto point: 21.3212712, -157.9239144, 1, 19.998...
INFO:__main__:Current altitude: 19.999
INFO:__main__:Current lat: 21.3212514
INFO:root:Current lon: (-157.9239364, <Logger __main__ (DEBUG)>)
INFO:__main__:Relative position to destination: 1.0000500050005,0.9999990713499296, 1.0000001393075906
INFO:root:Changing device mode from VehicleMode:GUIDED to AUTO...
INFO:autopilot:Mission: 3 WP
INFO:root:Device mode = VehicleMode:AUTO.
INFO:autopilot:Reached command #3
INFO:autopilot:Mission: 4 RTL
