INFO:__main__:PEX 03 start.
INFO:__main__:Connecting to device...
INFO:autopilot:ArduCopter V4.1.0-dev (26a3a02c)
INFO:autopilot:C22MKUTT
INFO:autopilot:Frame: QUAD
INFO:__main__:Device connected.
INFO:__main__:Looking for mission to execute...
INFO:__main__:Arming device...
INFO:__main__:Switching to GUIDED mode...
INFO:__main__:Waiting for arm...
INFO:autopilot:Arming motors
INFO:__main__:Device armed: True.
INFO:__main__:Device takeoff...
INFO:__main__:Current altitude: 0.007
INFO:__main__:Current altitude: 0.007
INFO:__main__:Current altitude: 0.007
INFO:__main__:Current altitude: 0.015
INFO:__main__:Current altitude: 0.25
INFO:__main__:Current altitude: 0.936
INFO:__main__:Current altitude: 1.788
INFO:__main__:Current altitude: 2.772
INFO:autopilot:EKF2 IMU0 in-flight yaw alignment complete
INFO:autopilot:EKF2 IMU1 in-flight yaw alignment complete
INFO:__main__:Current altitude: 3.831
INFO:__main__:Current altitude: 4.935
INFO:__main__:Current altitude: 6.071
INFO:__main__:Current altitude: 7.229
INFO:__main__:Current altitude: 8.406
INFO:__main__:Current altitude: 9.594
INFO:__main__:Current altitude: 10.794
INFO:__main__:Current altitude: 12.002
INFO:__main__:Current altitude: 13.22
INFO:__main__:Current altitude: 14.441
INFO:__main__:Current altitude: 15.667
INFO:__main__:Current altitude: 16.861
INFO:__main__:Current altitude: 17.929
INFO:__main__:Current altitude: 18.758
INFO:__main__:Current altitude: 19.297
INFO:__main__:Changing device mode from VehicleMode:GUIDED to AUTO...
INFO:autopilot:Mission: 1 Takeoff
INFO:autopilot:Mission: 2 WP
INFO:__main__:Device mode = VehicleMode:AUTO.
INFO:__main__:backing up old images...
INFO:root:Searching for target...
INFO:root:Starting camera feed...
INFO:root:configuring rgb stream.
INFO:root:Starting camera streams...
INFO:__main__:Program exception: ['Traceback (most recent call last):\n', '  File "C:/Users/C22Mason.Utt/Documents/GitHub/PEX3-COMP495/mission_starter_code.py", line 437, in <module>\n    conduct_mission()\n', '  File "C:/Users/C22Mason.Utt/Documents/GitHub/PEX3-COMP495/mission_starter_code.py", line 299, in conduct_mission\n    = check_for_initial_target(frame_display, net, classes)\n', '  File "C:/Users/C22Mason.Utt/Documents/GitHub/PEX3-COMP495/mission_starter_code.py", line 255, in check_for_initial_target\n    return (center_x, center_y), confidence, (x, y), radius, frame_display, b_boxes\n', "UnboundLocalError: local variable 'center_x' referenced before assignment\n"]
