INFO:__main__:PEX 03 start.
INFO:__main__:Connecting to device...
INFO:autopilot:ArduCopter V4.1.0-dev (428c9ef0)
INFO:autopilot:a3d9197b765643568af09eb2bd3e5ce7
INFO:autopilot:Frame: QUAD
INFO:__main__:Device connected.
INFO:root:Device version: APM:Copter-None.None.NoneUnknownReleaseType, log=
INFO:__main__:Looking for mission to execute...
INFO:__main__:Arming device...
INFO:__main__:Switching to GUIDED mode...
INFO:__main__:Waiting for arm...
INFO:autopilot:Arming motors
INFO:__main__:Device armed: True.
INFO:__main__:Device takeoff...
INFO:__main__:Current altitude: 0.002
INFO:__main__:Current altitude: 0.003
INFO:__main__:Current altitude: 0.004
INFO:__main__:Current altitude: 0.01
INFO:__main__:Current altitude: 0.448
INFO:__main__:Current altitude: 0.9
INFO:__main__:Current altitude: 2.053
INFO:autopilot:EKF2 IMU0 in-flight yaw alignment complete
INFO:autopilot:EKF2 IMU1 in-flight yaw alignment complete
INFO:__main__:Current altitude: 2.712
INFO:__main__:Current altitude: 4.122
INFO:__main__:Current altitude: 4.855
INFO:__main__:Current altitude: 6.367
INFO:__main__:Current altitude: 7.136
INFO:__main__:Current altitude: 8.7
INFO:__main__:Current altitude: 9.49
INFO:__main__:Current altitude: 11.092
INFO:__main__:Current altitude: 11.896
INFO:__main__:Current altitude: 13.516
INFO:__main__:Current altitude: 14.334
INFO:__main__:Current altitude: 15.959
INFO:__main__:Current altitude: 16.752
INFO:__main__:Current altitude: 18.149
INFO:__main__:Changing device mode from VehicleMode:GUIDED to AUTO...
INFO:autopilot:Mission: 1 WP
INFO:__main__:Device mode = VehicleMode:AUTO.
INFO:__main__:backing up old images...
INFO:root:Searching for target...
INFO:autopilot:Reached command #1
INFO:autopilot:Mission: 2 WP
INFO:autopilot:Reached command #2
INFO:autopilot:Mission: 3 WP
INFO:root:Changing device mode from VehicleMode:AUTO to GUIDED...
INFO:root:Device mode = VehicleMode:GUIDED.
INFO:__main__:Goto point: 21.3212389, -157.9239584, 1, 20.0...
INFO:__main__:Current altitude: 19.999
INFO:__main__:Current lat: 21.3212349
INFO:root:Current lon: (-157.9239848, <Logger __main__ (DEBUG)>)
INFO:__main__:Relative position to destination: 0.9999499999999999,0.999999812393641, 1.000000167169062
INFO:__main__:Program exception: ['Traceback (most recent call last):\n', '  File "/home/usafa/PycharmProjects/USAFA/PEX3-COMP495/mission.py", line 659, in <module>\n    conduct_mission()\n', '  File "/home/usafa/PycharmProjects/USAFA/PEX3-COMP495/mission.py", line 550, in conduct_mission\n    determine_drone_actions((last_lat, last_lon), frm_display, target_sightings, ogbbox)\n', '  File "/home/usafa/PycharmProjects/USAFA/PEX3-COMP495/mission.py", line 594, in determine_drone_actions\n    distance = get_ground_distance(drone.location.global_relative_frame.alt, hypo)\n', '  File "/home/usafa/PycharmProjects/USAFA/PEX3-COMP495/mission.py", line 585, in get_ground_distance\n    return math.sqrt(hypotenuse ** 2 - height ** 2)\n', 'ValueError: math domain error\n']
