INFO:__main__:PEX 03 start.
INFO:__main__:Connecting to device...
INFO:autopilot:ArduCopter V4.1.0-dev (428c9ef0)
INFO:autopilot:a3d9197b765643568af09eb2bd3e5ce7
INFO:autopilot:Frame: QUAD
INFO:__main__:Device connected.
INFO:root:Device version: APM:Copter-None.None.NoneUnknownReleaseType, log=
INFO:__main__:Looking for mission to execute...
INFO:__main__:Arming device...
INFO:__main__:Switching to GUIDED mode...
INFO:__main__:Waiting for arm...
INFO:autopilot:Arming motors
INFO:__main__:Device armed: True.
INFO:__main__:Device takeoff...
INFO:__main__:Current altitude: 0.006
INFO:__main__:Current altitude: 0.006
INFO:__main__:Current altitude: 0.006
INFO:__main__:Current altitude: 0.011
INFO:__main__:Current altitude: 0.159
INFO:__main__:Current altitude: 1.042
INFO:__main__:Current altitude: 1.607
INFO:autopilot:EKF2 IMU0 in-flight yaw alignment complete
INFO:autopilot:EKF2 IMU1 in-flight yaw alignment complete
INFO:__main__:Current altitude: 2.908
INFO:__main__:Current altitude: 3.608
INFO:__main__:Current altitude: 4.33
INFO:__main__:Current altitude: 5.965
INFO:__main__:Current altitude: 7.125
INFO:__main__:Current altitude: 8.299
INFO:__main__:Current altitude: 9.482
INFO:__main__:Current altitude: 10.68
INFO:__main__:Current altitude: 11.885
INFO:__main__:Current altitude: 13.11
INFO:__main__:Current altitude: 14.327
INFO:__main__:Current altitude: 15.553
INFO:__main__:Current altitude: 16.75
INFO:__main__:Current altitude: 17.837
INFO:__main__:Current altitude: 18.683
INFO:__main__:Changing device mode from VehicleMode:GUIDED to AUTO...
INFO:autopilot:Mission: 1 WP
INFO:__main__:Device mode = VehicleMode:AUTO.
INFO:__main__:backing up old images...
INFO:root:Searching for target...
INFO:autopilot:Reached command #1
INFO:autopilot:Mission: 2 WP
INFO:autopilot:Reached command #2
INFO:autopilot:Mission: 3 WP
INFO:root:Changing device mode from VehicleMode:AUTO to GUIDED...
INFO:root:Device mode = VehicleMode:GUIDED.
INFO:__main__:Goto point: 21.3212683, -157.9239168, 1, 26.916...
INFO:__main__:Current altitude: 26.872
INFO:__main__:Current lat: 21.3212509
INFO:root:Current lon: (-157.9239364, <Logger __main__ (DEBUG)>)
INFO:__main__:Relative position to destination: 0.998365284589092,0.9999991839134635, 1.0000001241103968
INFO:__main__:Goto point: 21.3212509, -157.9239364, 1, 26.872...
INFO:__main__:Current altitude: 26.872
INFO:__main__:Current lat: 21.3212509
INFO:root:Current lon: (-157.9239364, <Logger __main__ (DEBUG)>)
INFO:__main__:Relative position to destination: 1.0,1.0, 1.0
INFO:__main__:Yaw to None degrees (relative = False).
INFO:__main__:Program exception: ['Traceback (most recent call last):\n', '  File "/home/usafa/PycharmProjects/USAFA/PEX3-COMP495/mission.py", line 685, in <module>\n    conduct_mission()\n', '  File "/home/usafa/PycharmProjects/USAFA/PEX3-COMP495/mission.py", line 514, in conduct_mission\n    drone_lib.condition_yaw(drone, last_obj_heading, False, log=log)\n', '  File "/home/usafa/PycharmProjects/USAFA/PEX3-COMP495/drone_lib.py", line 94, in condition_yaw\n    device.send_mavlink(msg)\n', '  File "/usr/local/lib/python3.6/dist-packages/dronekit/__init__.py", line 2215, in send_mavlink\n    self._master.mav.send(message)\n', '  File "/home/usafa/.local/lib/python3.6/site-packages/pymavlink/dialects/v20/ardupilotmega.py", line 15046, in send\n    buf = mavmsg.pack(self, force_mavlink1=force_mavlink1)\n', '  File "/home/usafa/.local/lib/python3.6/site-packages/pymavlink/dialects/v20/ardupilotmega.py", line 10193, in pack\n    return MAVLink_message.pack(self, mav, 152, struct.pack(\'<fffffffHBBB\', self.param1, self.param2, self.param3, self.param4, self.param5, self.param6, self.param7, self.command, self.target_system, self.target_component, self.confirmation), force_mavlink1=force_mavlink1)\n', 'struct.error: required argument is not a float\n']
