INFO:__main__:PEX 03 start.
INFO:__main__:Connecting to device...
INFO:autopilot:ArduCopter V4.1.0-dev (428c9ef0)
INFO:autopilot:a3d9197b765643568af09eb2bd3e5ce7
INFO:autopilot:Frame: QUAD
INFO:__main__:Device connected.
INFO:root:Device version: APM:Copter-None.None.NoneUnknownReleaseType, log=
INFO:__main__:Looking for mission to execute...
INFO:__main__:Arming device...
INFO:__main__:Switching to GUIDED mode...
INFO:__main__:Device armed: True.
INFO:__main__:Device takeoff...
INFO:__main__:Current altitude: 10.005
INFO:__main__:Current altitude: 10.007
INFO:__main__:Current altitude: 10.008
INFO:__main__:Current altitude: 10.009
INFO:__main__:Current altitude: 10.009
INFO:__main__:Current altitude: 10.007
INFO:__main__:Current altitude: 10.006
INFO:__main__:Current altitude: 10.005
INFO:__main__:Current altitude: 10.003
INFO:__main__:Current altitude: 10.001
INFO:__main__:Current altitude: 10.0
INFO:__main__:Current altitude: 9.999
INFO:__main__:Current altitude: 9.999
INFO:__main__:Current altitude: 9.999
INFO:__main__:Current altitude: 9.998
INFO:__main__:Current altitude: 9.998
INFO:__main__:Current altitude: 9.997
INFO:__main__:Current altitude: 9.996
INFO:__main__:Current altitude: 9.995
INFO:__main__:Current altitude: 9.995
INFO:__main__:Current altitude: 9.994
INFO:__main__:Current altitude: 9.994
INFO:__main__:Current altitude: 9.994
