INFO:__main__:PEX 03 start.
INFO:__main__:Connecting to device...
INFO:autopilot:ArduCopter V4.1.0-dev (428c9ef0)
INFO:autopilot:a3d9197b765643568af09eb2bd3e5ce7
INFO:autopilot:Frame: QUAD
INFO:__main__:Device connected.
INFO:root:Device version: APM:Copter-None.None.NoneUnknownReleaseType, log=
INFO:__main__:Looking for mission to execute...
INFO:__main__:Arming device...
INFO:__main__:Switching to GUIDED mode...
INFO:__main__:Waiting for arm...
INFO:autopilot:Arming motors
INFO:__main__:Device armed: True.
INFO:__main__:Device takeoff...
INFO:__main__:Current altitude: 0.005
INFO:__main__:Current altitude: 0.005
INFO:__main__:Current altitude: 0.005
INFO:__main__:Current altitude: 0.01
INFO:__main__:Current altitude: 0.22
INFO:__main__:Current altitude: 0.89
INFO:__main__:Current altitude: 1.727
INFO:autopilot:EKF2 IMU0 in-flight yaw alignment complete
INFO:autopilot:EKF2 IMU1 in-flight yaw alignment complete
INFO:__main__:Current altitude: 2.704
INFO:__main__:Current altitude: 3.753
INFO:__main__:Current altitude: 4.848
INFO:__main__:Current altitude: 6.091
INFO:__main__:Current altitude: 7.64
INFO:__main__:Current altitude: 8.422
INFO:__main__:Current altitude: 10.006
INFO:__main__:Current altitude: 10.811
INFO:__main__:Current altitude: 12.421
INFO:__main__:Current altitude: 13.23
INFO:__main__:Current altitude: 14.86
INFO:__main__:Current altitude: 15.675
INFO:__main__:Current altitude: 17.237
INFO:__main__:Current altitude: 17.923
INFO:__main__:Current altitude: 18.958
INFO:__main__:Changing device mode from VehicleMode:GUIDED to AUTO...
INFO:autopilot:Mission: 1 WP
INFO:__main__:Device mode = VehicleMode:AUTO.
INFO:__main__:backing up old images...
INFO:root:Searching for target...
INFO:autopilot:Reached command #1
INFO:autopilot:Mission: 2 WP
INFO:root:Changing device mode from VehicleMode:AUTO to GUIDED...
INFO:root:Device mode = VehicleMode:GUIDED.
INFO:__main__:Goto point: 21.3213228, -157.9238745, 1, 27.657...
INFO:__main__:Current altitude: 27.427
INFO:__main__:Current lat: 21.3213008
INFO:root:Current lon: (-157.9238928, <Logger __main__ (DEBUG)>)
INFO:__main__:Relative position to destination: 0.9916838413421557,0.9999989681690856, 1.0000001158786158
