INFO:__main__:PEX 03 start.
INFO:__main__:Connecting to device...
INFO:autopilot:ArduCopter V4.1.0-dev (428c9ef0)
INFO:autopilot:a3d9197b765643568af09eb2bd3e5ce7
INFO:autopilot:Frame: QUAD
INFO:__main__:Device connected.
INFO:root:Device version: APM:Copter-None.None.NoneUnknownReleaseType, log=
INFO:__main__:Looking for mission to execute...
INFO:__main__:Arming device...
INFO:__main__:Switching to GUIDED mode...
INFO:__main__:Waiting for arm...
INFO:autopilot:Arming motors
INFO:__main__:Device armed: True.
INFO:__main__:Device takeoff...
INFO:__main__:Current altitude: 0.009
INFO:__main__:Current altitude: 0.009
INFO:__main__:Current altitude: 0.009
INFO:__main__:Current altitude: 0.027
INFO:__main__:Current altitude: 0.33
INFO:__main__:Current altitude: 1.018
INFO:__main__:Current altitude: 1.886
INFO:autopilot:EKF2 IMU0 in-flight yaw alignment complete
INFO:autopilot:EKF2 IMU1 in-flight yaw alignment complete
INFO:__main__:Current altitude: 2.875
INFO:__main__:Current altitude: 3.935
INFO:__main__:Current altitude: 5.038
INFO:__main__:Current altitude: 6.175
INFO:__main__:Current altitude: 7.333
INFO:__main__:Current altitude: 8.509
INFO:__main__:Current altitude: 9.103
INFO:__main__:Current altitude: 10.944
INFO:__main__:Current altitude: 11.753
INFO:__main__:Current altitude: 13.366
INFO:__main__:Current altitude: 14.18
INFO:__main__:Current altitude: 15.816
INFO:__main__:Current altitude: 16.611
INFO:__main__:Current altitude: 18.031
INFO:__main__:Changing device mode from VehicleMode:GUIDED to AUTO...
INFO:autopilot:Mission: 1 WP
INFO:__main__:Device mode = VehicleMode:AUTO.
INFO:__main__:backing up old images...
INFO:root:Searching for target...
INFO:autopilot:Reached command #1
INFO:autopilot:Mission: 2 WP
INFO:root:Changing device mode from VehicleMode:AUTO to GUIDED...
INFO:root:Device mode = VehicleMode:GUIDED.
INFO:__main__:Goto point: 21.3213074, -157.9238834, 1, 20.0...
INFO:__main__:Current altitude: 20.0
INFO:__main__:Current lat: 21.3212867
INFO:root:Current lon: (-157.9239022, <Logger __main__ (DEBUG)>)
INFO:__main__:Relative position to destination: 1.0,0.9999990291402113, 1.0000001190446917
