INFO:__main__:PEX 03 start.
INFO:__main__:Connecting to device...
INFO:autopilot:ArduCopter V4.1.0-dev (428c9ef0)
INFO:autopilot:a3d9197b765643568af09eb2bd3e5ce7
INFO:autopilot:Frame: QUAD
INFO:__main__:Device connected.
INFO:root:Device version: APM:Copter-None.None.NoneUnknownReleaseType, log=
INFO:__main__:Looking for mission to execute...
INFO:__main__:Arming device...
INFO:__main__:Switching to GUIDED mode...
INFO:__main__:Waiting for arm...
INFO:autopilot:Arming motors
INFO:__main__:Device armed: True.
INFO:__main__:Device takeoff...
INFO:__main__:Current altitude: 0.006
INFO:__main__:Current altitude: 0.006
INFO:__main__:Current altitude: 0.007
INFO:__main__:Current altitude: 0.022
INFO:__main__:Current altitude: 0.311
INFO:__main__:Current altitude: 1.007
INFO:__main__:Current altitude: 1.87
INFO:autopilot:EKF2 IMU0 in-flight yaw alignment complete
INFO:autopilot:EKF2 IMU1 in-flight yaw alignment complete
INFO:__main__:Current altitude: 2.863
INFO:__main__:Current altitude: 3.916
INFO:__main__:Current altitude: 5.017
INFO:__main__:Current altitude: 6.146
INFO:__main__:Current altitude: 7.309
INFO:__main__:Current altitude: 8.483
INFO:__main__:Current altitude: 9.668
INFO:__main__:Current altitude: 10.866
INFO:__main__:Current altitude: 11.47
INFO:__main__:Current altitude: 13.556
INFO:__main__:Current altitude: 14.372
INFO:__main__:Current altitude: 15.997
INFO:__main__:Current altitude: 16.788
INFO:__main__:Current altitude: 18.176
INFO:__main__:Changing device mode from VehicleMode:GUIDED to AUTO...
INFO:autopilot:Mission: 1 WP
INFO:__main__:Device mode = VehicleMode:AUTO.
INFO:__main__:backing up old images...
INFO:root:Searching for target...
INFO:root:Starting camera feed...
INFO:root:(Potential) target acquired @((0, 0)) with radius None.
INFO:root:Locking in on lat 21.3219989, lon -157.9239995, alt 19.866, heading 16.
INFO:__main__:Program exception: ['Traceback (most recent call last):\n', '  File "/home/usafa/PycharmProjects/USAFA/PEX3-COMP495/mission.py", line 608, in <module>\n    conduct_mission()\n', '  File "/home/usafa/PycharmProjects/USAFA/PEX3-COMP495/mission.py", line 499, in conduct_mission\n    if ((x + (x+radius)/2)) > (frame_w/2):\n', "TypeError: unsupported operand type(s) for +: 'int' and 'NoneType'\n"]
