INFO:__main__:PEX 03 start.
INFO:__main__:Connecting to device...
INFO:autopilot:ArduCopter V4.1.0-dev (428c9ef0)
INFO:autopilot:a3d9197b765643568af09eb2bd3e5ce7
INFO:autopilot:Frame: QUAD
INFO:__main__:Device connected.
INFO:root:Device version: APM:Copter-None.None.NoneUnknownReleaseType, log=
INFO:__main__:Looking for mission to execute...
INFO:__main__:Arming device...
INFO:__main__:Switching to GUIDED mode...
INFO:__main__:Waiting for arm...
INFO:autopilot:Arming motors
INFO:__main__:Device armed: True.
INFO:__main__:Device takeoff...
INFO:__main__:Current altitude: 0.005
INFO:__main__:Current altitude: 0.005
INFO:__main__:Current altitude: 0.005
INFO:__main__:Current altitude: 0.039
INFO:__main__:Current altitude: 0.422
INFO:__main__:Current altitude: 1.123
INFO:__main__:Current altitude: 2.013
INFO:autopilot:EKF2 IMU0 in-flight yaw alignment complete
INFO:autopilot:EKF2 IMU1 in-flight yaw alignment complete
INFO:__main__:Current altitude: 3.023
INFO:__main__:Current altitude: 4.087
INFO:__main__:Current altitude: 5.197
INFO:__main__:Current altitude: 6.333
INFO:__main__:Current altitude: 7.501
INFO:__main__:Current altitude: 8.674
INFO:__main__:Current altitude: 9.865
INFO:__main__:Current altitude: 11.065
INFO:__main__:Current altitude: 12.284
INFO:__main__:Current altitude: 13.502
INFO:__main__:Current altitude: 14.72
INFO:__main__:Current altitude: 15.942
INFO:__main__:Current altitude: 17.122
INFO:__main__:Current altitude: 18.14
INFO:__main__:Changing device mode from VehicleMode:GUIDED to AUTO...
INFO:autopilot:Mission: 1 WP
INFO:__main__:Device mode = VehicleMode:AUTO.
INFO:__main__:backing up old images...
INFO:root:Searching for target...
INFO:autopilot:Reached command #1
INFO:autopilot:Mission: 2 WP
INFO:autopilot:Reached command #2
INFO:autopilot:Mission: 3 WP
INFO:root:Changing device mode from VehicleMode:AUTO to GUIDED...
INFO:root:Device mode = VehicleMode:GUIDED.
INFO:__main__:Goto point: 21.3212615, -157.9239226, 1, 19.99...
INFO:__main__:Current altitude: 19.993
INFO:__main__:Current lat: 21.3212453
INFO:root:Current lon: (-157.9239424, <Logger __main__ (DEBUG)>)
INFO:__main__:Relative position to destination: 1.0001500750375187,0.9999992401950514, 1.000000125376825
