INFO:__main__:PEX 03 start.
INFO:__main__:Connecting to device...
INFO:autopilot:ArduCopter V4.1.0-dev (428c9ef0)
INFO:autopilot:a3d9197b765643568af09eb2bd3e5ce7
INFO:autopilot:Frame: QUAD
INFO:__main__:Device connected.
INFO:root:Device version: APM:Copter-None.None.NoneUnknownReleaseType, log=
INFO:__main__:Looking for mission to execute...
INFO:__main__:Arming device...
INFO:__main__:Switching to GUIDED mode...
INFO:__main__:Waiting for arm...
INFO:autopilot:Arming motors
INFO:__main__:Device armed: True.
INFO:__main__:Device takeoff...
INFO:__main__:Current altitude: 0.008
INFO:__main__:Current altitude: 0.008
INFO:__main__:Current altitude: 0.008
INFO:__main__:Current altitude: 0.03
INFO:__main__:Current altitude: 0.164
INFO:__main__:Current altitude: 1.051
INFO:__main__:Current altitude: 1.617
INFO:autopilot:EKF2 IMU0 in-flight yaw alignment complete
INFO:autopilot:EKF2 IMU1 in-flight yaw alignment complete
INFO:__main__:Current altitude: 2.917
INFO:__main__:Current altitude: 3.623
INFO:__main__:Current altitude: 5.085
INFO:__main__:Current altitude: 5.839
INFO:__main__:Current altitude: 7.373
INFO:__main__:Current altitude: 8.16
INFO:__main__:Current altitude: 9.739
INFO:__main__:Current altitude: 10.537
INFO:__main__:Current altitude: 12.147
INFO:__main__:Current altitude: 12.958
INFO:__main__:Current altitude: 14.35
INFO:__main__:Current altitude: 15.572
INFO:__main__:Current altitude: 16.769
INFO:__main__:Current altitude: 17.852
INFO:__main__:Current altitude: 18.698
INFO:__main__:Changing device mode from VehicleMode:GUIDED to AUTO...
INFO:autopilot:Mission: 1 WP
INFO:__main__:Device mode = VehicleMode:AUTO.
INFO:__main__:backing up old images...
INFO:root:Searching for target...
INFO:root:Starting camera feed...
INFO:root:(Potential) target acquired @((0, 0)) with radius None.
INFO:root:Locking in on lat 21.3220012, lon -157.9240006, alt 19.892, heading 14.
INFO:__main__:Program exception: ['Traceback (most recent call last):\n', '  File "/home/usafa/PycharmProjects/USAFA/PEX3-COMP495/mission.py", line 608, in <module>\n    conduct_mission()\n', '  File "/home/usafa/PycharmProjects/USAFA/PEX3-COMP495/mission.py", line 498, in conduct_mission\n    cv2.rectangle(frame, (x, y), (x + radius, y + radius), (20, 20, 230), 2)\n', "TypeError: unsupported operand type(s) for +: 'int' and 'NoneType'\n"]
