INFO:__main__:PEX 03 start.
INFO:__main__:Connecting to device...
INFO:autopilot:ArduCopter V4.1.0-dev (428c9ef0)
INFO:autopilot:a3d9197b765643568af09eb2bd3e5ce7
INFO:autopilot:Frame: QUAD
INFO:__main__:Device connected.
INFO:root:Device version: APM:Copter-None.None.NoneUnknownReleaseType, log=
INFO:__main__:Looking for mission to execute...
INFO:__main__:Arming device...
INFO:__main__:Switching to GUIDED mode...
INFO:__main__:Waiting for arm...
INFO:autopilot:Arming motors
INFO:__main__:Device armed: True.
INFO:__main__:Device takeoff...
INFO:__main__:Current altitude: 0.009
INFO:__main__:Current altitude: 0.009
INFO:__main__:Current altitude: 0.009
INFO:__main__:Current altitude: 0.011
INFO:__main__:Current altitude: 0.372
INFO:__main__:Current altitude: 0.822
INFO:__main__:Current altitude: 1.946
INFO:autopilot:EKF2 IMU0 in-flight yaw alignment complete
INFO:autopilot:EKF2 IMU1 in-flight yaw alignment complete
INFO:__main__:Current altitude: 2.6
INFO:__main__:Current altitude: 4.001
INFO:__main__:Current altitude: 4.734
INFO:__main__:Current altitude: 6.243
INFO:__main__:Current altitude: 7.012
INFO:__main__:Current altitude: 8.578
INFO:__main__:Current altitude: 9.37
INFO:__main__:Current altitude: 10.963
INFO:__main__:Current altitude: 11.769
INFO:__main__:Current altitude: 13.393
INFO:__main__:Current altitude: 14.208
INFO:__main__:Current altitude: 15.837
INFO:__main__:Current altitude: 16.63
INFO:__main__:Current altitude: 17.386
INFO:__main__:Current altitude: 18.689
INFO:__main__:Changing device mode from VehicleMode:GUIDED to AUTO...
INFO:autopilot:Mission: 1 WP
INFO:__main__:Device mode = VehicleMode:AUTO.
INFO:__main__:backing up old images...
INFO:root:Searching for target...
INFO:root:Changing device mode from VehicleMode:AUTO to AUTO...
INFO:root:Device mode = VehicleMode:AUTO.
INFO:root:Changing device mode from VehicleMode:AUTO to AUTO...
INFO:root:Device mode = VehicleMode:AUTO.
INFO:root:Changing device mode from VehicleMode:AUTO to AUTO...
INFO:root:Device mode = VehicleMode:AUTO.
INFO:root:Changing device mode from VehicleMode:AUTO to AUTO...
INFO:root:Device mode = VehicleMode:AUTO.
INFO:root:Changing device mode from VehicleMode:AUTO to AUTO...
INFO:root:Device mode = VehicleMode:AUTO.
INFO:root:Changing device mode from VehicleMode:AUTO to AUTO...
INFO:root:Device mode = VehicleMode:AUTO.
INFO:root:Changing device mode from VehicleMode:AUTO to AUTO...
INFO:root:Device mode = VehicleMode:AUTO.
INFO:root:Changing device mode from VehicleMode:AUTO to AUTO...
INFO:root:Device mode = VehicleMode:AUTO.
INFO:root:Changing device mode from VehicleMode:AUTO to AUTO...
INFO:root:Device mode = VehicleMode:AUTO.
INFO:root:Changing device mode from VehicleMode:AUTO to AUTO...
INFO:root:Device mode = VehicleMode:AUTO.
INFO:root:Changing device mode from VehicleMode:AUTO to AUTO...
INFO:root:Device mode = VehicleMode:AUTO.
INFO:root:Changing device mode from VehicleMode:AUTO to AUTO...
INFO:root:Device mode = VehicleMode:AUTO.
INFO:root:Changing device mode from VehicleMode:AUTO to AUTO...
INFO:root:Device mode = VehicleMode:AUTO.
INFO:root:Changing device mode from VehicleMode:AUTO to AUTO...
INFO:root:Device mode = VehicleMode:AUTO.
INFO:root:Changing device mode from VehicleMode:AUTO to AUTO...
INFO:root:Device mode = VehicleMode:AUTO.
INFO:root:Changing device mode from VehicleMode:AUTO to AUTO...
INFO:root:Device mode = VehicleMode:AUTO.
INFO:root:Changing device mode from VehicleMode:AUTO to AUTO...
INFO:root:Device mode = VehicleMode:AUTO.
INFO:root:Changing device mode from VehicleMode:AUTO to AUTO...
INFO:root:Device mode = VehicleMode:AUTO.
INFO:root:Changing device mode from VehicleMode:AUTO to AUTO...
INFO:root:Device mode = VehicleMode:AUTO.
INFO:root:Changing device mode from VehicleMode:AUTO to AUTO...
INFO:root:Device mode = VehicleMode:AUTO.
INFO:root:Changing device mode from VehicleMode:AUTO to AUTO...
INFO:root:Device mode = VehicleMode:AUTO.
INFO:root:Changing device mode from VehicleMode:AUTO to AUTO...
INFO:root:Device mode = VehicleMode:AUTO.
INFO:root:Changing device mode from VehicleMode:AUTO to AUTO...
INFO:root:Device mode = VehicleMode:AUTO.
INFO:root:Changing device mode from VehicleMode:AUTO to AUTO...
INFO:root:Device mode = VehicleMode:AUTO.
INFO:root:Changing device mode from VehicleMode:AUTO to AUTO...
INFO:root:Device mode = VehicleMode:AUTO.
INFO:root:Changing device mode from VehicleMode:AUTO to AUTO...
INFO:root:Device mode = VehicleMode:AUTO.
INFO:root:Changing device mode from VehicleMode:AUTO to AUTO...
INFO:root:Device mode = VehicleMode:AUTO.
INFO:root:Changing device mode from VehicleMode:AUTO to AUTO...
INFO:root:Device mode = VehicleMode:AUTO.
INFO:root:Changing device mode from VehicleMode:AUTO to AUTO...
INFO:root:Device mode = VehicleMode:AUTO.
INFO:root:Changing device mode from VehicleMode:AUTO to AUTO...
INFO:root:Device mode = VehicleMode:AUTO.
INFO:root:Changing device mode from VehicleMode:AUTO to AUTO...
INFO:root:Device mode = VehicleMode:AUTO.
INFO:root:Changing device mode from VehicleMode:AUTO to AUTO...
INFO:root:Device mode = VehicleMode:AUTO.
INFO:root:Changing device mode from VehicleMode:AUTO to AUTO...
INFO:root:Device mode = VehicleMode:AUTO.
INFO:root:Changing device mode from VehicleMode:AUTO to AUTO...
INFO:root:Device mode = VehicleMode:AUTO.
INFO:root:Changing device mode from VehicleMode:AUTO to AUTO...
INFO:root:Device mode = VehicleMode:AUTO.
INFO:root:Changing device mode from VehicleMode:AUTO to AUTO...
INFO:root:Device mode = VehicleMode:AUTO.
INFO:root:Changing device mode from VehicleMode:AUTO to AUTO...
INFO:root:Device mode = VehicleMode:AUTO.
INFO:root:Changing device mode from VehicleMode:AUTO to AUTO...
INFO:root:Device mode = VehicleMode:AUTO.
INFO:root:Changing device mode from VehicleMode:AUTO to AUTO...
INFO:root:Device mode = VehicleMode:AUTO.
INFO:root:Changing device mode from VehicleMode:AUTO to AUTO...
INFO:root:Device mode = VehicleMode:AUTO.
INFO:root:Changing device mode from VehicleMode:AUTO to AUTO...
INFO:root:Device mode = VehicleMode:AUTO.
INFO:root:Changing device mode from VehicleMode:AUTO to AUTO...
INFO:root:Device mode = VehicleMode:AUTO.
INFO:root:Changing device mode from VehicleMode:AUTO to AUTO...
INFO:root:Device mode = VehicleMode:AUTO.
INFO:root:Changing device mode from VehicleMode:AUTO to AUTO...
INFO:root:Device mode = VehicleMode:AUTO.
INFO:root:Changing device mode from VehicleMode:AUTO to AUTO...
INFO:root:Device mode = VehicleMode:AUTO.
INFO:root:Changing device mode from VehicleMode:AUTO to AUTO...
INFO:root:Device mode = VehicleMode:AUTO.
INFO:root:Changing device mode from VehicleMode:AUTO to AUTO...
INFO:root:Device mode = VehicleMode:AUTO.
INFO:root:Changing device mode from VehicleMode:AUTO to AUTO...
INFO:root:Device mode = VehicleMode:AUTO.
INFO:root:Changing device mode from VehicleMode:AUTO to AUTO...
INFO:root:Device mode = VehicleMode:AUTO.
INFO:root:Changing device mode from VehicleMode:AUTO to AUTO...
INFO:root:Device mode = VehicleMode:AUTO.
INFO:root:Changing device mode from VehicleMode:AUTO to AUTO...
INFO:root:Device mode = VehicleMode:AUTO.
INFO:root:Changing device mode from VehicleMode:AUTO to AUTO...
INFO:root:Device mode = VehicleMode:AUTO.
INFO:root:Changing device mode from VehicleMode:AUTO to AUTO...
INFO:root:Device mode = VehicleMode:AUTO.
INFO:root:Changing device mode from VehicleMode:AUTO to AUTO...
INFO:root:Device mode = VehicleMode:AUTO.
INFO:root:Changing device mode from VehicleMode:AUTO to AUTO...
INFO:root:Device mode = VehicleMode:AUTO.
INFO:root:Changing device mode from VehicleMode:AUTO to AUTO...
INFO:root:Device mode = VehicleMode:AUTO.
INFO:root:Changing device mode from VehicleMode:AUTO to AUTO...
INFO:root:Device mode = VehicleMode:AUTO.
INFO:root:Changing device mode from VehicleMode:AUTO to AUTO...
INFO:root:Device mode = VehicleMode:AUTO.
INFO:root:Changing device mode from VehicleMode:AUTO to AUTO...
INFO:root:Device mode = VehicleMode:AUTO.
INFO:root:Changing device mode from VehicleMode:AUTO to AUTO...
INFO:root:Device mode = VehicleMode:AUTO.
INFO:root:Changing device mode from VehicleMode:AUTO to AUTO...
INFO:root:Device mode = VehicleMode:AUTO.
INFO:root:Changing device mode from VehicleMode:AUTO to AUTO...
INFO:root:Device mode = VehicleMode:AUTO.
INFO:root:Changing device mode from VehicleMode:AUTO to AUTO...
INFO:root:Device mode = VehicleMode:AUTO.
INFO:root:Changing device mode from VehicleMode:AUTO to AUTO...
INFO:root:Device mode = VehicleMode:AUTO.
INFO:root:Changing device mode from VehicleMode:AUTO to AUTO...
INFO:root:Device mode = VehicleMode:AUTO.
INFO:root:Changing device mode from VehicleMode:AUTO to AUTO...
INFO:root:Device mode = VehicleMode:AUTO.
INFO:root:Changing device mode from VehicleMode:AUTO to AUTO...
INFO:root:Device mode = VehicleMode:AUTO.
INFO:root:Changing device mode from VehicleMode:AUTO to AUTO...
INFO:root:Device mode = VehicleMode:AUTO.
INFO:root:Changing device mode from VehicleMode:AUTO to AUTO...
INFO:root:Device mode = VehicleMode:AUTO.
INFO:root:Changing device mode from VehicleMode:AUTO to AUTO...
INFO:root:Device mode = VehicleMode:AUTO.
INFO:root:Changing device mode from VehicleMode:AUTO to AUTO...
INFO:root:Device mode = VehicleMode:AUTO.
INFO:root:Changing device mode from VehicleMode:AUTO to AUTO...
INFO:root:Device mode = VehicleMode:AUTO.
INFO:root:Changing device mode from VehicleMode:AUTO to AUTO...
INFO:root:Device mode = VehicleMode:AUTO.
INFO:root:Changing device mode from VehicleMode:AUTO to AUTO...
INFO:root:Device mode = VehicleMode:AUTO.
INFO:root:Changing device mode from VehicleMode:AUTO to AUTO...
INFO:root:Device mode = VehicleMode:AUTO.
INFO:root:Changing device mode from VehicleMode:AUTO to AUTO...
INFO:root:Device mode = VehicleMode:AUTO.
INFO:root:Changing device mode from VehicleMode:AUTO to AUTO...
INFO:root:Device mode = VehicleMode:AUTO.
INFO:root:Changing device mode from VehicleMode:AUTO to AUTO...
INFO:root:Device mode = VehicleMode:AUTO.
INFO:root:Changing device mode from VehicleMode:AUTO to AUTO...
INFO:root:Device mode = VehicleMode:AUTO.
INFO:root:Changing device mode from VehicleMode:AUTO to AUTO...
INFO:root:Device mode = VehicleMode:AUTO.
INFO:root:Changing device mode from VehicleMode:AUTO to AUTO...
INFO:root:Device mode = VehicleMode:AUTO.
INFO:root:Changing device mode from VehicleMode:AUTO to AUTO...
INFO:root:Device mode = VehicleMode:AUTO.
INFO:root:Changing device mode from VehicleMode:AUTO to AUTO...
INFO:root:Device mode = VehicleMode:AUTO.
INFO:root:Changing device mode from VehicleMode:AUTO to AUTO...
INFO:root:Device mode = VehicleMode:AUTO.
INFO:root:Changing device mode from VehicleMode:AUTO to AUTO...
INFO:root:Device mode = VehicleMode:AUTO.
INFO:root:Changing device mode from VehicleMode:AUTO to AUTO...
INFO:root:Device mode = VehicleMode:AUTO.
INFO:root:Changing device mode from VehicleMode:AUTO to AUTO...
INFO:root:Device mode = VehicleMode:AUTO.
INFO:root:Changing device mode from VehicleMode:AUTO to AUTO...
INFO:root:Device mode = VehicleMode:AUTO.
INFO:root:Changing device mode from VehicleMode:AUTO to AUTO...
INFO:root:Device mode = VehicleMode:AUTO.
INFO:root:Changing device mode from VehicleMode:AUTO to AUTO...
INFO:root:Device mode = VehicleMode:AUTO.
INFO:root:Changing device mode from VehicleMode:AUTO to AUTO...
INFO:root:Device mode = VehicleMode:AUTO.
INFO:root:Changing device mode from VehicleMode:AUTO to AUTO...
INFO:root:Device mode = VehicleMode:AUTO.
INFO:root:Changing device mode from VehicleMode:AUTO to AUTO...
INFO:root:Device mode = VehicleMode:AUTO.
INFO:root:Changing device mode from VehicleMode:AUTO to AUTO...
INFO:root:Device mode = VehicleMode:AUTO.
INFO:root:Changing device mode from VehicleMode:AUTO to AUTO...
INFO:root:Device mode = VehicleMode:AUTO.
INFO:root:Changing device mode from VehicleMode:AUTO to AUTO...
INFO:root:Device mode = VehicleMode:AUTO.
INFO:root:Changing device mode from VehicleMode:AUTO to AUTO...
INFO:root:Device mode = VehicleMode:AUTO.
INFO:root:Changing device mode from VehicleMode:AUTO to AUTO...
INFO:root:Device mode = VehicleMode:AUTO.
INFO:root:Changing device mode from VehicleMode:AUTO to AUTO...
INFO:root:Device mode = VehicleMode:AUTO.
INFO:root:Changing device mode from VehicleMode:AUTO to AUTO...
INFO:root:Device mode = VehicleMode:AUTO.
INFO:root:Changing device mode from VehicleMode:AUTO to AUTO...
INFO:root:Device mode = VehicleMode:AUTO.
INFO:root:Changing device mode from VehicleMode:AUTO to AUTO...
INFO:root:Device mode = VehicleMode:AUTO.
INFO:root:Changing device mode from VehicleMode:AUTO to AUTO...
INFO:root:Device mode = VehicleMode:AUTO.
INFO:root:Changing device mode from VehicleMode:AUTO to AUTO...
INFO:root:Device mode = VehicleMode:AUTO.
INFO:root:Changing device mode from VehicleMode:AUTO to AUTO...
INFO:root:Device mode = VehicleMode:AUTO.
INFO:root:Changing device mode from VehicleMode:AUTO to AUTO...
INFO:root:Device mode = VehicleMode:AUTO.
INFO:root:Changing device mode from VehicleMode:AUTO to AUTO...
INFO:root:Device mode = VehicleMode:AUTO.
INFO:root:Changing device mode from VehicleMode:AUTO to AUTO...
INFO:root:Device mode = VehicleMode:AUTO.
INFO:root:Changing device mode from VehicleMode:AUTO to AUTO...
INFO:root:Device mode = VehicleMode:AUTO.
INFO:root:Changing device mode from VehicleMode:AUTO to AUTO...
INFO:root:Device mode = VehicleMode:AUTO.
INFO:root:Changing device mode from VehicleMode:AUTO to AUTO...
INFO:root:Device mode = VehicleMode:AUTO.
INFO:root:Changing device mode from VehicleMode:AUTO to AUTO...
INFO:root:Device mode = VehicleMode:AUTO.
INFO:root:Changing device mode from VehicleMode:AUTO to AUTO...
INFO:root:Device mode = VehicleMode:AUTO.
INFO:root:Changing device mode from VehicleMode:AUTO to AUTO...
INFO:root:Device mode = VehicleMode:AUTO.
INFO:root:Changing device mode from VehicleMode:AUTO to AUTO...
INFO:root:Device mode = VehicleMode:AUTO.
INFO:root:Changing device mode from VehicleMode:AUTO to AUTO...
INFO:root:Device mode = VehicleMode:AUTO.
INFO:root:Changing device mode from VehicleMode:AUTO to AUTO...
INFO:root:Device mode = VehicleMode:AUTO.
INFO:root:Changing device mode from VehicleMode:AUTO to AUTO...
INFO:root:Device mode = VehicleMode:AUTO.
INFO:root:Changing device mode from VehicleMode:AUTO to AUTO...
INFO:root:Device mode = VehicleMode:AUTO.
INFO:root:Changing device mode from VehicleMode:AUTO to AUTO...
INFO:root:Device mode = VehicleMode:AUTO.
INFO:root:Changing device mode from VehicleMode:AUTO to AUTO...
INFO:root:Device mode = VehicleMode:AUTO.
INFO:root:Changing device mode from VehicleMode:AUTO to AUTO...
INFO:root:Device mode = VehicleMode:AUTO.
INFO:root:Changing device mode from VehicleMode:AUTO to AUTO...
INFO:root:Device mode = VehicleMode:AUTO.
INFO:root:Changing device mode from VehicleMode:AUTO to AUTO...
INFO:root:Device mode = VehicleMode:AUTO.
INFO:root:Changing device mode from VehicleMode:AUTO to AUTO...
INFO:root:Device mode = VehicleMode:AUTO.
INFO:root:Changing device mode from VehicleMode:AUTO to AUTO...
INFO:root:Device mode = VehicleMode:AUTO.
INFO:root:Changing device mode from VehicleMode:AUTO to AUTO...
INFO:root:Device mode = VehicleMode:AUTO.
INFO:root:Changing device mode from VehicleMode:AUTO to AUTO...
INFO:root:Device mode = VehicleMode:AUTO.
INFO:root:Changing device mode from VehicleMode:AUTO to AUTO...
INFO:root:Device mode = VehicleMode:AUTO.
INFO:root:Changing device mode from VehicleMode:AUTO to AUTO...
INFO:root:Device mode = VehicleMode:AUTO.
INFO:root:Changing device mode from VehicleMode:AUTO to AUTO...
INFO:root:Device mode = VehicleMode:AUTO.
INFO:root:Changing device mode from VehicleMode:AUTO to AUTO...
INFO:root:Device mode = VehicleMode:AUTO.
INFO:root:Changing device mode from VehicleMode:AUTO to AUTO...
INFO:root:Device mode = VehicleMode:AUTO.
INFO:root:Changing device mode from VehicleMode:AUTO to AUTO...
INFO:root:Device mode = VehicleMode:AUTO.
INFO:root:Changing device mode from VehicleMode:AUTO to AUTO...
INFO:root:Device mode = VehicleMode:AUTO.
INFO:root:Changing device mode from VehicleMode:AUTO to AUTO...
INFO:root:Device mode = VehicleMode:AUTO.
INFO:root:Changing device mode from VehicleMode:AUTO to AUTO...
INFO:root:Device mode = VehicleMode:AUTO.
INFO:root:Changing device mode from VehicleMode:AUTO to AUTO...
INFO:root:Device mode = VehicleMode:AUTO.
INFO:root:Changing device mode from VehicleMode:AUTO to AUTO...
INFO:root:Device mode = VehicleMode:AUTO.
INFO:root:Changing device mode from VehicleMode:AUTO to AUTO...
INFO:root:Device mode = VehicleMode:AUTO.
INFO:root:Changing device mode from VehicleMode:AUTO to AUTO...
INFO:root:Device mode = VehicleMode:AUTO.
INFO:root:Changing device mode from VehicleMode:AUTO to AUTO...
INFO:root:Device mode = VehicleMode:AUTO.
INFO:root:Changing device mode from VehicleMode:AUTO to AUTO...
INFO:root:Device mode = VehicleMode:AUTO.
INFO:root:Changing device mode from VehicleMode:AUTO to AUTO...
INFO:root:Device mode = VehicleMode:AUTO.
INFO:root:Changing device mode from VehicleMode:AUTO to AUTO...
INFO:root:Device mode = VehicleMode:AUTO.
INFO:autopilot:Reached command #1
INFO:autopilot:Mission: 2 WP
INFO:root:Changing device mode from VehicleMode:AUTO to AUTO...
INFO:root:Device mode = VehicleMode:AUTO.
INFO:root:Changing device mode from VehicleMode:AUTO to AUTO...
INFO:root:Device mode = VehicleMode:AUTO.
INFO:root:Changing device mode from VehicleMode:AUTO to AUTO...
INFO:root:Device mode = VehicleMode:AUTO.
INFO:root:Changing device mode from VehicleMode:AUTO to AUTO...
INFO:root:Device mode = VehicleMode:AUTO.
INFO:root:Changing device mode from VehicleMode:AUTO to AUTO...
INFO:root:Device mode = VehicleMode:AUTO.
INFO:root:Changing device mode from VehicleMode:AUTO to AUTO...
INFO:root:Device mode = VehicleMode:AUTO.
INFO:root:Changing device mode from VehicleMode:AUTO to AUTO...
INFO:root:Device mode = VehicleMode:AUTO.
INFO:root:Changing device mode from VehicleMode:AUTO to AUTO...
INFO:root:Device mode = VehicleMode:AUTO.
INFO:root:Changing device mode from VehicleMode:AUTO to AUTO...
INFO:root:Device mode = VehicleMode:AUTO.
INFO:root:Changing device mode from VehicleMode:AUTO to AUTO...
INFO:root:Device mode = VehicleMode:AUTO.
INFO:root:Changing device mode from VehicleMode:AUTO to AUTO...
INFO:root:Device mode = VehicleMode:AUTO.
INFO:root:Changing device mode from VehicleMode:AUTO to AUTO...
INFO:root:Device mode = VehicleMode:AUTO.
INFO:root:Changing device mode from VehicleMode:AUTO to AUTO...
INFO:root:Device mode = VehicleMode:AUTO.
INFO:root:Changing device mode from VehicleMode:AUTO to AUTO...
INFO:root:Device mode = VehicleMode:AUTO.
INFO:root:Changing device mode from VehicleMode:AUTO to AUTO...
INFO:root:Device mode = VehicleMode:AUTO.
INFO:root:Changing device mode from VehicleMode:AUTO to AUTO...
INFO:root:Device mode = VehicleMode:AUTO.
INFO:root:Changing device mode from VehicleMode:AUTO to AUTO...
INFO:root:Device mode = VehicleMode:AUTO.
INFO:root:Changing device mode from VehicleMode:AUTO to AUTO...
INFO:root:Device mode = VehicleMode:AUTO.
INFO:root:Changing device mode from VehicleMode:AUTO to AUTO...
INFO:root:Device mode = VehicleMode:AUTO.
INFO:root:Changing device mode from VehicleMode:AUTO to AUTO...
INFO:root:Device mode = VehicleMode:AUTO.
INFO:root:Changing device mode from VehicleMode:AUTO to AUTO...
INFO:root:Device mode = VehicleMode:AUTO.
INFO:root:Changing device mode from VehicleMode:AUTO to AUTO...
INFO:root:Device mode = VehicleMode:AUTO.
INFO:root:Changing device mode from VehicleMode:AUTO to AUTO...
INFO:root:Device mode = VehicleMode:AUTO.
INFO:root:Changing device mode from VehicleMode:AUTO to AUTO...
INFO:root:Device mode = VehicleMode:AUTO.
INFO:root:Changing device mode from VehicleMode:AUTO to AUTO...
INFO:root:Device mode = VehicleMode:AUTO.
INFO:root:Changing device mode from VehicleMode:AUTO to AUTO...
INFO:root:Device mode = VehicleMode:AUTO.
INFO:root:Changing device mode from VehicleMode:AUTO to AUTO...
INFO:root:Device mode = VehicleMode:AUTO.
INFO:root:Changing device mode from VehicleMode:AUTO to AUTO...
INFO:root:Device mode = VehicleMode:AUTO.
INFO:root:Changing device mode from VehicleMode:AUTO to AUTO...
INFO:root:Device mode = VehicleMode:AUTO.
INFO:root:Changing device mode from VehicleMode:AUTO to AUTO...
INFO:root:Device mode = VehicleMode:AUTO.
INFO:root:Changing device mode from VehicleMode:AUTO to AUTO...
INFO:root:Device mode = VehicleMode:AUTO.
INFO:root:Changing device mode from VehicleMode:AUTO to AUTO...
INFO:root:Device mode = VehicleMode:AUTO.
INFO:root:Changing device mode from VehicleMode:AUTO to AUTO...
INFO:root:Device mode = VehicleMode:AUTO.
INFO:root:Changing device mode from VehicleMode:AUTO to AUTO...
INFO:root:Device mode = VehicleMode:AUTO.
INFO:root:Changing device mode from VehicleMode:AUTO to AUTO...
INFO:root:Device mode = VehicleMode:AUTO.
INFO:root:Changing device mode from VehicleMode:AUTO to AUTO...
INFO:root:Device mode = VehicleMode:AUTO.
INFO:root:Changing device mode from VehicleMode:AUTO to AUTO...
INFO:root:Device mode = VehicleMode:AUTO.
INFO:root:Changing device mode from VehicleMode:AUTO to AUTO...
INFO:root:Device mode = VehicleMode:AUTO.
INFO:root:Changing device mode from VehicleMode:AUTO to AUTO...
INFO:root:Device mode = VehicleMode:AUTO.
INFO:root:Changing device mode from VehicleMode:AUTO to AUTO...
INFO:root:Device mode = VehicleMode:AUTO.
INFO:root:Changing device mode from VehicleMode:AUTO to AUTO...
INFO:root:Device mode = VehicleMode:AUTO.
INFO:root:Changing device mode from VehicleMode:AUTO to AUTO...
INFO:root:Device mode = VehicleMode:AUTO.
INFO:root:Changing device mode from VehicleMode:AUTO to AUTO...
INFO:root:Device mode = VehicleMode:AUTO.
INFO:root:Changing device mode from VehicleMode:AUTO to AUTO...
INFO:root:Device mode = VehicleMode:AUTO.
INFO:root:Changing device mode from VehicleMode:AUTO to AUTO...
INFO:root:Device mode = VehicleMode:AUTO.
INFO:root:Changing device mode from VehicleMode:AUTO to AUTO...
INFO:root:Device mode = VehicleMode:AUTO.
INFO:root:Changing device mode from VehicleMode:AUTO to AUTO...
INFO:root:Device mode = VehicleMode:AUTO.
INFO:root:Changing device mode from VehicleMode:AUTO to AUTO...
INFO:root:Device mode = VehicleMode:AUTO.
INFO:root:Changing device mode from VehicleMode:AUTO to AUTO...
INFO:root:Device mode = VehicleMode:AUTO.
INFO:root:Changing device mode from VehicleMode:AUTO to AUTO...
INFO:root:Device mode = VehicleMode:AUTO.
INFO:root:Changing device mode from VehicleMode:AUTO to AUTO...
INFO:root:Device mode = VehicleMode:AUTO.
INFO:root:Changing device mode from VehicleMode:AUTO to AUTO...
INFO:root:Device mode = VehicleMode:AUTO.
INFO:root:Changing device mode from VehicleMode:AUTO to AUTO...
INFO:root:Device mode = VehicleMode:AUTO.
INFO:root:Changing device mode from VehicleMode:AUTO to AUTO...
INFO:root:Device mode = VehicleMode:AUTO.
INFO:root:Changing device mode from VehicleMode:AUTO to AUTO...
INFO:root:Device mode = VehicleMode:AUTO.
INFO:root:Changing device mode from VehicleMode:AUTO to AUTO...
INFO:root:Device mode = VehicleMode:AUTO.
INFO:root:Changing device mode from VehicleMode:AUTO to AUTO...
INFO:root:Device mode = VehicleMode:AUTO.
INFO:root:Changing device mode from VehicleMode:AUTO to AUTO...
INFO:root:Device mode = VehicleMode:AUTO.
INFO:root:Changing device mode from VehicleMode:AUTO to AUTO...
INFO:root:Device mode = VehicleMode:AUTO.
INFO:root:Changing device mode from VehicleMode:AUTO to AUTO...
INFO:root:Device mode = VehicleMode:AUTO.
INFO:root:Changing device mode from VehicleMode:AUTO to AUTO...
INFO:root:Device mode = VehicleMode:AUTO.
INFO:root:Changing device mode from VehicleMode:AUTO to AUTO...
INFO:root:Device mode = VehicleMode:AUTO.
INFO:root:Changing device mode from VehicleMode:AUTO to AUTO...
INFO:root:Device mode = VehicleMode:AUTO.
INFO:root:Changing device mode from VehicleMode:AUTO to AUTO...
INFO:root:Device mode = VehicleMode:AUTO.
INFO:root:Changing device mode from VehicleMode:AUTO to AUTO...
INFO:root:Device mode = VehicleMode:AUTO.
INFO:root:Changing device mode from VehicleMode:AUTO to AUTO...
INFO:root:Device mode = VehicleMode:AUTO.
INFO:root:Changing device mode from VehicleMode:AUTO to AUTO...
INFO:root:Device mode = VehicleMode:AUTO.
INFO:root:Changing device mode from VehicleMode:AUTO to AUTO...
INFO:root:Device mode = VehicleMode:AUTO.
INFO:root:Changing device mode from VehicleMode:AUTO to AUTO...
INFO:root:Device mode = VehicleMode:AUTO.
INFO:root:Changing device mode from VehicleMode:AUTO to AUTO...
INFO:root:Device mode = VehicleMode:AUTO.
INFO:root:Changing device mode from VehicleMode:AUTO to AUTO...
INFO:root:Device mode = VehicleMode:AUTO.
INFO:root:Changing device mode from VehicleMode:AUTO to AUTO...
INFO:root:Device mode = VehicleMode:AUTO.
INFO:root:Changing device mode from VehicleMode:AUTO to AUTO...
INFO:root:Device mode = VehicleMode:AUTO.
INFO:root:Changing device mode from VehicleMode:AUTO to AUTO...
INFO:root:Device mode = VehicleMode:AUTO.
INFO:root:Changing device mode from VehicleMode:AUTO to AUTO...
INFO:root:Device mode = VehicleMode:AUTO.
INFO:root:Changing device mode from VehicleMode:AUTO to AUTO...
INFO:root:Device mode = VehicleMode:AUTO.
INFO:root:Changing device mode from VehicleMode:AUTO to AUTO...
INFO:root:Device mode = VehicleMode:AUTO.
INFO:root:Changing device mode from VehicleMode:AUTO to AUTO...
INFO:root:Device mode = VehicleMode:AUTO.
INFO:root:Changing device mode from VehicleMode:AUTO to AUTO...
INFO:root:Device mode = VehicleMode:AUTO.
INFO:root:Changing device mode from VehicleMode:AUTO to AUTO...
INFO:root:Device mode = VehicleMode:AUTO.
INFO:root:Changing device mode from VehicleMode:AUTO to AUTO...
INFO:root:Device mode = VehicleMode:AUTO.
INFO:root:Changing device mode from VehicleMode:AUTO to AUTO...
INFO:root:Device mode = VehicleMode:AUTO.
INFO:root:Changing device mode from VehicleMode:AUTO to AUTO...
INFO:root:Device mode = VehicleMode:AUTO.
INFO:root:Changing device mode from VehicleMode:AUTO to AUTO...
INFO:root:Device mode = VehicleMode:AUTO.
INFO:root:Changing device mode from VehicleMode:AUTO to AUTO...
INFO:root:Device mode = VehicleMode:AUTO.
INFO:root:Changing device mode from VehicleMode:AUTO to AUTO...
INFO:root:Device mode = VehicleMode:AUTO.
INFO:root:Changing device mode from VehicleMode:AUTO to AUTO...
INFO:root:Device mode = VehicleMode:AUTO.
INFO:root:Changing device mode from VehicleMode:AUTO to AUTO...
INFO:root:Device mode = VehicleMode:AUTO.
INFO:root:Changing device mode from VehicleMode:AUTO to AUTO...
INFO:root:Device mode = VehicleMode:AUTO.
INFO:root:Changing device mode from VehicleMode:AUTO to AUTO...
INFO:root:Device mode = VehicleMode:AUTO.
INFO:root:Changing device mode from VehicleMode:AUTO to AUTO...
INFO:root:Device mode = VehicleMode:AUTO.
INFO:root:Changing device mode from VehicleMode:AUTO to AUTO...
INFO:root:Device mode = VehicleMode:AUTO.
INFO:autopilot:Reached command #2
INFO:autopilot:Mission: 3 WP
INFO:root:Changing device mode from VehicleMode:AUTO to AUTO...
INFO:root:Device mode = VehicleMode:AUTO.
INFO:root:Changing device mode from VehicleMode:AUTO to AUTO...
INFO:root:Device mode = VehicleMode:AUTO.
INFO:root:Changing device mode from VehicleMode:AUTO to AUTO...
INFO:root:Device mode = VehicleMode:AUTO.
INFO:root:Changing device mode from VehicleMode:AUTO to AUTO...
INFO:root:Device mode = VehicleMode:AUTO.
INFO:root:Changing device mode from VehicleMode:AUTO to AUTO...
INFO:root:Device mode = VehicleMode:AUTO.
INFO:root:Changing device mode from VehicleMode:AUTO to AUTO...
INFO:root:Device mode = VehicleMode:AUTO.
INFO:root:Changing device mode from VehicleMode:AUTO to AUTO...
INFO:root:Device mode = VehicleMode:AUTO.
INFO:root:Changing device mode from VehicleMode:AUTO to AUTO...
INFO:root:Device mode = VehicleMode:AUTO.
INFO:root:Changing device mode from VehicleMode:AUTO to AUTO...
INFO:root:Device mode = VehicleMode:AUTO.
INFO:root:Changing device mode from VehicleMode:AUTO to AUTO...
INFO:root:Device mode = VehicleMode:AUTO.
INFO:root:Changing device mode from VehicleMode:AUTO to AUTO...
INFO:root:Device mode = VehicleMode:AUTO.
INFO:root:Changing device mode from VehicleMode:AUTO to AUTO...
INFO:root:Device mode = VehicleMode:AUTO.
INFO:root:Changing device mode from VehicleMode:AUTO to AUTO...
INFO:root:Device mode = VehicleMode:AUTO.
INFO:root:Changing device mode from VehicleMode:AUTO to AUTO...
INFO:root:Device mode = VehicleMode:AUTO.
INFO:root:Changing device mode from VehicleMode:AUTO to AUTO...
INFO:root:Device mode = VehicleMode:AUTO.
INFO:root:Changing device mode from VehicleMode:AUTO to AUTO...
INFO:root:Device mode = VehicleMode:AUTO.
INFO:root:Changing device mode from VehicleMode:AUTO to AUTO...
INFO:root:Device mode = VehicleMode:AUTO.
INFO:root:Changing device mode from VehicleMode:AUTO to AUTO...
INFO:root:Device mode = VehicleMode:AUTO.
INFO:root:Changing device mode from VehicleMode:AUTO to AUTO...
INFO:root:Device mode = VehicleMode:AUTO.
INFO:root:Changing device mode from VehicleMode:AUTO to AUTO...
INFO:root:Device mode = VehicleMode:AUTO.
INFO:root:Changing device mode from VehicleMode:AUTO to AUTO...
INFO:root:Device mode = VehicleMode:AUTO.
INFO:root:Changing device mode from VehicleMode:AUTO to AUTO...
INFO:root:Device mode = VehicleMode:AUTO.
INFO:root:Changing device mode from VehicleMode:AUTO to AUTO...
INFO:root:Device mode = VehicleMode:AUTO.
INFO:root:Changing device mode from VehicleMode:AUTO to AUTO...
INFO:root:Device mode = VehicleMode:AUTO.
INFO:root:Changing device mode from VehicleMode:AUTO to AUTO...
INFO:root:Device mode = VehicleMode:AUTO.
INFO:root:Changing device mode from VehicleMode:AUTO to AUTO...
INFO:root:Device mode = VehicleMode:AUTO.
INFO:root:Changing device mode from VehicleMode:AUTO to AUTO...
INFO:root:Device mode = VehicleMode:AUTO.
INFO:root:Changing device mode from VehicleMode:AUTO to AUTO...
INFO:root:Device mode = VehicleMode:AUTO.
INFO:root:Changing device mode from VehicleMode:AUTO to AUTO...
INFO:root:Device mode = VehicleMode:AUTO.
INFO:root:Changing device mode from VehicleMode:AUTO to AUTO...
INFO:root:Device mode = VehicleMode:AUTO.
INFO:root:Changing device mode from VehicleMode:AUTO to AUTO...
INFO:root:Device mode = VehicleMode:AUTO.
INFO:root:Changing device mode from VehicleMode:AUTO to AUTO...
INFO:root:Device mode = VehicleMode:AUTO.
INFO:root:Changing device mode from VehicleMode:AUTO to AUTO...
INFO:root:Device mode = VehicleMode:AUTO.
INFO:root:Changing device mode from VehicleMode:AUTO to AUTO...
INFO:root:Device mode = VehicleMode:AUTO.
INFO:root:Changing device mode from VehicleMode:AUTO to AUTO...
INFO:root:Device mode = VehicleMode:AUTO.
INFO:root:Changing device mode from VehicleMode:AUTO to AUTO...
INFO:root:Device mode = VehicleMode:AUTO.
INFO:root:Changing device mode from VehicleMode:AUTO to AUTO...
INFO:root:Device mode = VehicleMode:AUTO.
INFO:root:Changing device mode from VehicleMode:AUTO to AUTO...
INFO:root:Device mode = VehicleMode:AUTO.
INFO:root:Changing device mode from VehicleMode:AUTO to AUTO...
INFO:root:Device mode = VehicleMode:AUTO.
INFO:root:Changing device mode from VehicleMode:AUTO to AUTO...
INFO:root:Device mode = VehicleMode:AUTO.
INFO:root:Changing device mode from VehicleMode:AUTO to AUTO...
INFO:root:Device mode = VehicleMode:AUTO.
INFO:root:Changing device mode from VehicleMode:AUTO to AUTO...
INFO:root:Device mode = VehicleMode:AUTO.
INFO:root:Changing device mode from VehicleMode:AUTO to AUTO...
INFO:root:Device mode = VehicleMode:AUTO.
INFO:root:Changing device mode from VehicleMode:AUTO to AUTO...
INFO:root:Device mode = VehicleMode:AUTO.
INFO:root:Changing device mode from VehicleMode:AUTO to AUTO...
INFO:root:Device mode = VehicleMode:AUTO.
INFO:root:Changing device mode from VehicleMode:AUTO to AUTO...
INFO:root:Device mode = VehicleMode:AUTO.
INFO:root:Changing device mode from VehicleMode:AUTO to AUTO...
INFO:root:Device mode = VehicleMode:AUTO.
INFO:root:Changing device mode from VehicleMode:AUTO to AUTO...
INFO:root:Device mode = VehicleMode:AUTO.
INFO:root:Changing device mode from VehicleMode:AUTO to AUTO...
INFO:root:Device mode = VehicleMode:AUTO.
INFO:root:Changing device mode from VehicleMode:AUTO to AUTO...
INFO:root:Device mode = VehicleMode:AUTO.
INFO:root:Changing device mode from VehicleMode:AUTO to AUTO...
INFO:root:Device mode = VehicleMode:AUTO.
INFO:root:Changing device mode from VehicleMode:AUTO to AUTO...
INFO:root:Device mode = VehicleMode:AUTO.
INFO:root:Changing device mode from VehicleMode:AUTO to AUTO...
INFO:root:Device mode = VehicleMode:AUTO.
INFO:root:Changing device mode from VehicleMode:AUTO to AUTO...
INFO:root:Device mode = VehicleMode:AUTO.
INFO:root:Changing device mode from VehicleMode:AUTO to AUTO...
INFO:root:Device mode = VehicleMode:AUTO.
INFO:root:Changing device mode from VehicleMode:AUTO to AUTO...
INFO:root:Device mode = VehicleMode:AUTO.
INFO:root:Changing device mode from VehicleMode:AUTO to AUTO...
INFO:root:Device mode = VehicleMode:AUTO.
INFO:root:Changing device mode from VehicleMode:AUTO to AUTO...
INFO:root:Device mode = VehicleMode:AUTO.
INFO:root:Changing device mode from VehicleMode:AUTO to AUTO...
INFO:root:Device mode = VehicleMode:AUTO.
INFO:root:Changing device mode from VehicleMode:AUTO to AUTO...
INFO:root:Device mode = VehicleMode:AUTO.
INFO:root:Changing device mode from VehicleMode:AUTO to AUTO...
INFO:root:Device mode = VehicleMode:AUTO.
INFO:root:Changing device mode from VehicleMode:AUTO to AUTO...
INFO:root:Device mode = VehicleMode:AUTO.
INFO:root:Changing device mode from VehicleMode:AUTO to AUTO...
INFO:root:Device mode = VehicleMode:AUTO.
INFO:root:Changing device mode from VehicleMode:AUTO to AUTO...
INFO:root:Device mode = VehicleMode:AUTO.
INFO:root:Changing device mode from VehicleMode:AUTO to AUTO...
INFO:root:Device mode = VehicleMode:AUTO.
INFO:root:Changing device mode from VehicleMode:AUTO to AUTO...
INFO:root:Device mode = VehicleMode:AUTO.
INFO:root:Changing device mode from VehicleMode:AUTO to AUTO...
INFO:root:Device mode = VehicleMode:AUTO.
INFO:root:Changing device mode from VehicleMode:AUTO to AUTO...
INFO:root:Device mode = VehicleMode:AUTO.
INFO:root:Changing device mode from VehicleMode:AUTO to AUTO...
INFO:root:Device mode = VehicleMode:AUTO.
INFO:root:Changing device mode from VehicleMode:AUTO to AUTO...
INFO:root:Device mode = VehicleMode:AUTO.
INFO:root:Changing device mode from VehicleMode:AUTO to AUTO...
INFO:root:Device mode = VehicleMode:AUTO.
INFO:root:Changing device mode from VehicleMode:AUTO to AUTO...
INFO:root:Device mode = VehicleMode:AUTO.
INFO:root:Changing device mode from VehicleMode:AUTO to AUTO...
INFO:root:Device mode = VehicleMode:AUTO.
INFO:root:Changing device mode from VehicleMode:AUTO to AUTO...
INFO:root:Device mode = VehicleMode:AUTO.
INFO:root:Changing device mode from VehicleMode:AUTO to GUIDED...
INFO:root:Device mode = VehicleMode:GUIDED.
INFO:root:Changing device mode from VehicleMode:GUIDED to GUIDED...
INFO:root:Device mode = VehicleMode:GUIDED.
INFO:root:Changing device mode from VehicleMode:GUIDED to GUIDED...
INFO:root:Device mode = VehicleMode:GUIDED.
INFO:root:Changing device mode from VehicleMode:GUIDED to GUIDED...
INFO:root:Device mode = VehicleMode:GUIDED.
INFO:root:Changing device mode from VehicleMode:GUIDED to GUIDED...
INFO:root:Device mode = VehicleMode:GUIDED.
INFO:root:Changing device mode from VehicleMode:GUIDED to GUIDED...
INFO:root:Device mode = VehicleMode:GUIDED.
INFO:root:Changing device mode from VehicleMode:GUIDED to GUIDED...
INFO:root:Device mode = VehicleMode:GUIDED.
INFO:root:Changing device mode from VehicleMode:GUIDED to GUIDED...
INFO:root:Device mode = VehicleMode:GUIDED.
INFO:root:Changing device mode from VehicleMode:GUIDED to GUIDED...
INFO:root:Device mode = VehicleMode:GUIDED.
INFO:root:Changing device mode from VehicleMode:GUIDED to GUIDED...
INFO:root:Device mode = VehicleMode:GUIDED.
INFO:root:Changing device mode from VehicleMode:GUIDED to GUIDED...
INFO:root:Device mode = VehicleMode:GUIDED.
INFO:root:Changing device mode from VehicleMode:GUIDED to GUIDED...
INFO:root:Device mode = VehicleMode:GUIDED.
INFO:root:Changing device mode from VehicleMode:GUIDED to GUIDED...
INFO:root:Device mode = VehicleMode:GUIDED.
INFO:root:Changing device mode from VehicleMode:GUIDED to GUIDED...
INFO:root:Device mode = VehicleMode:GUIDED.
INFO:root:Changing device mode from VehicleMode:GUIDED to GUIDED...
INFO:root:Device mode = VehicleMode:GUIDED.
INFO:root:Changing device mode from VehicleMode:GUIDED to GUIDED...
INFO:root:Device mode = VehicleMode:GUIDED.
INFO:root:Changing device mode from VehicleMode:GUIDED to GUIDED...
INFO:root:Device mode = VehicleMode:GUIDED.
INFO:root:Changing device mode from VehicleMode:GUIDED to GUIDED...
INFO:root:Device mode = VehicleMode:GUIDED.
INFO:root:Changing device mode from VehicleMode:GUIDED to GUIDED...
INFO:root:Device mode = VehicleMode:GUIDED.
INFO:root:Changing device mode from VehicleMode:GUIDED to GUIDED...
INFO:root:Device mode = VehicleMode:GUIDED.
INFO:root:Changing device mode from VehicleMode:GUIDED to GUIDED...
INFO:root:Device mode = VehicleMode:GUIDED.
INFO:root:Changing device mode from VehicleMode:GUIDED to GUIDED...
INFO:root:Device mode = VehicleMode:GUIDED.
INFO:root:Changing device mode from VehicleMode:GUIDED to GUIDED...
INFO:root:Device mode = VehicleMode:GUIDED.
INFO:root:Changing device mode from VehicleMode:GUIDED to GUIDED...
INFO:root:Device mode = VehicleMode:GUIDED.
INFO:root:Changing device mode from VehicleMode:GUIDED to GUIDED...
INFO:root:Device mode = VehicleMode:GUIDED.
INFO:root:Changing device mode from VehicleMode:GUIDED to GUIDED...
INFO:root:Device mode = VehicleMode:GUIDED.
INFO:root:Changing device mode from VehicleMode:GUIDED to GUIDED...
INFO:root:Device mode = VehicleMode:GUIDED.
INFO:root:Changing device mode from VehicleMode:GUIDED to GUIDED...
INFO:root:Device mode = VehicleMode:GUIDED.
INFO:root:Changing device mode from VehicleMode:GUIDED to GUIDED...
INFO:root:Device mode = VehicleMode:GUIDED.
INFO:root:Changing device mode from VehicleMode:GUIDED to GUIDED...
INFO:root:Device mode = VehicleMode:GUIDED.
INFO:root:Changing device mode from VehicleMode:GUIDED to GUIDED...
INFO:root:Device mode = VehicleMode:GUIDED.
INFO:root:Changing device mode from VehicleMode:GUIDED to GUIDED...
INFO:root:Device mode = VehicleMode:GUIDED.
INFO:root:Changing device mode from VehicleMode:GUIDED to GUIDED...
INFO:root:Device mode = VehicleMode:GUIDED.
INFO:root:Changing device mode from VehicleMode:GUIDED to GUIDED...
INFO:root:Device mode = VehicleMode:GUIDED.
INFO:root:Changing device mode from VehicleMode:GUIDED to GUIDED...
INFO:root:Device mode = VehicleMode:GUIDED.
INFO:root:Changing device mode from VehicleMode:GUIDED to AUTO...
INFO:autopilot:Mission: 3 WP
INFO:root:Device mode = VehicleMode:AUTO.
INFO:root:Changing device mode from VehicleMode:AUTO to AUTO...
INFO:root:Device mode = VehicleMode:AUTO.
INFO:root:Changing device mode from VehicleMode:AUTO to GUIDED...
INFO:root:Device mode = VehicleMode:GUIDED.
INFO:root:Changing device mode from VehicleMode:GUIDED to AUTO...
INFO:autopilot:Mission: 3 WP
INFO:root:Device mode = VehicleMode:AUTO.
INFO:root:Changing device mode from VehicleMode:AUTO to GUIDED...
INFO:root:Device mode = VehicleMode:GUIDED.
INFO:root:Changing device mode from VehicleMode:GUIDED to AUTO...
INFO:autopilot:Mission: 3 WP
INFO:autopilot:Reached command #3
INFO:autopilot:Mission: 4 RTL
INFO:root:Device mode = VehicleMode:AUTO.
INFO:root:Changing device mode from VehicleMode:AUTO to AUTO...
INFO:root:Device mode = VehicleMode:AUTO.
INFO:root:Changing device mode from VehicleMode:AUTO to AUTO...
INFO:root:Device mode = VehicleMode:AUTO.
INFO:root:Changing device mode from VehicleMode:AUTO to AUTO...
INFO:root:Device mode = VehicleMode:AUTO.
INFO:root:Changing device mode from VehicleMode:AUTO to AUTO...
INFO:root:Device mode = VehicleMode:AUTO.
INFO:root:Changing device mode from VehicleMode:AUTO to AUTO...
INFO:root:Device mode = VehicleMode:AUTO.
INFO:root:Changing device mode from VehicleMode:AUTO to AUTO...
INFO:root:Device mode = VehicleMode:AUTO.
INFO:root:Changing device mode from VehicleMode:AUTO to AUTO...
INFO:root:Device mode = VehicleMode:AUTO.
INFO:root:Changing device mode from VehicleMode:AUTO to AUTO...
INFO:root:Device mode = VehicleMode:AUTO.
INFO:root:Changing device mode from VehicleMode:AUTO to AUTO...
INFO:root:Device mode = VehicleMode:AUTO.
INFO:root:Changing device mode from VehicleMode:AUTO to AUTO...
INFO:root:Device mode = VehicleMode:AUTO.
INFO:root:Changing device mode from VehicleMode:AUTO to AUTO...
INFO:root:Device mode = VehicleMode:AUTO.
INFO:root:Changing device mode from VehicleMode:AUTO to AUTO...
INFO:root:Device mode = VehicleMode:AUTO.
INFO:root:Changing device mode from VehicleMode:AUTO to AUTO...
INFO:root:Device mode = VehicleMode:AUTO.
INFO:root:Changing device mode from VehicleMode:AUTO to AUTO...
INFO:root:Device mode = VehicleMode:AUTO.
INFO:root:Changing device mode from VehicleMode:AUTO to AUTO...
INFO:root:Device mode = VehicleMode:AUTO.
INFO:root:Changing device mode from VehicleMode:AUTO to AUTO...
INFO:root:Device mode = VehicleMode:AUTO.
INFO:root:Changing device mode from VehicleMode:AUTO to AUTO...
INFO:root:Device mode = VehicleMode:AUTO.
INFO:root:Changing device mode from VehicleMode:AUTO to AUTO...
INFO:root:Device mode = VehicleMode:AUTO.
INFO:root:Changing device mode from VehicleMode:AUTO to AUTO...
INFO:root:Device mode = VehicleMode:AUTO.
INFO:root:Changing device mode from VehicleMode:AUTO to GUIDED...
INFO:root:Device mode = VehicleMode:GUIDED.
INFO:root:Changing device mode from VehicleMode:GUIDED to AUTO...
INFO:autopilot:Mission: 4 RTL
INFO:root:Device mode = VehicleMode:AUTO.
INFO:root:Changing device mode from VehicleMode:AUTO to AUTO...
INFO:root:Device mode = VehicleMode:AUTO.
INFO:root:Changing device mode from VehicleMode:AUTO to GUIDED...
INFO:root:Device mode = VehicleMode:GUIDED.
INFO:root:Changing device mode from VehicleMode:GUIDED to AUTO...
INFO:autopilot:Mission: 4 RTL
INFO:root:Device mode = VehicleMode:AUTO.
INFO:root:Changing device mode from VehicleMode:AUTO to AUTO...
INFO:root:Device mode = VehicleMode:AUTO.
INFO:root:Changing device mode from VehicleMode:AUTO to AUTO...
INFO:root:Device mode = VehicleMode:AUTO.
INFO:root:Changing device mode from VehicleMode:AUTO to AUTO...
INFO:root:Device mode = VehicleMode:AUTO.
INFO:root:Changing device mode from VehicleMode:AUTO to AUTO...
INFO:root:Device mode = VehicleMode:AUTO.
INFO:root:Changing device mode from VehicleMode:AUTO to AUTO...
INFO:root:Device mode = VehicleMode:AUTO.
INFO:root:Changing device mode from VehicleMode:AUTO to AUTO...
INFO:root:Device mode = VehicleMode:AUTO.
INFO:root:Changing device mode from VehicleMode:AUTO to AUTO...
INFO:root:Device mode = VehicleMode:AUTO.
INFO:root:Changing device mode from VehicleMode:AUTO to GUIDED...
INFO:root:Device mode = VehicleMode:GUIDED.
INFO:root:Changing device mode from VehicleMode:GUIDED to AUTO...
INFO:autopilot:Mission: 4 RTL
INFO:root:Device mode = VehicleMode:AUTO.
INFO:root:Changing device mode from VehicleMode:AUTO to AUTO...
INFO:root:Device mode = VehicleMode:AUTO.
INFO:root:Changing device mode from VehicleMode:AUTO to AUTO...
INFO:root:Device mode = VehicleMode:AUTO.
INFO:root:Changing device mode from VehicleMode:AUTO to AUTO...
INFO:root:Device mode = VehicleMode:AUTO.
INFO:root:Changing device mode from VehicleMode:AUTO to AUTO...
INFO:root:Device mode = VehicleMode:AUTO.
INFO:root:Changing device mode from VehicleMode:AUTO to AUTO...
INFO:root:Device mode = VehicleMode:AUTO.
INFO:root:Changing device mode from VehicleMode:AUTO to AUTO...
INFO:root:Device mode = VehicleMode:AUTO.
INFO:root:Changing device mode from VehicleMode:AUTO to AUTO...
INFO:root:Device mode = VehicleMode:AUTO.
INFO:root:Changing device mode from VehicleMode:AUTO to AUTO...
INFO:root:Device mode = VehicleMode:AUTO.
INFO:root:Changing device mode from VehicleMode:AUTO to AUTO...
INFO:root:Device mode = VehicleMode:AUTO.
INFO:root:Changing device mode from VehicleMode:AUTO to AUTO...
INFO:root:Device mode = VehicleMode:AUTO.
INFO:root:Changing device mode from VehicleMode:AUTO to AUTO...
INFO:root:Device mode = VehicleMode:AUTO.
INFO:root:Changing device mode from VehicleMode:AUTO to AUTO...
INFO:root:Device mode = VehicleMode:AUTO.
INFO:root:Changing device mode from VehicleMode:AUTO to GUIDED...
INFO:root:Device mode = VehicleMode:GUIDED.
INFO:root:Changing device mode from VehicleMode:GUIDED to AUTO...
INFO:autopilot:Mission: 4 RTL
INFO:root:Device mode = VehicleMode:AUTO.
INFO:root:Changing device mode from VehicleMode:AUTO to GUIDED...
INFO:root:Device mode = VehicleMode:GUIDED.
INFO:root:Changing device mode from VehicleMode:GUIDED to GUIDED...
INFO:root:Device mode = VehicleMode:GUIDED.
INFO:root:Changing device mode from VehicleMode:GUIDED to GUIDED...
INFO:root:Device mode = VehicleMode:GUIDED.
INFO:root:Changing device mode from VehicleMode:GUIDED to GUIDED...
INFO:root:Device mode = VehicleMode:GUIDED.
INFO:root:Changing device mode from VehicleMode:GUIDED to GUIDED...
INFO:root:Device mode = VehicleMode:GUIDED.
INFO:root:Changing device mode from VehicleMode:GUIDED to GUIDED...
INFO:root:Device mode = VehicleMode:GUIDED.
INFO:root:Changing device mode from VehicleMode:GUIDED to GUIDED...
INFO:root:Device mode = VehicleMode:GUIDED.
INFO:root:Changing device mode from VehicleMode:GUIDED to GUIDED...
INFO:root:Device mode = VehicleMode:GUIDED.
INFO:root:Changing device mode from VehicleMode:GUIDED to GUIDED...
INFO:root:Device mode = VehicleMode:GUIDED.
INFO:root:Changing device mode from VehicleMode:GUIDED to GUIDED...
INFO:root:Device mode = VehicleMode:GUIDED.
INFO:root:Changing device mode from VehicleMode:GUIDED to GUIDED...
INFO:root:Device mode = VehicleMode:GUIDED.
INFO:root:Changing device mode from VehicleMode:GUIDED to GUIDED...
INFO:root:Device mode = VehicleMode:GUIDED.
INFO:root:Changing device mode from VehicleMode:GUIDED to GUIDED...
INFO:root:Device mode = VehicleMode:GUIDED.
INFO:root:Changing device mode from VehicleMode:GUIDED to GUIDED...
INFO:root:Device mode = VehicleMode:GUIDED.
INFO:root:Changing device mode from VehicleMode:GUIDED to GUIDED...
INFO:root:Device mode = VehicleMode:GUIDED.
INFO:root:Changing device mode from VehicleMode:GUIDED to GUIDED...
INFO:root:Device mode = VehicleMode:GUIDED.
INFO:root:Changing device mode from VehicleMode:GUIDED to GUIDED...
INFO:root:Device mode = VehicleMode:GUIDED.
INFO:root:Changing device mode from VehicleMode:GUIDED to GUIDED...
INFO:root:Device mode = VehicleMode:GUIDED.
INFO:root:Changing device mode from VehicleMode:GUIDED to GUIDED...
INFO:root:Device mode = VehicleMode:GUIDED.
INFO:root:Changing device mode from VehicleMode:GUIDED to GUIDED...
INFO:root:Device mode = VehicleMode:GUIDED.
INFO:root:Changing device mode from VehicleMode:GUIDED to GUIDED...
INFO:root:Device mode = VehicleMode:GUIDED.
INFO:root:Changing device mode from VehicleMode:GUIDED to GUIDED...
INFO:root:Device mode = VehicleMode:GUIDED.
INFO:root:Changing device mode from VehicleMode:GUIDED to GUIDED...
INFO:root:Device mode = VehicleMode:GUIDED.
INFO:root:Changing device mode from VehicleMode:GUIDED to GUIDED...
INFO:root:Device mode = VehicleMode:GUIDED.
INFO:root:Changing device mode from VehicleMode:GUIDED to GUIDED...
INFO:root:Device mode = VehicleMode:GUIDED.
INFO:root:Changing device mode from VehicleMode:GUIDED to GUIDED...
INFO:root:Device mode = VehicleMode:GUIDED.
INFO:root:Changing device mode from VehicleMode:GUIDED to GUIDED...
INFO:root:Device mode = VehicleMode:GUIDED.
INFO:root:Changing device mode from VehicleMode:GUIDED to GUIDED...
INFO:root:Device mode = VehicleMode:GUIDED.
INFO:root:Changing device mode from VehicleMode:GUIDED to GUIDED...
INFO:root:Device mode = VehicleMode:GUIDED.
INFO:root:Changing device mode from VehicleMode:GUIDED to GUIDED...
INFO:root:Device mode = VehicleMode:GUIDED.
INFO:root:Changing device mode from VehicleMode:GUIDED to GUIDED...
INFO:root:Device mode = VehicleMode:GUIDED.
INFO:root:Changing device mode from VehicleMode:GUIDED to GUIDED...
INFO:root:Device mode = VehicleMode:GUIDED.
INFO:root:Changing device mode from VehicleMode:GUIDED to GUIDED...
INFO:root:Device mode = VehicleMode:GUIDED.
INFO:root:Changing device mode from VehicleMode:GUIDED to GUIDED...
INFO:root:Device mode = VehicleMode:GUIDED.
INFO:root:Changing device mode from VehicleMode:GUIDED to GUIDED...
INFO:root:Device mode = VehicleMode:GUIDED.
INFO:root:Changing device mode from VehicleMode:GUIDED to GUIDED...
INFO:root:Device mode = VehicleMode:GUIDED.
INFO:root:Changing device mode from VehicleMode:GUIDED to GUIDED...
INFO:root:Device mode = VehicleMode:GUIDED.
INFO:root:Changing device mode from VehicleMode:GUIDED to GUIDED...
INFO:root:Device mode = VehicleMode:GUIDED.
INFO:root:Changing device mode from VehicleMode:GUIDED to GUIDED...
INFO:root:Device mode = VehicleMode:GUIDED.
INFO:root:Changing device mode from VehicleMode:GUIDED to GUIDED...
INFO:root:Device mode = VehicleMode:GUIDED.
INFO:root:Changing device mode from VehicleMode:GUIDED to GUIDED...
INFO:root:Device mode = VehicleMode:GUIDED.
INFO:root:Changing device mode from VehicleMode:GUIDED to GUIDED...
INFO:root:Device mode = VehicleMode:GUIDED.
INFO:root:Changing device mode from VehicleMode:GUIDED to GUIDED...
INFO:root:Device mode = VehicleMode:GUIDED.
INFO:root:Changing device mode from VehicleMode:GUIDED to GUIDED...
INFO:root:Device mode = VehicleMode:GUIDED.
INFO:root:Changing device mode from VehicleMode:GUIDED to GUIDED...
INFO:root:Device mode = VehicleMode:GUIDED.
INFO:root:Changing device mode from VehicleMode:GUIDED to GUIDED...
INFO:root:Device mode = VehicleMode:GUIDED.
INFO:root:Changing device mode from VehicleMode:GUIDED to GUIDED...
INFO:root:Device mode = VehicleMode:GUIDED.
INFO:root:Changing device mode from VehicleMode:GUIDED to GUIDED...
INFO:root:Device mode = VehicleMode:GUIDED.
INFO:root:Changing device mode from VehicleMode:GUIDED to GUIDED...
INFO:root:Device mode = VehicleMode:GUIDED.
INFO:root:Changing device mode from VehicleMode:GUIDED to GUIDED...
INFO:root:Device mode = VehicleMode:GUIDED.
INFO:root:Changing device mode from VehicleMode:GUIDED to GUIDED...
INFO:root:Device mode = VehicleMode:GUIDED.
INFO:root:Changing device mode from VehicleMode:GUIDED to GUIDED...
INFO:root:Device mode = VehicleMode:GUIDED.
INFO:root:Changing device mode from VehicleMode:GUIDED to GUIDED...
INFO:root:Device mode = VehicleMode:GUIDED.
INFO:root:Changing device mode from VehicleMode:GUIDED to GUIDED...
INFO:root:Device mode = VehicleMode:GUIDED.
INFO:root:Changing device mode from VehicleMode:GUIDED to GUIDED...
INFO:root:Device mode = VehicleMode:GUIDED.
INFO:root:Changing device mode from VehicleMode:GUIDED to GUIDED...
INFO:root:Device mode = VehicleMode:GUIDED.
INFO:root:Changing device mode from VehicleMode:GUIDED to GUIDED...
INFO:root:Device mode = VehicleMode:GUIDED.
INFO:root:Changing device mode from VehicleMode:GUIDED to GUIDED...
INFO:root:Device mode = VehicleMode:GUIDED.
INFO:root:Changing device mode from VehicleMode:GUIDED to GUIDED...
INFO:root:Device mode = VehicleMode:GUIDED.
INFO:root:Changing device mode from VehicleMode:GUIDED to GUIDED...
INFO:root:Device mode = VehicleMode:GUIDED.
INFO:root:Changing device mode from VehicleMode:GUIDED to GUIDED...
INFO:root:Device mode = VehicleMode:GUIDED.
INFO:root:Changing device mode from VehicleMode:GUIDED to GUIDED...
INFO:root:Device mode = VehicleMode:GUIDED.
INFO:root:Changing device mode from VehicleMode:GUIDED to GUIDED...
INFO:root:Device mode = VehicleMode:GUIDED.
INFO:root:Changing device mode from VehicleMode:GUIDED to GUIDED...
INFO:root:Device mode = VehicleMode:GUIDED.
INFO:root:Changing device mode from VehicleMode:GUIDED to GUIDED...
INFO:root:Device mode = VehicleMode:GUIDED.
INFO:root:Changing device mode from VehicleMode:GUIDED to GUIDED...
INFO:root:Device mode = VehicleMode:GUIDED.
INFO:root:Changing device mode from VehicleMode:GUIDED to GUIDED...
INFO:root:Device mode = VehicleMode:GUIDED.
INFO:root:Changing device mode from VehicleMode:GUIDED to GUIDED...
INFO:root:Device mode = VehicleMode:GUIDED.
INFO:root:Changing device mode from VehicleMode:GUIDED to GUIDED...
INFO:root:Device mode = VehicleMode:GUIDED.
INFO:root:Changing device mode from VehicleMode:GUIDED to GUIDED...
INFO:root:Device mode = VehicleMode:GUIDED.
INFO:root:Changing device mode from VehicleMode:GUIDED to GUIDED...
INFO:root:Device mode = VehicleMode:GUIDED.
INFO:root:Changing device mode from VehicleMode:GUIDED to GUIDED...
INFO:root:Device mode = VehicleMode:GUIDED.
INFO:root:Changing device mode from VehicleMode:GUIDED to GUIDED...
INFO:root:Device mode = VehicleMode:GUIDED.
INFO:root:Changing device mode from VehicleMode:GUIDED to GUIDED...
INFO:root:Device mode = VehicleMode:GUIDED.
INFO:root:Changing device mode from VehicleMode:GUIDED to GUIDED...
INFO:root:Device mode = VehicleMode:GUIDED.
INFO:root:Changing device mode from VehicleMode:GUIDED to GUIDED...
INFO:root:Device mode = VehicleMode:GUIDED.
INFO:root:Changing device mode from VehicleMode:GUIDED to GUIDED...
INFO:root:Device mode = VehicleMode:GUIDED.
INFO:root:Changing device mode from VehicleMode:GUIDED to GUIDED...
INFO:root:Device mode = VehicleMode:GUIDED.
INFO:root:Changing device mode from VehicleMode:GUIDED to GUIDED...
INFO:root:Device mode = VehicleMode:GUIDED.
INFO:root:Changing device mode from VehicleMode:GUIDED to GUIDED...
INFO:root:Device mode = VehicleMode:GUIDED.
INFO:root:Changing device mode from VehicleMode:GUIDED to GUIDED...
INFO:root:Device mode = VehicleMode:GUIDED.
INFO:root:Changing device mode from VehicleMode:GUIDED to GUIDED...
INFO:root:Device mode = VehicleMode:GUIDED.
INFO:root:Changing device mode from VehicleMode:GUIDED to GUIDED...
INFO:root:Device mode = VehicleMode:GUIDED.
INFO:root:Changing device mode from VehicleMode:GUIDED to GUIDED...
INFO:root:Device mode = VehicleMode:GUIDED.
INFO:root:Changing device mode from VehicleMode:GUIDED to GUIDED...
INFO:root:Device mode = VehicleMode:GUIDED.
INFO:root:Changing device mode from VehicleMode:GUIDED to GUIDED...
INFO:root:Device mode = VehicleMode:GUIDED.
INFO:root:Changing device mode from VehicleMode:GUIDED to GUIDED...
INFO:root:Device mode = VehicleMode:GUIDED.
INFO:root:Changing device mode from VehicleMode:GUIDED to GUIDED...
INFO:root:Device mode = VehicleMode:GUIDED.
INFO:root:Changing device mode from VehicleMode:GUIDED to GUIDED...
INFO:root:Device mode = VehicleMode:GUIDED.
INFO:root:Changing device mode from VehicleMode:GUIDED to GUIDED...
INFO:root:Device mode = VehicleMode:GUIDED.
INFO:root:Changing device mode from VehicleMode:GUIDED to GUIDED...
INFO:root:Device mode = VehicleMode:GUIDED.
INFO:root:Changing device mode from VehicleMode:GUIDED to GUIDED...
INFO:root:Device mode = VehicleMode:GUIDED.
INFO:root:Changing device mode from VehicleMode:GUIDED to GUIDED...
INFO:root:Device mode = VehicleMode:GUIDED.
INFO:root:Changing device mode from VehicleMode:GUIDED to GUIDED...
INFO:root:Device mode = VehicleMode:GUIDED.
INFO:root:Changing device mode from VehicleMode:GUIDED to GUIDED...
INFO:root:Device mode = VehicleMode:GUIDED.
INFO:root:Changing device mode from VehicleMode:GUIDED to GUIDED...
INFO:root:Device mode = VehicleMode:GUIDED.
INFO:root:Changing device mode from VehicleMode:GUIDED to GUIDED...
INFO:root:Device mode = VehicleMode:GUIDED.
INFO:root:Changing device mode from VehicleMode:GUIDED to GUIDED...
INFO:root:Device mode = VehicleMode:GUIDED.
INFO:root:Changing device mode from VehicleMode:GUIDED to GUIDED...
INFO:root:Device mode = VehicleMode:GUIDED.
INFO:root:Changing device mode from VehicleMode:GUIDED to GUIDED...
INFO:root:Device mode = VehicleMode:GUIDED.
INFO:root:Changing device mode from VehicleMode:GUIDED to GUIDED...
INFO:root:Device mode = VehicleMode:GUIDED.
INFO:root:Changing device mode from VehicleMode:GUIDED to GUIDED...
INFO:root:Device mode = VehicleMode:GUIDED.
INFO:root:Changing device mode from VehicleMode:GUIDED to GUIDED...
INFO:root:Device mode = VehicleMode:GUIDED.
INFO:root:Changing device mode from VehicleMode:GUIDED to GUIDED...
INFO:root:Device mode = VehicleMode:GUIDED.
INFO:root:Changing device mode from VehicleMode:GUIDED to GUIDED...
INFO:root:Device mode = VehicleMode:GUIDED.
INFO:root:Changing device mode from VehicleMode:GUIDED to GUIDED...
INFO:root:Device mode = VehicleMode:GUIDED.
INFO:root:Changing device mode from VehicleMode:GUIDED to GUIDED...
INFO:root:Device mode = VehicleMode:GUIDED.
INFO:root:Changing device mode from VehicleMode:GUIDED to GUIDED...
INFO:root:Device mode = VehicleMode:GUIDED.
INFO:root:Changing device mode from VehicleMode:GUIDED to GUIDED...
INFO:root:Device mode = VehicleMode:GUIDED.
INFO:root:Changing device mode from VehicleMode:GUIDED to GUIDED...
INFO:root:Device mode = VehicleMode:GUIDED.
INFO:root:Changing device mode from VehicleMode:GUIDED to GUIDED...
INFO:root:Device mode = VehicleMode:GUIDED.
INFO:root:Changing device mode from VehicleMode:GUIDED to GUIDED...
INFO:root:Device mode = VehicleMode:GUIDED.
INFO:root:Changing device mode from VehicleMode:GUIDED to GUIDED...
INFO:root:Device mode = VehicleMode:GUIDED.
INFO:root:Changing device mode from VehicleMode:GUIDED to GUIDED...
INFO:root:Device mode = VehicleMode:GUIDED.
INFO:root:Changing device mode from VehicleMode:GUIDED to GUIDED...
INFO:root:Device mode = VehicleMode:GUIDED.
INFO:root:Changing device mode from VehicleMode:GUIDED to GUIDED...
INFO:root:Device mode = VehicleMode:GUIDED.
INFO:root:Changing device mode from VehicleMode:GUIDED to GUIDED...
INFO:root:Device mode = VehicleMode:GUIDED.
INFO:root:Changing device mode from VehicleMode:GUIDED to GUIDED...
INFO:root:Device mode = VehicleMode:GUIDED.
INFO:root:Changing device mode from VehicleMode:GUIDED to GUIDED...
INFO:root:Device mode = VehicleMode:GUIDED.
INFO:root:Changing device mode from VehicleMode:GUIDED to GUIDED...
INFO:root:Device mode = VehicleMode:GUIDED.
INFO:root:Changing device mode from VehicleMode:GUIDED to GUIDED...
INFO:root:Device mode = VehicleMode:GUIDED.
INFO:root:Changing device mode from VehicleMode:GUIDED to GUIDED...
INFO:root:Device mode = VehicleMode:GUIDED.
INFO:root:Changing device mode from VehicleMode:GUIDED to GUIDED...
INFO:root:Device mode = VehicleMode:GUIDED.
INFO:root:Changing device mode from VehicleMode:GUIDED to GUIDED...
INFO:root:Device mode = VehicleMode:GUIDED.
INFO:root:Changing device mode from VehicleMode:GUIDED to GUIDED...
INFO:root:Device mode = VehicleMode:GUIDED.
INFO:root:Changing device mode from VehicleMode:GUIDED to GUIDED...
INFO:root:Device mode = VehicleMode:GUIDED.
INFO:root:Changing device mode from VehicleMode:GUIDED to GUIDED...
INFO:root:Device mode = VehicleMode:GUIDED.
INFO:root:Changing device mode from VehicleMode:GUIDED to GUIDED...
INFO:root:Device mode = VehicleMode:GUIDED.
INFO:root:Changing device mode from VehicleMode:GUIDED to GUIDED...
INFO:root:Device mode = VehicleMode:GUIDED.
INFO:root:Changing device mode from VehicleMode:GUIDED to GUIDED...
INFO:root:Device mode = VehicleMode:GUIDED.
INFO:root:Changing device mode from VehicleMode:GUIDED to GUIDED...
INFO:root:Device mode = VehicleMode:GUIDED.
INFO:root:Changing device mode from VehicleMode:GUIDED to GUIDED...
INFO:root:Device mode = VehicleMode:GUIDED.
INFO:root:Changing device mode from VehicleMode:GUIDED to GUIDED...
INFO:root:Device mode = VehicleMode:GUIDED.
INFO:root:Changing device mode from VehicleMode:GUIDED to GUIDED...
INFO:root:Device mode = VehicleMode:GUIDED.
INFO:root:Changing device mode from VehicleMode:GUIDED to GUIDED...
INFO:root:Device mode = VehicleMode:GUIDED.
INFO:root:Changing device mode from VehicleMode:GUIDED to GUIDED...
INFO:root:Device mode = VehicleMode:GUIDED.
INFO:root:Changing device mode from VehicleMode:GUIDED to GUIDED...
INFO:root:Device mode = VehicleMode:GUIDED.
INFO:root:Changing device mode from VehicleMode:GUIDED to GUIDED...
INFO:root:Device mode = VehicleMode:GUIDED.
INFO:root:Changing device mode from VehicleMode:GUIDED to GUIDED...
INFO:root:Device mode = VehicleMode:GUIDED.
INFO:root:Changing device mode from VehicleMode:GUIDED to GUIDED...
INFO:root:Device mode = VehicleMode:GUIDED.
INFO:root:Changing device mode from VehicleMode:GUIDED to GUIDED...
INFO:root:Device mode = VehicleMode:GUIDED.
INFO:root:Changing device mode from VehicleMode:GUIDED to GUIDED...
INFO:root:Device mode = VehicleMode:GUIDED.
INFO:root:Changing device mode from VehicleMode:GUIDED to GUIDED...
INFO:root:Device mode = VehicleMode:GUIDED.
INFO:root:Changing device mode from VehicleMode:GUIDED to GUIDED...
INFO:root:Device mode = VehicleMode:GUIDED.
INFO:root:Changing device mode from VehicleMode:GUIDED to GUIDED...
INFO:root:Device mode = VehicleMode:GUIDED.
INFO:root:Changing device mode from VehicleMode:GUIDED to GUIDED...
INFO:root:Device mode = VehicleMode:GUIDED.
INFO:root:Changing device mode from VehicleMode:GUIDED to GUIDED...
INFO:root:Device mode = VehicleMode:GUIDED.
INFO:root:Changing device mode from VehicleMode:GUIDED to GUIDED...
INFO:root:Device mode = VehicleMode:GUIDED.
INFO:root:Changing device mode from VehicleMode:GUIDED to GUIDED...
INFO:root:Device mode = VehicleMode:GUIDED.
INFO:root:Changing device mode from VehicleMode:GUIDED to GUIDED...
INFO:root:Device mode = VehicleMode:GUIDED.
INFO:root:Changing device mode from VehicleMode:GUIDED to GUIDED...
INFO:root:Device mode = VehicleMode:GUIDED.
INFO:root:Changing device mode from VehicleMode:GUIDED to GUIDED...
INFO:root:Device mode = VehicleMode:GUIDED.
INFO:root:Changing device mode from VehicleMode:GUIDED to GUIDED...
INFO:root:Device mode = VehicleMode:GUIDED.
INFO:root:Changing device mode from VehicleMode:GUIDED to GUIDED...
INFO:root:Device mode = VehicleMode:GUIDED.
INFO:root:Changing device mode from VehicleMode:GUIDED to GUIDED...
INFO:root:Device mode = VehicleMode:GUIDED.
INFO:root:Changing device mode from VehicleMode:GUIDED to GUIDED...
INFO:root:Device mode = VehicleMode:GUIDED.
INFO:root:Changing device mode from VehicleMode:GUIDED to GUIDED...
INFO:root:Device mode = VehicleMode:GUIDED.
INFO:root:Changing device mode from VehicleMode:GUIDED to GUIDED...
INFO:root:Device mode = VehicleMode:GUIDED.
INFO:root:Changing device mode from VehicleMode:GUIDED to GUIDED...
INFO:root:Device mode = VehicleMode:GUIDED.
INFO:root:Changing device mode from VehicleMode:GUIDED to GUIDED...
INFO:root:Device mode = VehicleMode:GUIDED.
INFO:root:Changing device mode from VehicleMode:GUIDED to GUIDED...
INFO:root:Device mode = VehicleMode:GUIDED.
INFO:root:Changing device mode from VehicleMode:GUIDED to GUIDED...
INFO:root:Device mode = VehicleMode:GUIDED.
INFO:root:Changing device mode from VehicleMode:GUIDED to GUIDED...
INFO:root:Device mode = VehicleMode:GUIDED.
INFO:root:Changing device mode from VehicleMode:GUIDED to GUIDED...
INFO:root:Device mode = VehicleMode:GUIDED.
INFO:root:Changing device mode from VehicleMode:GUIDED to GUIDED...
INFO:root:Device mode = VehicleMode:GUIDED.
INFO:root:Changing device mode from VehicleMode:GUIDED to GUIDED...
INFO:root:Device mode = VehicleMode:GUIDED.
INFO:root:Changing device mode from VehicleMode:GUIDED to GUIDED...
INFO:root:Device mode = VehicleMode:GUIDED.
INFO:root:Changing device mode from VehicleMode:GUIDED to GUIDED...
INFO:root:Device mode = VehicleMode:GUIDED.
INFO:root:Changing device mode from VehicleMode:GUIDED to GUIDED...
INFO:root:Device mode = VehicleMode:GUIDED.
INFO:root:Changing device mode from VehicleMode:GUIDED to GUIDED...
INFO:root:Device mode = VehicleMode:GUIDED.
INFO:root:Changing device mode from VehicleMode:GUIDED to GUIDED...
INFO:root:Device mode = VehicleMode:GUIDED.
INFO:root:Changing device mode from VehicleMode:GUIDED to GUIDED...
INFO:root:Device mode = VehicleMode:GUIDED.
INFO:root:Changing device mode from VehicleMode:GUIDED to GUIDED...
INFO:root:Device mode = VehicleMode:GUIDED.
INFO:root:Changing device mode from VehicleMode:GUIDED to GUIDED...
INFO:root:Device mode = VehicleMode:GUIDED.
INFO:root:Changing device mode from VehicleMode:GUIDED to AUTO...
INFO:autopilot:Mission: 4 RTL
INFO:root:Device mode = VehicleMode:AUTO.
INFO:root:Changing device mode from VehicleMode:AUTO to AUTO...
INFO:root:Device mode = VehicleMode:AUTO.
INFO:root:Changing device mode from VehicleMode:AUTO to GUIDED...
INFO:root:Device mode = VehicleMode:GUIDED.
INFO:root:Changing device mode from VehicleMode:GUIDED to GUIDED...
INFO:root:Device mode = VehicleMode:GUIDED.
INFO:root:Changing device mode from VehicleMode:GUIDED to GUIDED...
INFO:root:Device mode = VehicleMode:GUIDED.
INFO:root:Changing device mode from VehicleMode:GUIDED to GUIDED...
INFO:root:Device mode = VehicleMode:GUIDED.
INFO:root:Changing device mode from VehicleMode:GUIDED to GUIDED...
INFO:root:Device mode = VehicleMode:GUIDED.
INFO:root:Changing device mode from VehicleMode:GUIDED to GUIDED...
INFO:root:Device mode = VehicleMode:GUIDED.
INFO:root:Changing device mode from VehicleMode:GUIDED to GUIDED...
INFO:root:Device mode = VehicleMode:GUIDED.
INFO:root:Changing device mode from VehicleMode:GUIDED to GUIDED...
INFO:root:Device mode = VehicleMode:GUIDED.
INFO:root:Changing device mode from VehicleMode:GUIDED to GUIDED...
INFO:root:Device mode = VehicleMode:GUIDED.
INFO:root:Changing device mode from VehicleMode:GUIDED to GUIDED...
INFO:root:Device mode = VehicleMode:GUIDED.
INFO:root:Changing device mode from VehicleMode:GUIDED to GUIDED...
INFO:root:Device mode = VehicleMode:GUIDED.
INFO:root:Changing device mode from VehicleMode:GUIDED to GUIDED...
INFO:root:Device mode = VehicleMode:GUIDED.
INFO:root:Changing device mode from VehicleMode:GUIDED to GUIDED...
INFO:root:Device mode = VehicleMode:GUIDED.
INFO:root:Changing device mode from VehicleMode:GUIDED to GUIDED...
INFO:root:Device mode = VehicleMode:GUIDED.
INFO:root:Changing device mode from VehicleMode:GUIDED to GUIDED...
INFO:root:Device mode = VehicleMode:GUIDED.
INFO:root:Changing device mode from VehicleMode:GUIDED to GUIDED...
INFO:root:Device mode = VehicleMode:GUIDED.
INFO:root:Changing device mode from VehicleMode:GUIDED to GUIDED...
INFO:root:Device mode = VehicleMode:GUIDED.
INFO:root:Changing device mode from VehicleMode:GUIDED to GUIDED...
INFO:root:Device mode = VehicleMode:GUIDED.
INFO:root:Changing device mode from VehicleMode:GUIDED to GUIDED...
INFO:root:Device mode = VehicleMode:GUIDED.
INFO:root:Changing device mode from VehicleMode:GUIDED to GUIDED...
INFO:root:Device mode = VehicleMode:GUIDED.
INFO:root:Changing device mode from VehicleMode:GUIDED to GUIDED...
INFO:root:Device mode = VehicleMode:GUIDED.
INFO:root:Changing device mode from VehicleMode:GUIDED to GUIDED...
INFO:root:Device mode = VehicleMode:GUIDED.
INFO:root:Changing device mode from VehicleMode:GUIDED to GUIDED...
INFO:root:Device mode = VehicleMode:GUIDED.
INFO:root:Changing device mode from VehicleMode:GUIDED to GUIDED...
INFO:root:Device mode = VehicleMode:GUIDED.
INFO:root:Changing device mode from VehicleMode:GUIDED to GUIDED...
INFO:root:Device mode = VehicleMode:GUIDED.
INFO:root:Changing device mode from VehicleMode:GUIDED to GUIDED...
INFO:root:Device mode = VehicleMode:GUIDED.
INFO:root:Changing device mode from VehicleMode:GUIDED to GUIDED...
INFO:root:Device mode = VehicleMode:GUIDED.
INFO:root:Changing device mode from VehicleMode:GUIDED to GUIDED...
INFO:root:Device mode = VehicleMode:GUIDED.
INFO:root:Changing device mode from VehicleMode:GUIDED to GUIDED...
INFO:root:Device mode = VehicleMode:GUIDED.
INFO:root:Changing device mode from VehicleMode:GUIDED to GUIDED...
INFO:root:Device mode = VehicleMode:GUIDED.
INFO:root:Changing device mode from VehicleMode:GUIDED to GUIDED...
INFO:root:Device mode = VehicleMode:GUIDED.
INFO:root:Changing device mode from VehicleMode:GUIDED to GUIDED...
INFO:root:Device mode = VehicleMode:GUIDED.
INFO:root:Changing device mode from VehicleMode:GUIDED to GUIDED...
INFO:root:Device mode = VehicleMode:GUIDED.
INFO:root:Changing device mode from VehicleMode:GUIDED to GUIDED...
INFO:root:Device mode = VehicleMode:GUIDED.
INFO:root:Changing device mode from VehicleMode:GUIDED to GUIDED...
INFO:root:Device mode = VehicleMode:GUIDED.
INFO:root:Changing device mode from VehicleMode:GUIDED to GUIDED...
INFO:root:Device mode = VehicleMode:GUIDED.
INFO:root:Changing device mode from VehicleMode:GUIDED to GUIDED...
INFO:root:Device mode = VehicleMode:GUIDED.
INFO:root:Changing device mode from VehicleMode:GUIDED to GUIDED...
INFO:root:Device mode = VehicleMode:GUIDED.
INFO:root:Changing device mode from VehicleMode:GUIDED to GUIDED...
INFO:root:Device mode = VehicleMode:GUIDED.
INFO:root:Changing device mode from VehicleMode:GUIDED to GUIDED...
INFO:root:Device mode = VehicleMode:GUIDED.
INFO:root:Changing device mode from VehicleMode:GUIDED to GUIDED...
INFO:root:Device mode = VehicleMode:GUIDED.
INFO:root:Changing device mode from VehicleMode:GUIDED to GUIDED...
INFO:root:Device mode = VehicleMode:GUIDED.
INFO:root:Changing device mode from VehicleMode:GUIDED to GUIDED...
INFO:root:Device mode = VehicleMode:GUIDED.
INFO:root:Changing device mode from VehicleMode:GUIDED to GUIDED...
INFO:root:Device mode = VehicleMode:GUIDED.
INFO:root:Changing device mode from VehicleMode:GUIDED to GUIDED...
INFO:root:Device mode = VehicleMode:GUIDED.
INFO:root:Changing device mode from VehicleMode:GUIDED to GUIDED...
INFO:root:Device mode = VehicleMode:GUIDED.
INFO:root:Changing device mode from VehicleMode:GUIDED to GUIDED...
INFO:root:Device mode = VehicleMode:GUIDED.
INFO:root:Changing device mode from VehicleMode:GUIDED to GUIDED...
INFO:root:Device mode = VehicleMode:GUIDED.
INFO:root:Changing device mode from VehicleMode:GUIDED to GUIDED...
INFO:root:Device mode = VehicleMode:GUIDED.
INFO:root:Changing device mode from VehicleMode:GUIDED to GUIDED...
INFO:root:Device mode = VehicleMode:GUIDED.
INFO:root:Changing device mode from VehicleMode:GUIDED to GUIDED...
INFO:root:Device mode = VehicleMode:GUIDED.
INFO:root:Changing device mode from VehicleMode:GUIDED to GUIDED...
INFO:root:Device mode = VehicleMode:GUIDED.
INFO:root:Changing device mode from VehicleMode:GUIDED to GUIDED...
INFO:root:Device mode = VehicleMode:GUIDED.
INFO:root:Changing device mode from VehicleMode:GUIDED to GUIDED...
INFO:root:Device mode = VehicleMode:GUIDED.
INFO:root:Changing device mode from VehicleMode:GUIDED to GUIDED...
INFO:root:Device mode = VehicleMode:GUIDED.
INFO:root:Changing device mode from VehicleMode:GUIDED to GUIDED...
INFO:root:Device mode = VehicleMode:GUIDED.
INFO:root:Changing device mode from VehicleMode:GUIDED to GUIDED...
INFO:root:Device mode = VehicleMode:GUIDED.
INFO:root:Changing device mode from VehicleMode:GUIDED to GUIDED...
INFO:root:Device mode = VehicleMode:GUIDED.
INFO:root:Changing device mode from VehicleMode:GUIDED to GUIDED...
INFO:root:Device mode = VehicleMode:GUIDED.
INFO:root:Changing device mode from VehicleMode:GUIDED to GUIDED...
INFO:root:Device mode = VehicleMode:GUIDED.
INFO:root:Changing device mode from VehicleMode:GUIDED to GUIDED...
INFO:root:Device mode = VehicleMode:GUIDED.
INFO:root:Changing device mode from VehicleMode:GUIDED to GUIDED...
INFO:root:Device mode = VehicleMode:GUIDED.
INFO:root:Changing device mode from VehicleMode:GUIDED to GUIDED...
INFO:root:Device mode = VehicleMode:GUIDED.
INFO:root:Changing device mode from VehicleMode:GUIDED to GUIDED...
INFO:root:Device mode = VehicleMode:GUIDED.
INFO:root:Changing device mode from VehicleMode:GUIDED to GUIDED...
INFO:root:Device mode = VehicleMode:GUIDED.
INFO:root:Changing device mode from VehicleMode:GUIDED to GUIDED...
INFO:root:Device mode = VehicleMode:GUIDED.
INFO:root:Changing device mode from VehicleMode:GUIDED to GUIDED...
INFO:root:Device mode = VehicleMode:GUIDED.
INFO:root:Changing device mode from VehicleMode:GUIDED to GUIDED...
INFO:root:Device mode = VehicleMode:GUIDED.
INFO:root:Changing device mode from VehicleMode:GUIDED to GUIDED...
INFO:root:Device mode = VehicleMode:GUIDED.
INFO:root:Changing device mode from VehicleMode:GUIDED to GUIDED...
INFO:root:Device mode = VehicleMode:GUIDED.
INFO:root:Changing device mode from VehicleMode:GUIDED to GUIDED...
INFO:root:Device mode = VehicleMode:GUIDED.
INFO:root:Changing device mode from VehicleMode:GUIDED to GUIDED...
INFO:root:Device mode = VehicleMode:GUIDED.
INFO:root:Changing device mode from VehicleMode:GUIDED to GUIDED...
INFO:root:Device mode = VehicleMode:GUIDED.
INFO:root:Changing device mode from VehicleMode:GUIDED to GUIDED...
INFO:root:Device mode = VehicleMode:GUIDED.
INFO:root:Changing device mode from VehicleMode:GUIDED to GUIDED...
INFO:root:Device mode = VehicleMode:GUIDED.
INFO:root:Changing device mode from VehicleMode:GUIDED to GUIDED...
INFO:root:Device mode = VehicleMode:GUIDED.
INFO:root:Changing device mode from VehicleMode:GUIDED to GUIDED...
INFO:root:Device mode = VehicleMode:GUIDED.
INFO:root:Changing device mode from VehicleMode:GUIDED to GUIDED...
INFO:root:Device mode = VehicleMode:GUIDED.
INFO:root:Changing device mode from VehicleMode:GUIDED to GUIDED...
INFO:root:Device mode = VehicleMode:GUIDED.
INFO:root:Changing device mode from VehicleMode:GUIDED to GUIDED...
INFO:root:Device mode = VehicleMode:GUIDED.
INFO:root:Changing device mode from VehicleMode:GUIDED to GUIDED...
INFO:root:Device mode = VehicleMode:GUIDED.
INFO:root:Changing device mode from VehicleMode:GUIDED to GUIDED...
INFO:root:Device mode = VehicleMode:GUIDED.
INFO:root:Changing device mode from VehicleMode:GUIDED to GUIDED...
INFO:root:Device mode = VehicleMode:GUIDED.
INFO:root:Changing device mode from VehicleMode:GUIDED to GUIDED...
INFO:root:Device mode = VehicleMode:GUIDED.
INFO:root:Changing device mode from VehicleMode:GUIDED to GUIDED...
INFO:root:Device mode = VehicleMode:GUIDED.
INFO:root:Changing device mode from VehicleMode:GUIDED to GUIDED...
INFO:root:Device mode = VehicleMode:GUIDED.
INFO:root:Changing device mode from VehicleMode:GUIDED to GUIDED...
INFO:root:Device mode = VehicleMode:GUIDED.
INFO:root:Changing device mode from VehicleMode:GUIDED to GUIDED...
INFO:root:Device mode = VehicleMode:GUIDED.
INFO:root:Changing device mode from VehicleMode:GUIDED to GUIDED...
INFO:root:Device mode = VehicleMode:GUIDED.
INFO:root:Changing device mode from VehicleMode:GUIDED to GUIDED...
INFO:root:Device mode = VehicleMode:GUIDED.
INFO:root:Changing device mode from VehicleMode:GUIDED to GUIDED...
INFO:root:Device mode = VehicleMode:GUIDED.
INFO:root:Changing device mode from VehicleMode:GUIDED to GUIDED...
INFO:root:Device mode = VehicleMode:GUIDED.
INFO:root:Changing device mode from VehicleMode:GUIDED to GUIDED...
INFO:root:Device mode = VehicleMode:GUIDED.
INFO:root:Changing device mode from VehicleMode:GUIDED to GUIDED...
INFO:root:Device mode = VehicleMode:GUIDED.
INFO:root:Changing device mode from VehicleMode:GUIDED to GUIDED...
INFO:root:Device mode = VehicleMode:GUIDED.
INFO:root:Changing device mode from VehicleMode:GUIDED to GUIDED...
INFO:root:Device mode = VehicleMode:GUIDED.
INFO:root:Changing device mode from VehicleMode:GUIDED to GUIDED...
INFO:root:Device mode = VehicleMode:GUIDED.
INFO:root:Changing device mode from VehicleMode:GUIDED to GUIDED...
INFO:root:Device mode = VehicleMode:GUIDED.
INFO:root:Changing device mode from VehicleMode:GUIDED to GUIDED...
INFO:root:Device mode = VehicleMode:GUIDED.
INFO:root:Changing device mode from VehicleMode:GUIDED to GUIDED...
INFO:root:Device mode = VehicleMode:GUIDED.
INFO:root:Changing device mode from VehicleMode:GUIDED to GUIDED...
INFO:root:Device mode = VehicleMode:GUIDED.
INFO:root:Changing device mode from VehicleMode:GUIDED to GUIDED...
INFO:root:Device mode = VehicleMode:GUIDED.
INFO:root:Changing device mode from VehicleMode:GUIDED to GUIDED...
INFO:root:Device mode = VehicleMode:GUIDED.
INFO:root:Changing device mode from VehicleMode:GUIDED to GUIDED...
INFO:root:Device mode = VehicleMode:GUIDED.
INFO:root:Changing device mode from VehicleMode:GUIDED to GUIDED...
INFO:root:Device mode = VehicleMode:GUIDED.
INFO:root:Changing device mode from VehicleMode:GUIDED to GUIDED...
INFO:root:Device mode = VehicleMode:GUIDED.
INFO:root:Changing device mode from VehicleMode:GUIDED to GUIDED...
INFO:root:Device mode = VehicleMode:GUIDED.
INFO:root:Changing device mode from VehicleMode:GUIDED to GUIDED...
INFO:root:Device mode = VehicleMode:GUIDED.
INFO:root:Changing device mode from VehicleMode:GUIDED to GUIDED...
INFO:root:Device mode = VehicleMode:GUIDED.
INFO:root:Changing device mode from VehicleMode:GUIDED to GUIDED...
INFO:root:Device mode = VehicleMode:GUIDED.
INFO:root:Changing device mode from VehicleMode:GUIDED to GUIDED...
INFO:root:Device mode = VehicleMode:GUIDED.
INFO:root:Changing device mode from VehicleMode:GUIDED to GUIDED...
INFO:root:Device mode = VehicleMode:GUIDED.
INFO:root:Changing device mode from VehicleMode:GUIDED to GUIDED...
INFO:root:Device mode = VehicleMode:GUIDED.
INFO:root:Changing device mode from VehicleMode:GUIDED to GUIDED...
INFO:root:Device mode = VehicleMode:GUIDED.
INFO:root:Changing device mode from VehicleMode:GUIDED to GUIDED...
INFO:root:Device mode = VehicleMode:GUIDED.
INFO:root:Changing device mode from VehicleMode:GUIDED to GUIDED...
INFO:root:Device mode = VehicleMode:GUIDED.
INFO:root:Changing device mode from VehicleMode:GUIDED to GUIDED...
INFO:root:Device mode = VehicleMode:GUIDED.
INFO:root:Changing device mode from VehicleMode:GUIDED to GUIDED...
INFO:root:Device mode = VehicleMode:GUIDED.
INFO:root:Changing device mode from VehicleMode:GUIDED to GUIDED...
INFO:root:Device mode = VehicleMode:GUIDED.
INFO:root:Changing device mode from VehicleMode:GUIDED to GUIDED...
INFO:root:Device mode = VehicleMode:GUIDED.
INFO:root:Changing device mode from VehicleMode:GUIDED to GUIDED...
INFO:root:Device mode = VehicleMode:GUIDED.
INFO:root:Changing device mode from VehicleMode:GUIDED to GUIDED...
INFO:root:Device mode = VehicleMode:GUIDED.
INFO:root:Changing device mode from VehicleMode:GUIDED to GUIDED...
INFO:root:Device mode = VehicleMode:GUIDED.
INFO:root:Changing device mode from VehicleMode:GUIDED to GUIDED...
INFO:root:Device mode = VehicleMode:GUIDED.
INFO:root:Changing device mode from VehicleMode:GUIDED to GUIDED...
INFO:root:Device mode = VehicleMode:GUIDED.
INFO:root:Changing device mode from VehicleMode:GUIDED to GUIDED...
INFO:root:Device mode = VehicleMode:GUIDED.
INFO:root:Changing device mode from VehicleMode:GUIDED to GUIDED...
INFO:root:Device mode = VehicleMode:GUIDED.
INFO:root:Changing device mode from VehicleMode:GUIDED to GUIDED...
INFO:root:Device mode = VehicleMode:GUIDED.
INFO:root:Changing device mode from VehicleMode:GUIDED to GUIDED...
INFO:root:Device mode = VehicleMode:GUIDED.
INFO:root:Changing device mode from VehicleMode:GUIDED to GUIDED...
INFO:root:Device mode = VehicleMode:GUIDED.
INFO:root:Changing device mode from VehicleMode:GUIDED to GUIDED...
INFO:root:Device mode = VehicleMode:GUIDED.
INFO:root:Changing device mode from VehicleMode:GUIDED to GUIDED...
INFO:root:Device mode = VehicleMode:GUIDED.
INFO:root:Changing device mode from VehicleMode:GUIDED to GUIDED...
INFO:root:Device mode = VehicleMode:GUIDED.
INFO:root:Changing device mode from VehicleMode:GUIDED to GUIDED...
INFO:root:Device mode = VehicleMode:GUIDED.
INFO:root:Changing device mode from VehicleMode:GUIDED to GUIDED...
INFO:root:Device mode = VehicleMode:GUIDED.
INFO:root:Changing device mode from VehicleMode:GUIDED to GUIDED...
INFO:root:Device mode = VehicleMode:GUIDED.
INFO:root:Changing device mode from VehicleMode:GUIDED to GUIDED...
INFO:root:Device mode = VehicleMode:GUIDED.
INFO:root:Changing device mode from VehicleMode:GUIDED to GUIDED...
INFO:root:Device mode = VehicleMode:GUIDED.
INFO:root:Changing device mode from VehicleMode:GUIDED to AUTO...
INFO:autopilot:Mission: 4 RTL
INFO:root:Device mode = VehicleMode:AUTO.
INFO:root:Changing device mode from VehicleMode:AUTO to AUTO...
INFO:root:Device mode = VehicleMode:AUTO.
INFO:root:Changing device mode from VehicleMode:AUTO to AUTO...
INFO:root:Device mode = VehicleMode:AUTO.
