INFO:__main__:PEX 03 start.
INFO:__main__:Connecting to device...
INFO:autopilot:ArduCopter V4.1.0-dev (428c9ef0)
INFO:autopilot:a3d9197b765643568af09eb2bd3e5ce7
INFO:autopilot:Frame: QUAD
INFO:__main__:Device connected.
INFO:root:Device version: APM:Copter-None.None.NoneUnknownReleaseType, log=
INFO:__main__:Looking for mission to execute...
INFO:__main__:Arming device...
INFO:__main__:Switching to GUIDED mode...
INFO:__main__:Waiting for arm...
INFO:autopilot:Arming motors
INFO:__main__:Device armed: True.
INFO:__main__:Device takeoff...
INFO:__main__:Current altitude: 0.009
INFO:__main__:Current altitude: 0.009
INFO:__main__:Current altitude: 0.009
INFO:__main__:Current altitude: 0.012
INFO:__main__:Current altitude: 0.402
INFO:__main__:Current altitude: 0.85
INFO:__main__:Current altitude: 1.98
INFO:autopilot:EKF2 IMU0 in-flight yaw alignment complete
INFO:autopilot:EKF2 IMU1 in-flight yaw alignment complete
INFO:__main__:Current altitude: 2.637
INFO:__main__:Current altitude: 4.044
INFO:__main__:Current altitude: 4.778
INFO:__main__:Current altitude: 6.285
INFO:__main__:Current altitude: 7.053
INFO:__main__:Current altitude: 8.621
INFO:__main__:Current altitude: 9.413
INFO:__main__:Current altitude: 11.009
INFO:__main__:Current altitude: 11.817
INFO:__main__:Current altitude: 13.152
INFO:__main__:Current altitude: 14.37
INFO:__main__:Current altitude: 15.596
INFO:__main__:Current altitude: 16.79
INFO:__main__:Current altitude: 17.871
INFO:__main__:Current altitude: 18.71
INFO:__main__:Changing device mode from VehicleMode:GUIDED to AUTO...
INFO:autopilot:Mission: 1 WP
INFO:__main__:Device mode = VehicleMode:AUTO.
INFO:__main__:backing up old images...
INFO:root:Searching for target...
INFO:autopilot:Reached command #1
INFO:autopilot:Mission: 2 WP
INFO:autopilot:Reached command #2
INFO:autopilot:Mission: 3 WP
INFO:root:Changing device mode from VehicleMode:AUTO to GUIDED...
INFO:root:Device mode = VehicleMode:GUIDED.
INFO:__main__:Goto point: 21.321286, -157.9239025, 1, 19.997...
INFO:__main__:Current altitude: 19.998
INFO:__main__:Current lat: 21.3212697
INFO:root:Current lon: (-157.9239177, <Logger __main__ (DEBUG)>)
INFO:__main__:Relative position to destination: 1.0000500075011252,0.9999992355057756, 1.000000096248888
INFO:__main__:Program exception: ['Traceback (most recent call last):\n', '  File "/home/usafa/PycharmProjects/USAFA/PEX3-COMP495/mission.py", line 770, in <module>\n    conduct_mission()\n', '  File "/home/usafa/PycharmProjects/USAFA/PEX3-COMP495/mission.py", line 666, in conduct_mission\n    determine_drone_actions((last_lat, last_lon), frm_display, target_sightings, bbox)\n', '  File "/home/usafa/PycharmProjects/USAFA/PEX3-COMP495/mission.py", line 706, in determine_drone_actions\n    distance = get_ground_distance(drone.location.global_relative_frame.alt, hypo)\n', '  File "/home/usafa/PycharmProjects/USAFA/PEX3-COMP495/mission.py", line 699, in get_ground_distance\n    return math.sqrt(hypotenuse ** 2 - height ** 2)\n', 'ValueError: math domain error\n']
