INFO:__main__:PEX 03 start.
INFO:__main__:Connecting to device...
INFO:autopilot:ArduCopter V4.1.0-dev (428c9ef0)
INFO:autopilot:a3d9197b765643568af09eb2bd3e5ce7
INFO:autopilot:Frame: QUAD
DEBUG:dronekit:Still waiting for data from vehicle: parameters
INFO:__main__:Device connected.
INFO:root:Device version: APM:Copter-None.None.NoneUnknownReleaseType, log=
INFO:__main__:Looking for mission to execute...
INFO:__main__:Arming device...
INFO:__main__:Switching to GUIDED mode...
INFO:__main__:Waiting for arm...
INFO:autopilot:Arming motors
INFO:__main__:Device armed: True.
INFO:__main__:Device takeoff...
INFO:__main__:Current altitude: 0.001
INFO:__main__:Current altitude: 0.001
INFO:__main__:Current altitude: 0.001
INFO:__main__:Current altitude: 0.025
INFO:__main__:Current altitude: 0.165
INFO:__main__:Current altitude: 1.065
INFO:__main__:Current altitude: 1.632
INFO:autopilot:EKF2 IMU0 in-flight yaw alignment complete
INFO:autopilot:EKF2 IMU1 in-flight yaw alignment complete
INFO:__main__:Current altitude: 2.928
INFO:__main__:Current altitude: 3.627
INFO:__main__:Current altitude: 5.089
INFO:__main__:Current altitude: 5.839
INFO:__main__:Current altitude: 7.376
INFO:__main__:Current altitude: 8.162
INFO:__main__:Current altitude: 9.742
INFO:__main__:Current altitude: 10.542
INFO:__main__:Current altitude: 12.158
INFO:__main__:Current altitude: 12.967
INFO:__main__:Current altitude: 14.589
INFO:__main__:Current altitude: 15.41
INFO:__main__:Current altitude: 16.994
INFO:__main__:Current altitude: 17.709
INFO:__main__:Current altitude: 18.819
INFO:__main__:Changing device mode from VehicleMode:GUIDED to AUTO...
INFO:autopilot:Mission: 1 WP
INFO:__main__:Device mode = VehicleMode:AUTO.
INFO:__main__:backing up old images...
INFO:root:Searching for target...
INFO:autopilot:Reached command #1
INFO:autopilot:Mission: 2 WP
INFO:autopilot:Reached command #2
INFO:autopilot:Mission: 3 WP
INFO:autopilot:Reached command #3
INFO:autopilot:Mission: 4 RTL
INFO:root:Changing device mode from VehicleMode:AUTO to GUIDED...
INFO:root:Device mode = VehicleMode:GUIDED.
