INFO:__main__:PEX 03 start.
INFO:__main__:Connecting to device...
INFO:autopilot:ArduCopter V4.1.0-dev (428c9ef0)
INFO:autopilot:a3d9197b765643568af09eb2bd3e5ce7
INFO:autopilot:Frame: QUAD
INFO:__main__:Device connected.
INFO:root:Device version: APM:Copter-None.None.NoneUnknownReleaseType, log=
INFO:__main__:Looking for mission to execute...
INFO:__main__:Arming device...
INFO:__main__:Switching to GUIDED mode...
INFO:__main__:Waiting for arm...
INFO:autopilot:Arming motors
INFO:__main__:Device armed: True.
INFO:__main__:Device takeoff...
INFO:__main__:Current altitude: 0.009
INFO:__main__:Current altitude: 0.009
INFO:__main__:Current altitude: 0.009
INFO:__main__:Current altitude: 0.011
INFO:__main__:Current altitude: 0.39
INFO:__main__:Current altitude: 0.84
INFO:__main__:Current altitude: 1.973
INFO:autopilot:EKF2 IMU0 in-flight yaw alignment complete
INFO:autopilot:EKF2 IMU1 in-flight yaw alignment complete
INFO:__main__:Current altitude: 2.629
INFO:__main__:Current altitude: 4.031
INFO:__main__:Current altitude: 4.764
INFO:__main__:Current altitude: 6.276
INFO:__main__:Current altitude: 7.046
INFO:__main__:Current altitude: 7.823
INFO:__main__:Current altitude: 9.739
INFO:__main__:Current altitude: 10.939
INFO:__main__:Current altitude: 12.15
INFO:__main__:Current altitude: 13.366
INFO:__main__:Current altitude: 14.25
INFO:__main__:Current altitude: 15.882
INFO:__main__:Current altitude: 16.678
INFO:__main__:Current altitude: 18.092
INFO:__main__:Changing device mode from VehicleMode:GUIDED to AUTO...
INFO:autopilot:Mission: 1 WP
INFO:__main__:Device mode = VehicleMode:AUTO.
INFO:__main__:backing up old images...
INFO:root:Searching for target...
INFO:autopilot:Reached command #1
INFO:autopilot:Mission: 2 WP
INFO:autopilot:Reached command #2
INFO:autopilot:Mission: 3 WP
INFO:root:Changing device mode from VehicleMode:AUTO to GUIDED...
INFO:root:Device mode = VehicleMode:GUIDED.
INFO:__main__:Goto point: 21.3212694, -157.9239163, 1, 19.995...
INFO:__main__:Current altitude: 19.997
INFO:__main__:Current lat: 21.3212505
INFO:root:Current lon: (-157.9239384, <Logger __main__ (DEBUG)>)
INFO:__main__:Relative position to destination: 1.0001000250062515,0.9999991135612217, 1.0000001399408052
INFO:root:Goto point: 21.32113518428281, -157.92427126887532, 0.2, 3...
INFO:root:Current altitude: 19.991
INFO:root:Current lat: 21.3212525
INFO:root:Current lon: (-157.9241072, None)
INFO:root:Relative position to destination: 6.663666666666667,1.0000055023204053, 0.9999989610914524
INFO:root:Current altitude: 19.79
INFO:root:Current lat: 21.3212502
INFO:root:Current lon: (-157.9241118, None)
INFO:root:Relative position to destination: 6.596666666666667,1.0000053944462244, 0.9999989902193371
INFO:root:Current altitude: 18.863
INFO:root:Current lat: 21.3212415
INFO:root:Current lon: (-157.9241186, None)
INFO:root:Relative position to destination: 6.2876666666666665,1.0000049864004084, 0.9999990332779498
INFO:root:Current altitude: 17.559
INFO:root:Current lat: 21.3212315
INFO:root:Current lon: (-157.9241314, None)
INFO:root:Relative position to destination: 5.853000000000001,1.0000045173822294, 0.9999991143294555
INFO:root:Current altitude: 16.149
INFO:root:Current lat: 21.3212223
INFO:root:Current lon: (-157.924147, None)
INFO:root:Relative position to destination: 5.383,1.0000040858855046, 0.9999992131109784
INFO:root:Current altitude: 14.701
INFO:root:Current lat: 21.3212133
INFO:root:Current lon: (-157.9241621, None)
INFO:root:Relative position to destination: 4.900333333333333,1.0000036637691434, 0.9999993087264266
INFO:root:Current altitude: 13.228
INFO:root:Current lat: 21.3212038
INFO:root:Current lon: (-157.9241762, None)
INFO:root:Relative position to destination: 4.4093333333333335,1.0000032182018732, 0.9999993980097261
INFO:root:Current altitude: 11.742
INFO:root:Current lat: 21.321194
INFO:root:Current lon: (-157.9241899, None)
INFO:root:Relative position to destination: 3.914,1.0000027585640576, 0.9999994847601659
INFO:root:Current altitude: 10.256
INFO:root:Current lat: 21.3211839
INFO:root:Current lon: (-157.9242038, None)
INFO:root:Relative position to destination: 3.4186666666666667,1.0000022848556969, 0.9999995727770356
INFO:root:Current altitude: 8.764
INFO:root:Current lat: 21.3211738
INFO:root:Current lon: (-157.924218, None)
INFO:root:Relative position to destination: 2.921333333333333,1.000001811147336, 0.9999996626935499
INFO:root:Current altitude: 7.271
INFO:root:Current lat: 21.3211636
INFO:root:Current lon: (-157.9242325, None)
INFO:root:Relative position to destination: 2.4236666666666666,1.0000013327487933, 0.9999997545097089
INFO:root:Current altitude: 5.776
INFO:root:Current lat: 21.3211534
INFO:root:Current lon: (-157.924247, None)
INFO:root:Relative position to destination: 1.9253333333333333,1.0000008543502508, 0.999999846325868
INFO:root:Current altitude: 4.319
INFO:root:Current lat: 21.3211432
INFO:root:Current lon: (-157.9242614, None)
INFO:root:Relative position to destination: 1.4396666666666667,1.0000003759517082, 0.9999999375088121
INFO:root:Current altitude: 3.433
INFO:root:Current lat: 21.3211354
INFO:root:Current lon: (-157.9242726, None)
INFO:root:Relative position to destination: 1.1443333333333332,1.0000000101175284, 1.0000000084288796
INFO:root:Current altitude: 3.162
INFO:root:Current lat: 21.3211334
INFO:root:Current lon: (-157.9242757, None)
INFO:root:Relative position to destination: 1.054,0.9999999163138926, 1.0000000280585413
INFO:root:Goto point: 21.3211347, -157.9242736, 0.1, 2.5...
INFO:root:Current altitude: 3.043
INFO:root:Current lat: 21.3211347
INFO:root:Current lon: (-157.9242736, None)
INFO:root:Relative position to destination: 1.2172,1.0, 1.0
INFO:root:Current altitude: 2.854
INFO:root:Current lat: 21.3211339
INFO:root:Current lon: (-157.9242743, None)
INFO:root:Relative position to destination: 1.1416,0.9999999624785447, 1.0000000044325044
INFO:root:Current altitude: 2.619
INFO:root:Current lat: 21.3211333
INFO:root:Current lon: (-157.9242752, None)
INFO:root:Relative position to destination: 1.0476,0.9999999343374534, 1.0000000101314381
INFO:root:Changing device mode from VehicleMode:GUIDED to RTL...
INFO:root:Device mode = VehicleMode:RTL.
INFO:__main__:Disarming device...
INFO:__main__:End of demonstration.
