INFO:__main__:PEX 03 start.
INFO:__main__:Connecting to device...
INFO:autopilot:ArduCopter V4.1.0-dev (26a3a02c)
INFO:autopilot:C22MKUTT
INFO:autopilot:Frame: QUAD
INFO:__main__:Device connected.
INFO:__main__:Looking for mission to execute...
INFO:__main__:Arming device...
INFO:__main__:Switching to GUIDED mode...
INFO:__main__:Waiting for arm...
INFO:autopilot:Arming motors
INFO:__main__:Device armed: True.
INFO:__main__:Device takeoff...
INFO:__main__:Current altitude: 0.008
INFO:__main__:Current altitude: 0.008
INFO:__main__:Current altitude: 0.008
INFO:__main__:Current altitude: 0.031
INFO:__main__:Current altitude: 0.348
INFO:__main__:Current altitude: 1.059
INFO:__main__:Current altitude: 1.934
INFO:__main__:Current altitude: 2.935
INFO:autopilot:EKF2 IMU0 in-flight yaw alignment complete
INFO:autopilot:EKF2 IMU1 in-flight yaw alignment complete
INFO:__main__:Current altitude: 3.995
INFO:__main__:Current altitude: 5.101
INFO:__main__:Current altitude: 6.236
INFO:__main__:Current altitude: 7.403
INFO:__main__:Current altitude: 8.581
INFO:__main__:Current altitude: 9.771
INFO:__main__:Current altitude: 10.972
INFO:__main__:Current altitude: 12.192
INFO:__main__:Current altitude: 13.411
INFO:__main__:Current altitude: 14.631
INFO:__main__:Current altitude: 15.857
INFO:__main__:Current altitude: 17.043
INFO:__main__:Current altitude: 18.079
INFO:__main__:Current altitude: 18.861
INFO:__main__:Current altitude: 19.356
INFO:__main__:Changing device mode from VehicleMode:GUIDED to AUTO...
INFO:autopilot:Mission: 1 Takeoff
INFO:autopilot:Mission: 2 WP
INFO:__main__:Device mode = VehicleMode:AUTO.
INFO:__main__:backing up old images...
INFO:root:Searching for target...
INFO:root:Starting camera feed...
INFO:root:configuring rgb stream.
INFO:root:Starting camera streams...
INFO:root:No target found; continuing search...
INFO:root:No target found; continuing search...
INFO:root:No target found; continuing search...
INFO:root:No target found; continuing search...
INFO:root:No target found; continuing search...
INFO:root:No target found; continuing search...
INFO:root:No target found; continuing search...
INFO:root:No target found; continuing search...
INFO:root:No target found; continuing search...
INFO:root:No target found; continuing search...
INFO:root:No target found; continuing search...
INFO:root:No target found; continuing search...
INFO:root:No target found; continuing search...
INFO:root:No target found; continuing search...
INFO:root:No target found; continuing search...
INFO:root:No target found; continuing search...
INFO:root:No target found; continuing search...
INFO:root:No target found; continuing search...
INFO:root:No target found; continuing search...
INFO:root:No target found; continuing search...
INFO:root:No target found; continuing search...
INFO:root:No target found; continuing search...
INFO:root:No target found; continuing search...
INFO:root:No target found; continuing search...
INFO:root:No target found; continuing search...
INFO:root:No target found; continuing search...
INFO:root:No target found; continuing search...
INFO:root:No target found; continuing search...
INFO:root:No target found; continuing search...
INFO:root:No target found; continuing search...
INFO:root:No target found; continuing search...
INFO:root:No target found; continuing search...
INFO:root:No target found; continuing search...
INFO:root:No target found; continuing search...
INFO:root:No target found; continuing search...
INFO:root:No target found; continuing search...
INFO:root:No target found; continuing search...
INFO:root:No target found; continuing search...
INFO:root:No target found; continuing search...
INFO:root:No target found; continuing search...
INFO:root:No target found; continuing search...
INFO:root:No target found; continuing search...
INFO:root:No target found; continuing search...
INFO:root:No target found; continuing search...
INFO:root:No target found; continuing search...
INFO:root:No target found; continuing search...
INFO:root:No target found; continuing search...
INFO:root:No target found; continuing search...
INFO:root:No target found; continuing search...
INFO:root:No target found; continuing search...
INFO:root:No target found; continuing search...
INFO:root:No target found; continuing search...
INFO:root:No target found; continuing search...
INFO:root:No target found; continuing search...
INFO:root:No target found; continuing search...
INFO:root:No target found; continuing search...
INFO:root:No target found; continuing search...
INFO:root:No target found; continuing search...
INFO:root:No target found; continuing search...
INFO:root:No target found; continuing search...
INFO:root:No target found; continuing search...
INFO:root:No target found; continuing search...
INFO:root:No target found; continuing search...
INFO:root:No target found; continuing search...
INFO:root:No target found; continuing search...
INFO:root:No target found; continuing search...
INFO:root:No target found; continuing search...
INFO:root:No target found; continuing search...
INFO:root:No target found; continuing search...
INFO:root:No target found; continuing search...
INFO:root:No target found; continuing search...
INFO:root:No target found; continuing search...
INFO:root:No target found; continuing search...
INFO:root:No target found; continuing search...
INFO:root:No target found; continuing search...
INFO:root:No target found; continuing search...
INFO:root:No target found; continuing search...
INFO:root:No target found; continuing search...
INFO:root:No target found; continuing search...
INFO:root:No target found; continuing search...
INFO:root:No target found; continuing search...
INFO:root:No target found; continuing search...
INFO:root:No target found; continuing search...
INFO:root:No target found; continuing search...
INFO:root:No target found; continuing search...
INFO:root:No target found; continuing search...
INFO:root:No target found; continuing search...
INFO:root:No target found; continuing search...
INFO:root:No target found; continuing search...
INFO:root:No target found; continuing search...
INFO:root:No target found; continuing search...
INFO:root:No target found; continuing search...
INFO:root:No target found; continuing search...
INFO:root:No target found; continuing search...
INFO:root:No target found; continuing search...
INFO:root:No target found; continuing search...
INFO:root:No target found; continuing search...
INFO:root:No target found; continuing search...
INFO:root:No target found; continuing search...
INFO:root:No target found; continuing search...
INFO:root:No target found; continuing search...
INFO:root:No target found; continuing search...
INFO:root:No target found; continuing search...
INFO:root:No target found; continuing search...
INFO:root:No target found; continuing search...
INFO:root:No target found; continuing search...
INFO:root:No target found; continuing search...
INFO:root:No target found; continuing search...
INFO:root:No target found; continuing search...
INFO:root:No target found; continuing search...
INFO:root:No target found; continuing search...
INFO:root:No target found; continuing search...
INFO:root:No target found; continuing search...
INFO:root:No target found; continuing search...
INFO:root:No target found; continuing search...
INFO:root:No target found; continuing search...
INFO:root:No target found; continuing search...
INFO:root:No target found; continuing search...
INFO:root:No target found; continuing search...
INFO:root:No target found; continuing search...
INFO:root:No target found; continuing search...
INFO:root:No target found; continuing search...
INFO:root:No target found; continuing search...
INFO:root:No target found; continuing search...
INFO:root:No target found; continuing search...
INFO:root:No target found; continuing search...
INFO:root:No target found; continuing search...
INFO:root:No target found; continuing search...
INFO:root:No target found; continuing search...
INFO:root:No target found; continuing search...
INFO:root:No target found; continuing search...
INFO:root:No target found; continuing search...
INFO:root:No target found; continuing search...
INFO:root:No target found; continuing search...
INFO:root:No target found; continuing search...
INFO:root:No target found; continuing search...
INFO:root:No target found; continuing search...
INFO:root:No target found; continuing search...
INFO:root:No target found; continuing search...
INFO:root:No target found; continuing search...
INFO:root:No target found; continuing search...
INFO:root:No target found; continuing search...
INFO:root:No target found; continuing search...
INFO:root:No target found; continuing search...
INFO:root:No target found; continuing search...
INFO:root:No target found; continuing search...
INFO:root:No target found; continuing search...
INFO:root:No target found; continuing search...
INFO:root:No target found; continuing search...
INFO:root:No target found; continuing search...
INFO:root:No target found; continuing search...
INFO:root:No target found; continuing search...
INFO:root:No target found; continuing search...
INFO:root:No target found; continuing search...
INFO:root:No target found; continuing search...
INFO:root:No target found; continuing search...
INFO:root:No target found; continuing search...
INFO:root:No target found; continuing search...
INFO:root:No target found; continuing search...
INFO:root:No target found; continuing search...
INFO:root:No target found; continuing search...
INFO:root:No target found; continuing search...
INFO:root:No target found; continuing search...
INFO:root:No target found; continuing search...
INFO:root:No target found; continuing search...
INFO:root:No target found; continuing search...
INFO:root:No target found; continuing search...
INFO:root:No target found; continuing search...
INFO:root:No target found; continuing search...
INFO:root:No target found; continuing search...
INFO:root:No target found; continuing search...
INFO:root:No target found; continuing search...
INFO:root:No target found; continuing search...
INFO:root:No target found; continuing search...
INFO:root:No target found; continuing search...
INFO:root:No target found; continuing search...
INFO:root:No target found; continuing search...
INFO:root:No target found; continuing search...
INFO:root:No target found; continuing search...
INFO:root:No target found; continuing search...
INFO:root:No target found; continuing search...
INFO:root:No target found; continuing search...
INFO:root:No target found; continuing search...
INFO:root:No target found; continuing search...
INFO:root:No target found; continuing search...
INFO:root:No target found; continuing search...
INFO:root:No target found; continuing search...
INFO:root:No target found; continuing search...
INFO:root:No target found; continuing search...
INFO:root:No target found; continuing search...
INFO:root:No target found; continuing search...
INFO:root:No target found; continuing search...
INFO:root:No target found; continuing search...
INFO:root:No target found; continuing search...
INFO:root:No target found; continuing search...
INFO:root:No target found; continuing search...
INFO:root:No target found; continuing search...
INFO:root:No target found; continuing search...
INFO:root:No target found; continuing search...
INFO:root:No target found; continuing search...
INFO:root:No target found; continuing search...
INFO:root:No target found; continuing search...
INFO:root:No target found; continuing search...
INFO:root:No target found; continuing search...
INFO:root:No target found; continuing search...
INFO:root:No target found; continuing search...
INFO:root:No target found; continuing search...
INFO:root:No target found; continuing search...
INFO:root:No target found; continuing search...
INFO:root:No target found; continuing search...
INFO:root:No target found; continuing search...
INFO:root:No target found; continuing search...
INFO:root:No target found; continuing search...
INFO:root:No target found; continuing search...
INFO:root:No target found; continuing search...
INFO:root:No target found; continuing search...
INFO:root:No target found; continuing search...
INFO:root:No target found; continuing search...
