INFO:__main__:PEX 03 start.
INFO:__main__:Connecting to device...
INFO:autopilot:ArduCopter V4.1.0-dev (428c9ef0)
INFO:autopilot:a3d9197b765643568af09eb2bd3e5ce7
INFO:autopilot:Frame: QUAD
INFO:__main__:Device connected.
INFO:root:Device version: APM:Copter-None.None.NoneUnknownReleaseType, log=
INFO:__main__:Looking for mission to execute...
INFO:__main__:Arming device...
INFO:__main__:Switching to GUIDED mode...
INFO:__main__:Waiting for arm...
INFO:autopilot:Arming motors
INFO:__main__:Device armed: True.
INFO:__main__:Device takeoff...
INFO:__main__:Current altitude: 0.008
INFO:__main__:Current altitude: 0.008
INFO:__main__:Current altitude: 0.008
INFO:__main__:Current altitude: 0.019
INFO:__main__:Current altitude: 0.511
INFO:__main__:Current altitude: 0.965
INFO:__main__:Current altitude: 2.133
INFO:autopilot:EKF2 IMU0 in-flight yaw alignment complete
INFO:autopilot:EKF2 IMU1 in-flight yaw alignment complete
INFO:__main__:Current altitude: 2.796
INFO:__main__:Current altitude: 4.215
INFO:__main__:Current altitude: 4.952
INFO:__main__:Current altitude: 6.464
INFO:__main__:Current altitude: 7.241
INFO:__main__:Current altitude: 8.806
INFO:__main__:Current altitude: 9.599
INFO:__main__:Current altitude: 11.205
INFO:__main__:Current altitude: 12.008
INFO:__main__:Current altitude: 13.301
INFO:__main__:Current altitude: 14.531
INFO:__main__:Current altitude: 15.751
INFO:__main__:Current altitude: 16.937
INFO:__main__:Current altitude: 17.985
INFO:__main__:Current altitude: 18.794
INFO:__main__:Changing device mode from VehicleMode:GUIDED to AUTO...
INFO:autopilot:Mission: 1 WP
INFO:__main__:Device mode = VehicleMode:AUTO.
INFO:__main__:backing up old images...
INFO:root:Searching for target...
INFO:autopilot:Reached command #1
INFO:autopilot:Mission: 2 WP
INFO:autopilot:Reached command #2
INFO:autopilot:Mission: 3 WP
INFO:root:Changing device mode from VehicleMode:AUTO to GUIDED...
INFO:root:Device mode = VehicleMode:GUIDED.
INFO:__main__:Goto point: 21.3210223, -157.9240687, 1, 10.001...
INFO:__main__:Current altitude: 10.002
INFO:__main__:Current lat: 21.321034
INFO:root:Current lon: (-157.9240992, <Logger __main__ (DEBUG)>)
INFO:__main__:Relative position to destination: 1.000099990001,1.000000548754175, 1.0000001931307891
INFO:__main__:Program exception: ['Traceback (most recent call last):\n', '  File "/home/usafa/PycharmProjects/USAFA/PEX3-COMP495/mission.py", line 744, in <module>\n    conduct_mission()\n', '  File "/home/usafa/PycharmProjects/USAFA/PEX3-COMP495/mission.py", line 657, in conduct_mission\n    determine_drone_actions((last_lat, last_lon), frm_display, target_sightings, x, y, radius)\n', '  File "/home/usafa/PycharmProjects/USAFA/PEX3-COMP495/mission.py", line 686, in determine_drone_actions\n    new_lat, new_lon = get_new_lat_lon(last_obj_lat, last_obj_lon, last_obj_heading, distance)\n', '  File "/home/usafa/PycharmProjects/USAFA/PEX3-COMP495/mission.py", line 142, in get_new_lat_lon\n    heading = heading*(math.pi/180)\n', "TypeError: unsupported operand type(s) for *: 'NoneType' and 'float'\n"]
