INFO:__main__:PEX 03 start.
INFO:__main__:Connecting to device...
INFO:autopilot:ArduCopter V4.1.0-dev (428c9ef0)
INFO:autopilot:a3d9197b765643568af09eb2bd3e5ce7
INFO:autopilot:Frame: QUAD
INFO:__main__:Device connected.
INFO:root:Device version: APM:Copter-None.None.NoneUnknownReleaseType, log=
INFO:__main__:Looking for mission to execute...
INFO:__main__:Arming device...
INFO:__main__:Device armed: True.
INFO:__main__:Device takeoff...
INFO:__main__:Current altitude: 27.645
INFO:__main__:Changing device mode from VehicleMode:GUIDED to AUTO...
INFO:autopilot:Mission: 2 WP
INFO:__main__:Device mode = VehicleMode:AUTO.
INFO:__main__:backing up old images...
INFO:root:Searching for target...
INFO:root:Changing device mode from VehicleMode:AUTO to GUIDED...
INFO:root:Device mode = VehicleMode:GUIDED.
INFO:__main__:Goto point: 21.3212768, -157.9239141, 1, 27.301...
INFO:__main__:Current altitude: 27.166
INFO:__main__:Current lat: 21.3212574
INFO:root:Current lon: (-157.9239295, <Logger __main__ (DEBUG)>)
INFO:__main__:Relative position to destination: 0.9950551261858541,0.9999990901107761, 1.0000000975153136
INFO:root:Changing device mode from VehicleMode:GUIDED to AUTO...
INFO:autopilot:Mission: 2 WP
INFO:root:Device mode = VehicleMode:AUTO.
INFO:root:Changing device mode from VehicleMode:AUTO to GUIDED...
INFO:root:Device mode = VehicleMode:GUIDED.
INFO:__main__:Goto point: 21.3212604, -157.9237289, 1, 27.12...
INFO:__main__:Current altitude: 27.114
INFO:__main__:Current lat: 21.321258
INFO:root:Current lon: (-157.923741, <Logger __main__ (DEBUG)>)
INFO:__main__:Relative position to destination: 0.9997787610619469,0.9999998874362981, 1.000000076619265
INFO:root:Changing device mode from VehicleMode:GUIDED to AUTO...
INFO:autopilot:Mission: 2 WP
INFO:root:Device mode = VehicleMode:AUTO.
INFO:root:Changing device mode from VehicleMode:AUTO to GUIDED...
INFO:root:Device mode = VehicleMode:GUIDED.
INFO:__main__:Goto point: 21.32125, -157.9237692, 1, 27.113...
INFO:__main__:Current altitude: 27.107
INFO:__main__:Current lat: 21.3212494
INFO:root:Current lon: (-157.9237705, <Logger __main__ (DEBUG)>)
INFO:__main__:Relative position to destination: 0.999778703942758,0.9999999718590608, 1.0000000082318197
INFO:root:Changing device mode from VehicleMode:GUIDED to AUTO...
INFO:autopilot:Mission: 2 WP
INFO:root:Device mode = VehicleMode:AUTO.
INFO:root:Changing device mode from VehicleMode:AUTO to GUIDED...
INFO:root:Device mode = VehicleMode:GUIDED.
INFO:__main__:Goto point: 21.3212428, -157.9237805, 1, 27.102...
INFO:__main__:Current altitude: 27.1
INFO:__main__:Current lat: 21.3212425
INFO:root:Current lon: (-157.9237852, <Logger __main__ (DEBUG)>)
INFO:__main__:Relative position to destination: 0.9999262047081396,0.9999999859295257, 1.0000000297611924
INFO:root:Changing device mode from VehicleMode:GUIDED to AUTO...
INFO:autopilot:Mission: 2 WP
INFO:root:Device mode = VehicleMode:AUTO.
INFO:root:Changing device mode from VehicleMode:AUTO to GUIDED...
INFO:root:Device mode = VehicleMode:GUIDED.
INFO:__main__:Goto point: 21.3212359, -157.9238033, 1, 27.095...
INFO:__main__:Current altitude: 27.091
INFO:__main__:Current lat: 21.3212355
INFO:root:Current lon: (-157.9238111, <Logger __main__ (DEBUG)>)
INFO:__main__:Relative position to destination: 0.9998523712862153,0.9999999812393614, 1.0000000493909076
INFO:root:Changing device mode from VehicleMode:GUIDED to AUTO...
INFO:autopilot:Mission: 2 WP
INFO:root:Device mode = VehicleMode:AUTO.
INFO:root:Changing device mode from VehicleMode:AUTO to GUIDED...
INFO:root:Device mode = VehicleMode:GUIDED.
INFO:__main__:Goto point: 21.3212342, -157.9238329, 1, 27.088...
INFO:__main__:Current altitude: 27.086
INFO:__main__:Current lat: 21.3212328
INFO:root:Current lon: (-157.9238358, <Logger __main__ (DEBUG)>)
INFO:__main__:Relative position to destination: 0.999926166568222,0.9999999343377599, 1.0000000183632827
INFO:root:Changing device mode from VehicleMode:GUIDED to AUTO...
INFO:autopilot:Mission: 2 WP
INFO:root:Device mode = VehicleMode:AUTO.
INFO:root:Changing device mode from VehicleMode:AUTO to GUIDED...
INFO:root:Device mode = VehicleMode:GUIDED.
INFO:__main__:Goto point: 21.321228, -157.9238454, 1, 27.087...
INFO:__main__:Current altitude: 27.085
INFO:__main__:Current lat: 21.3212261
INFO:root:Current lon: (-157.9238518, <Logger __main__ (DEBUG)>)
INFO:__main__:Relative position to destination: 0.9999261638424337,0.9999999108869339, 1.0000000405258622
INFO:root:Changing device mode from VehicleMode:GUIDED to AUTO...
INFO:autopilot:Mission: 2 WP
INFO:root:Device mode = VehicleMode:AUTO.
INFO:root:Changing device mode from VehicleMode:AUTO to GUIDED...
INFO:root:Device mode = VehicleMode:GUIDED.
INFO:__main__:Goto point: 21.3212335, -157.9238818, 1, 27.069...
INFO:__main__:Current altitude: 27.06
INFO:__main__:Current lat: 21.3212311
INFO:root:Current lon: (-157.9238924, <Logger __main__ (DEBUG)>)
INFO:__main__:Relative position to destination: 0.9996675163471129,0.999999887436156, 1.000000067120944
INFO:root:Changing device mode from VehicleMode:GUIDED to AUTO...
INFO:autopilot:Mission: 2 WP
INFO:root:Device mode = VehicleMode:AUTO.
INFO:root:Changing device mode from VehicleMode:AUTO to GUIDED...
INFO:root:Device mode = VehicleMode:GUIDED.
INFO:__main__:Goto point: 21.3212242, -157.9239191, 1, 27.057...
INFO:__main__:Current altitude: 27.045
INFO:__main__:Current lat: 21.3212177
INFO:root:Current lon: (-157.9239342, <Logger __main__ (DEBUG)>)
INFO:__main__:Relative position to destination: 0.9995564918505379,0.9999996951394563, 1.0000000956156614
INFO:root:Changing device mode from VehicleMode:GUIDED to AUTO...
INFO:autopilot:Mission: 2 WP
INFO:root:Device mode = VehicleMode:AUTO.
INFO:root:Changing device mode from VehicleMode:AUTO to GUIDED...
INFO:root:Device mode = VehicleMode:GUIDED.
INFO:__main__:Goto point: 21.3212132, -157.9239513, 1, 27.039...
INFO:__main__:Current altitude: 27.03
INFO:__main__:Current lat: 21.3212119
INFO:root:Current lon: (-157.9239546, <Logger __main__ (DEBUG)>)
INFO:__main__:Relative position to destination: 0.999667147453678,0.99999993902786, 1.0000000208961337
