INFO:__main__:PEX 03 start.
INFO:__main__:Connecting to device...
INFO:autopilot:ArduCopter V4.1.0-dev (428c9ef0)
INFO:autopilot:a3d9197b765643568af09eb2bd3e5ce7
INFO:autopilot:Frame: QUAD
INFO:__main__:Device connected.
INFO:root:Device version: APM:Copter-None.None.NoneUnknownReleaseType, log=
INFO:__main__:Looking for mission to execute...
INFO:__main__:Arming device...
INFO:__main__:Switching to GUIDED mode...
INFO:__main__:Waiting for arm...
INFO:autopilot:Arming motors
INFO:__main__:Device armed: True.
INFO:__main__:Device takeoff...
INFO:__main__:Current altitude: 0.0
INFO:__main__:Current altitude: 0.0
INFO:__main__:Current altitude: 0.0
INFO:__main__:Current altitude: 0.0
INFO:__main__:Current altitude: 0.303
INFO:__main__:Current altitude: 0.754
INFO:__main__:Current altitude: 1.855
INFO:autopilot:EKF2 IMU0 in-flight yaw alignment complete
INFO:autopilot:EKF2 IMU1 in-flight yaw alignment complete
INFO:__main__:Current altitude: 2.502
INFO:__main__:Current altitude: 3.897
INFO:__main__:Current altitude: 4.627
INFO:__main__:Current altitude: 6.132
INFO:__main__:Current altitude: 6.901
INFO:__main__:Current altitude: 8.461
INFO:__main__:Current altitude: 9.251
INFO:__main__:Current altitude: 10.848
INFO:__main__:Current altitude: 11.652
INFO:__main__:Current altitude: 13.268
INFO:__main__:Current altitude: 14.086
INFO:__main__:Current altitude: 15.712
INFO:__main__:Current altitude: 17.275
INFO:__main__:Current altitude: 17.958
INFO:__main__:Current altitude: 18.976
INFO:__main__:Changing device mode from VehicleMode:GUIDED to AUTO...
INFO:autopilot:Mission: 1 WP
INFO:__main__:Device mode = VehicleMode:AUTO.
INFO:__main__:backing up old images...
INFO:root:Searching for target...
INFO:root:Starting camera feed...
INFO:autopilot:Reached command #1
INFO:autopilot:Mission: 2 WP
