INFO:__main__:PEX 03 start.
INFO:__main__:Connecting to device...
INFO:autopilot:ArduCopter V4.1.0-dev (428c9ef0)
INFO:autopilot:a3d9197b765643568af09eb2bd3e5ce7
INFO:autopilot:Frame: QUAD
INFO:__main__:Device connected.
INFO:root:Device version: APM:Copter-None.None.NoneUnknownReleaseType, log=
INFO:__main__:Looking for mission to execute...
INFO:__main__:Arming device...
INFO:__main__:Switching to GUIDED mode...
INFO:__main__:Waiting for arm...
INFO:autopilot:Arming motors
INFO:__main__:Device armed: True.
INFO:__main__:Device takeoff...
INFO:__main__:Current altitude: 0.004
INFO:__main__:Current altitude: 0.005
INFO:__main__:Current altitude: 0.005
INFO:__main__:Current altitude: 0.014
INFO:__main__:Current altitude: 0.261
INFO:__main__:Current altitude: 0.938
INFO:__main__:Current altitude: 1.339
INFO:autopilot:EKF2 IMU0 in-flight yaw alignment complete
INFO:autopilot:EKF2 IMU1 in-flight yaw alignment complete
INFO:__main__:Current altitude: 2.949
INFO:__main__:Current altitude: 3.651
INFO:__main__:Current altitude: 5.115
INFO:__main__:Current altitude: 5.869
INFO:__main__:Current altitude: 7.41
INFO:__main__:Current altitude: 8.188
INFO:__main__:Current altitude: 9.776
INFO:__main__:Current altitude: 10.574
INFO:__main__:Current altitude: 12.183
INFO:__main__:Current altitude: 12.991
INFO:__main__:Current altitude: 14.621
INFO:__main__:Current altitude: 15.435
INFO:__main__:Current altitude: 17.019
INFO:__main__:Current altitude: 17.896
INFO:__main__:Current altitude: 18.73
INFO:__main__:Changing device mode from VehicleMode:GUIDED to AUTO...
INFO:autopilot:Mission: 1 WP
INFO:__main__:Device mode = VehicleMode:AUTO.
INFO:__main__:backing up old images...
INFO:root:Searching for target...
INFO:root:Changing device mode from VehicleMode:AUTO to GUIDED...
INFO:root:Device mode = VehicleMode:GUIDED.
INFO:__main__:Goto point: 21.3212434, -157.9241163, 1, 19.892...
INFO:__main__:Current altitude: 19.766
INFO:__main__:Current lat: 21.321247
INFO:root:Current lon: (-157.9241107, <Logger __main__ (DEBUG)>)
INFO:__main__:Relative position to destination: 0.9936657952945908,1.0000001688456874, 0.9999999645399313
INFO:root:Goto point: 21.321090546229783, -157.9243032116599, 0.2, 5...
INFO:root:Current altitude: 19.706
INFO:root:Current lat: 21.3212151
INFO:root:Current lon: (-157.9241381, None)
INFO:root:Relative position to destination: 3.9412,1.000005841810481, 0.9999989544885965
INFO:root:Current altitude: 19.63
INFO:root:Current lat: 21.3212148
INFO:root:Current lon: (-157.9241382, None)
INFO:root:Relative position to destination: 3.9259999999999997,1.000005827739906, 0.9999989551218113
INFO:root:Current altitude: 19.239
INFO:root:Current lat: 21.3212127
INFO:root:Current lon: (-157.924141, None)
INFO:root:Relative position to destination: 3.8478000000000003,1.0000057292458822, 0.9999989728518246
INFO:root:Current altitude: 17.944
INFO:root:Current lat: 21.3212033
INFO:root:Current lon: (-157.9241542, None)
INFO:root:Relative position to destination: 3.5888,1.000005288367871, 0.9999990564361732
INFO:root:Current altitude: 16.589
INFO:root:Current lat: 21.3211917
INFO:root:Current lon: (-157.9241699, None)
INFO:root:Relative position to destination: 3.3177999999999996,1.0000047443056441, 0.9999991558508908
INFO:root:Current altitude: 15.185
INFO:root:Current lat: 21.3211792
INFO:root:Current lon: (-157.924186, None)
INFO:root:Relative position to destination: 3.037,1.0000041580316927, 0.9999992577984673
INFO:root:Current altitude: 13.76
INFO:root:Current lat: 21.3211669
INFO:root:Current lon: (-157.9242014, None)
INFO:root:Relative position to destination: 2.752,1.000003581138125, 0.9999993553135406
INFO:root:Current altitude: 12.355
INFO:root:Current lat: 21.3211553
INFO:root:Current lon: (-157.9242163, None)
INFO:root:Relative position to destination: 2.471,1.000003037075898, 0.9999994496625402
INFO:root:Current altitude: 10.984
INFO:root:Current lat: 21.3211442
INFO:root:Current lon: (-157.924231, None)
INFO:root:Relative position to destination: 2.1968,1.0000025164646291, 0.9999995427451099
INFO:root:Current altitude: 9.635
INFO:root:Current lat: 21.3211334
INFO:root:Current lon: (-157.9242457, None)
INFO:root:Relative position to destination: 1.927,1.0000020099239355, 0.9999996358276799
INFO:root:Current altitude: 8.304
INFO:root:Current lat: 21.3211224
INFO:root:Current lon: (-157.9242604, None)
INFO:root:Relative position to destination: 1.6608,1.0000014940028583, 0.99999972891025
INFO:root:Current altitude: 6.976
INFO:root:Current lat: 21.3211113
INFO:root:Current lon: (-157.9242751, None)
INFO:root:Relative position to destination: 1.3952,1.0000009733915893, 0.9999998219928198
INFO:root:Current altitude: 5.789
INFO:root:Current lat: 21.3211004
INFO:root:Current lon: (-157.9242894, None)
INFO:root:Relative position to destination: 1.1578,1.000000462160704, 0.9999999125425307
INFO:root:Current altitude: 5.265
INFO:root:Current lat: 21.3210931
INFO:root:Current lon: (-157.9242988, None)
INFO:root:Relative position to destination: 1.053,1.0000001197767163, 0.9999999720647184
INFO:root:Changing device mode from VehicleMode:GUIDED to RTL...
INFO:root:Device mode = VehicleMode:RTL.
INFO:__main__:Disarming device...
INFO:__main__:End of demonstration.
