INFO:__main__:PEX 03 start.
INFO:__main__:Connecting to device...
INFO:autopilot:ArduCopter V4.1.0-dev (428c9ef0)
INFO:autopilot:a3d9197b765643568af09eb2bd3e5ce7
INFO:autopilot:Frame: QUAD
INFO:__main__:Device connected.
INFO:root:Device version: APM:Copter-None.None.NoneUnknownReleaseType, log=
INFO:__main__:Looking for mission to execute...
INFO:__main__:Arming device...
INFO:__main__:Switching to GUIDED mode...
INFO:__main__:Waiting for arm...
INFO:autopilot:Arming motors
INFO:__main__:Device armed: True.
INFO:__main__:Device takeoff...
INFO:__main__:Current altitude: 0.009
INFO:__main__:Current altitude: 0.009
INFO:__main__:Current altitude: 0.008
INFO:__main__:Current altitude: 0.016
INFO:__main__:Current altitude: 0.474
INFO:__main__:Current altitude: 0.924
INFO:__main__:Current altitude: 2.078
INFO:autopilot:EKF2 IMU0 in-flight yaw alignment complete
INFO:autopilot:EKF2 IMU1 in-flight yaw alignment complete
INFO:__main__:Current altitude: 2.746
INFO:__main__:Current altitude: 3.441
INFO:__main__:Current altitude: 4.958
INFO:__main__:Current altitude: 6.09
INFO:__main__:Current altitude: 7.25
INFO:__main__:Current altitude: 8.423
INFO:__main__:Current altitude: 9.495
INFO:__main__:Current altitude: 11.096
INFO:__main__:Current altitude: 11.9
INFO:__main__:Current altitude: 13.52
INFO:__main__:Current altitude: 14.336
INFO:__main__:Current altitude: 15.969
INFO:__main__:Current altitude: 16.757
INFO:__main__:Current altitude: 18.152
INFO:__main__:Changing device mode from VehicleMode:GUIDED to AUTO...
INFO:autopilot:Mission: 1 WP
INFO:__main__:Device mode = VehicleMode:AUTO.
INFO:__main__:backing up old images...
INFO:root:Searching for target...
INFO:root:Starting camera feed...
INFO:__main__:Program exception: ['Traceback (most recent call last):\n', '  File "/home/usafa/PycharmProjects/USAFA/PEX3-COMP495/mission.py", line 611, in <module>\n    conduct_mission()\n', '  File "/home/usafa/PycharmProjects/USAFA/PEX3-COMP495/mission.py", line 444, in conduct_mission\n    cv2.imshow()\n', "TypeError: Required argument 'winname' (pos 1) not found\n"]
